-------------------------------------------------------------------
You may only use the C/C++ Extension for Visual Studio Code
with Visual Studio Code, Visual Studio or Visual Studio for Mac
software to help you develop and test your applications.
-------------------------------------------------------------------
NetUI BinaryReader - Error : ElementListener not found: GalleryRefreshButtonInputHandler
onecoreuap\base\appmodel\search\structuredquery\schemaengine\schemaengine.cpp(3058)\StructuredQuery.dll!00007FFEC128326E: (caller: 00007FFEC1264FF2) ReturnHr(2) tid(6214) 8000FFFF Catastrophic failure
    CallContext:[\SchemaBinaryLoadBinary]
onecoreuap\base\appmodel\search\structuredquery\schemaengine\schemaengine.cpp(3058)\StructuredQuery.dll!00007FFEC128326E: (caller: 00007FFEC1264FF2) ReturnHr(1) tid(4d24) 8000FFFF Catastrophic failure
    CallContext:[\SchemaBinaryLoadBinary]
onecoreuap\shell\propsys\memorymappedcache\version.cpp(210)\PROPSYS.dll!00007FFEE8C09637: (caller: 00007FFEE8BCD9E7) ReturnHr(1) tid(6214) 80070490 Element not found.
onecoreuap\shell\propsys\memorymappedcache\version.cpp(210)\PROPSYS.dll!00007FFEE8C09637: (caller: 00007FFEE8BCD9E7) ReturnHr(2) tid(4d24) 80070490 Element not found.
onecoreuap\shell\propsys\memorymappedcache\version.cpp(210)\PROPSYS.dll!00007FFEE8C09637: (caller: 00007FFEE8BCD9E7) ReturnHr(3) tid(4d24) 80070490 Element not found.
ReactNative ['sdx_collabml.app'] (warning): 'Require cycle: ..\..\..\node_modules\@ms\oteljs\dist-cjs\index.js -> ..\..\..\node_modules\@ms\oteljs\dist-cjs\EventFlagFiller.js -> ..\..\..\node_modules\@ms\oteljs\dist-cjs\index.js

Require cycles are allowed, but can result in uninitialized values. Consider refactoring to remove the need for a cycle.'
ReactNative ['sdx_collabml.app'] (warning): 'Require cycle: ..\..\..\node_modules\@ms\oteljs\dist-cjs\index.js -> ..\..\..\node_modules\@ms\oteljs\dist-cjs\SimpleTelemetryLogger.js -> ..\..\..\node_modules\@ms\oteljs\dist-cjs\index.js

Require cycles are allowed, but can result in uninitialized values. Consider refactoring to remove the need for a cycle.'
NetUI BinaryReader - Error : ElementListener not found: GalleryRefreshButtonInputHandler
MsoMakeFindFile: Thread 25412 never called DLL_THREAD_ATTACH on MSO97, assigning 0000000000000000 as context
MsoMakeFindFile: Thread 25412 never called DLL_THREAD_ATTACH on MSO97, assigning 0000000000000000 as context
*** ASSERT FAILED: Input parameter LanguagesBuffer for function RtlSetThreadPreferredUILanguages is not a valid multi-string!
mincore\com\oleaut32\dispatch\ups.cpp(2126)\OLEAUT32.dll!00007FFEF0B3469C: (caller: 00007FFEF0B3498A) ReturnHr(1) tid(6344) 8002801D Library not registered.
onecore\vm\dv\storage\plan9\rdr\dll\util.cpp(99)\p9np.dll!00007FFEBC18F0CC: (caller: 00007FFEBC1893B0) LogHr(1) tid(52dc) C0000034     Msg:[瑎牃慥整楆敬☨敤楶散‬奓䍎剈乏婉ⱅ☠瑡牴扩瑵獥‬椦卯慴畴ⱳ渠汵灬牴‬䥆䕌䅟呔䥒啂䕔也剏䅍ⱌ⠠䥆䕌卟䅈䕒剟䅅⁄⁼䥆䕌卟䅈䕒坟䥒䕔簠䘠䱉彅䡓剁彅䕄䕌䕔Ⱙ䘠䱉彅偏久‬䥆䕌卟乙䡃佒低单䥟彏低䅎䕌呒‬畮汬瑰Ⱳ〠)]
onecore\com\combase\dcomrem\security.cxx(2999)\combase.dll!00007FFEF1BC505E: (caller: 00007FFEC9AFF80A) ReturnHr(1) tid(331c) 80010117 Call context cannot be accessed after call completed.
onecore\com\combase\dcomrem\security.cxx(2999)\combase.dll!00007FFEF1BC505E: (caller: 00007FFEC9AFF80A) ReturnHr(2) tid(331c) 80010117 Call context cannot be accessed after call completed.
onecore\com\combase\objact\objact.cxx(4070)\combase.dll!00007FFEF1B75175: (caller: 00007FFEF1B7CEBA) ReturnHr(3) tid(1db4) 80040154 Class not registered
onecore\com\combase\objact\objact.cxx(4070)\combase.dll!00007FFEF1B75175: (caller: 00007FFEF1B7CEBA) ReturnHr(4) tid(1db4) 80040154 Class not registered
onecore\com\combase\objact\objact.cxx(4070)\combase.dll!00007FFEF1B75175: (caller: 00007FFEF1B7CEBA) ReturnHr(5) tid(1db4) 80040154 Class not registered
BJS - [13:04:33]: Babylon Native (v5.35.1) launched

--------------------------------------------------------------------------------------------------------------------------------------------------------------------------------

[trc] 00:00:00.0004:  0x45ac -- Gfx::Model3DScene::Model3DScene C:\office\src\gfx\model3d\model3dscene.cpp(226) ...
    this = 0x000001DE5EE5B7A0

[trc] 00:00:03.0166:  0x6344 -- Gfx::Model3DRenderer::Model3DRenderer C:\office\src\gfx\model3d\model3drenderer.cpp(472) ...
    this = 0x000001DE5CC8FAC0
    scene = 0x000001DE5EE5B7A0
    renderMode = RasterizeE2o

[trc] 00:00:03.0176:  0x6344 -- Gfx::Model3DRenderer::Render C:\office\src\gfx\model3d\model3drenderer_win.cpp(173) ...
Unable to start IDXGraphicsAnalysis
DEBUG: init texture size = [1280, 853]

    renderer = 0x000001DE5CC8FAC0

--------------------------------------------------------------------------------------------------------------------------------------------------------------------------------

[trc] 00:00:00.0003:  0x6344 -- OSpectre::Babylon::Renderer::Render C:\office\src\graphics\spectre\babylon_renderer.cpp(165) ...
    this = 0x000001DE57B56B30
    viewport: xy = [0, 0], size = [1280, 853]
    cameraTransform = {
       projection type = Perspective
       position    = [0, 0, 1.58622]
       target      = [0, 0, 0]
       up vector   = [0, 1, 0]
       fov degrees = 45
       near clip   = 0.973138
       far clip    = 2.19931
    fClipped = true
    viewportWidth = 1280
    viewportHeight = 853
    fov degs = 45
    fov = 0.785398
camera mode = 0, position = {X: 0 Y: 0 Z: 1.5862231254577637}, target = {X: 0 Y: 0 Z: 0}, upVector = {X: 0 Y: 1 Z: 0}, fov = 0.785398
ReactNative ['sdx_collabml.app'] (warning): '`new NativeEventEmitter()` was called with a non-null argument without the required `addListener` method.'
ReactNative ['sdx_collabml.app'] (warning): '`new NativeEventEmitter()` was called with a non-null argument without the required `removeListeners` method.'

--------------------------------------------------------------------------------------------------------------------------------------------------------------------------------

[trc] 00:00:07.0770:  0x6344 -- Gfx::Model3DRenderer::~Model3DRenderer C:\office\src\gfx\model3d\model3drenderer_win.cpp(74) ...
    this = 0x000001DE5CC8FAC0
    renderMode = RasterizeE2o

[trc] 00:00:08.0463:  0x6344 -- Gfx::Model3DRenderer::Model3DRenderer C:\office\src\gfx\model3d\model3drenderer.cpp(472) ...
    this = 0x000001DE79F4C170
    scene = 0x000001DE5EE5B7A0
    renderMode = RasterizeE2o

[trc] 00:00:08.0479:  0x6344 -- Gfx::Model3DRenderer::Render C:\office\src\gfx\model3d\model3drenderer_win.cpp(173) ...

DEBUG: init texture size = [447, 474]

    renderer = 0x000001DE79F4C170

--------------------------------------------------------------------------------------------------------------------------------------------------------------------------------

[trc] 00:00:05.0187:  0x6344 -- OSpectre::Babylon::Renderer::Render C:\office\src\graphics\spectre\babylon_renderer.cpp(165) ...
    this = 0x000001DE58047390
    viewport: xy = [-203.167, -189.667], size = [853.333, 853.333]
    cameraTransform = {
       projection type = Perspective
       position    = [0, 0, 1.58622]
       target      = [0, 0, 0]
       up vector   = [0, 1, 0]
       fov degrees = 45
       near clip   = 0.973138
       far clip    = 2.19931
    fClipped = true
    viewportWidth = 853.333
    viewportHeight = 853.333
    fov degs = 45
    fov = 0.785398
camera mode = 0, position = {X: 0 Y: 0 Z: 1.5862231254577637}, target = {X: 0 Y: 0 Z: 0}, upVector = {X: 0 Y: 1 Z: 0}, fov = 0.785398

[trc] 00:00:08.0635:  0x6344 -- Gfx::Model3DRenderer::~Model3DRenderer C:\office\src\gfx\model3d\model3drenderer_win.cpp(74) ...
    this = 0x000001DE79F4C170
    renderMode = RasterizeE2o

[trc] 00:00:08.0668:  0x6344 -- Gfx::Model3DScene::~Model3DScene C:\office\src\gfx\model3d\Model3D.h(49) ...
    this = 0x000001DE5EE5B7A0

[trc] 00:00:08.0785:  0x6344 -- Gfx::Model3DScene::Model3DScene C:\office\src\gfx\model3d\model3dscene.cpp(226) ...
    this = 0x000001DE797629A0
DEBUG: Encode Base64
DEBUG: ImportMesh
DEBUG: animationGroups.length = 3
DEBUG: onSuccess

--------------------------------------------------------------------------------------------------------------------------------------------------------------------------------

[trc] 00:00:10.0710:  0x6344 -- Gfx::Model3DRenderer::Model3DRenderer C:\office\src\gfx\model3d\model3drenderer.cpp(472) ...
    this = 0x000001DE70DF0590
    scene = 0x000001DE797629A0
    renderMode = Play3DAnimation

[trc] 00:00:10.0718:  0x6344 -- Gfx::Model3DRenderer::Render C:\office\src\gfx\model3d\model3drenderer_win.cpp(173) ...

DEBUG: init texture size = [480, 480]

    renderer = 0x000001DE70DF0590

--------------------------------------------------------------------------------------------------------------------------------------------------------------------------------

[trc] 00:00:07.0470:  0x6344 -- OSpectre::Babylon::Renderer::Render C:\office\src\graphics\spectre\babylon_renderer.cpp(165) ...
    this = 0x000001DE58041A20
    viewport: xy = [0.833333, 0.833333], size = [480, 480]
    cameraTransform = {
       projection type = Perspective
       position    = [0, 0, 1.58622]
       target      = [0, 0, 0]
       up vector   = [0, 1, 0]
       fov degrees = 45
       near clip   = 0.973138
       far clip    = 2.19931
    fClipped = false
    viewportWidth = 481.667
    viewportHeight = 481.667
    fov degs = 45.1406
    fov = 0.787852
camera mode = 0, position = {X: 0 Y: 0 Z: 1.5862231254577637}, target = {X: 0 Y: 0 Z: 0}, upVector = {X: 0 Y: 1 Z: 0}, fov = 0.785398

[trc] 00:00:11.0088:  0x6344 -- Gfx::Model3DRenderer::Model3DRenderer C:\office\src\gfx\model3d\model3drenderer.cpp(472) ...
    this = 0x000001DE79F4B270
    scene = 0x000001DE797629A0
    renderMode = GalleryThumbnail

[trc] 00:00:11.0097:  0x6344 -- Gfx::Model3DRenderer::Render C:\office\src\gfx\model3d\model3drenderer_win.cpp(173) ...

DEBUG: init texture size = [192, 144]

    renderer = 0x000001DE79F4B270

[trc] 00:00:07.0829:  0x6344 -- OSpectre::Babylon::Renderer::Render C:\office\src\graphics\spectre\babylon_renderer.cpp(165) ...
    this = 0x000001DE580420E0
    viewport: xy = [0, 0], size = [192, 144]
    cameraTransform = {
       projection type = Perspective
       position    = [0, 0, 1.58622]
       target      = [0, 0, 0]
       up vector   = [0, 1, 0]
       fov degrees = 45
       near clip   = 0.973138
       far clip    = 2.19931
    fClipped = true
    viewportWidth = 192
    viewportHeight = 144
    fov degs = 45
    fov = 0.785398
camera mode = 0, position = {X: 0 Y: 0 Z: 1.5862231254577637}, target = {X: 0 Y: 0 Z: 0}, upVector = {X: 0 Y: 1 Z: 0}, fov = 0.785398

[trc] 00:00:11.0193:  0x6344 -- Gfx::Model3DRenderer::~Model3DRenderer C:\office\src\gfx\model3d\model3drenderer_win.cpp(74) ...
    this = 0x000001DE79F4B270
    renderMode = GalleryThumbnail

[trc] 00:00:11.0279:  0x6344 -- Gfx::Model3DRenderer::Model3DRenderer C:\office\src\gfx\model3d\model3drenderer.cpp(472) ...
    this = 0x000001DE79F4B630
    scene = 0x000001DE797629A0
    renderMode = GalleryThumbnail

[trc] 00:00:11.0286:  0x6344 -- Gfx::Model3DRenderer::Render C:\office\src\gfx\model3d\model3drenderer_win.cpp(173) ...

DEBUG: init texture size = [192, 144]

    renderer = 0x000001DE79F4B630

[trc] 00:00:07.0996:  0x6344 -- OSpectre::Babylon::Renderer::Render C:\office\src\graphics\spectre\babylon_renderer.cpp(165) ...
    this = 0x000001DE580436D0
    viewport: xy = [0, 0], size = [192, 144]
    cameraTransform = {
       projection type = Perspective
       position    = [0, 0, 1.58622]
       target      = [0, 0, 0]
       up vector   = [0, 1, 0]
       fov degrees = 45
       near clip   = 0.973138
       far clip    = 2.19931
    fClipped = true
    viewportWidth = 192
    viewportHeight = 144
    fov degs = 45
    fov = 0.785398
camera mode = 0, position = {X: 0 Y: 0 Z: 1.5862231254577637}, target = {X: 0 Y: 0 Z: 0}, upVector = {X: 0 Y: 1 Z: 0}, fov = 0.785398

[trc] 00:00:11.0402:  0x6344 -- Gfx::Model3DRenderer::~Model3DRenderer C:\office\src\gfx\model3d\model3drenderer_win.cpp(74) ...
    this = 0x000001DE79F4B630
    renderMode = GalleryThumbnail

[trc] 00:00:11.0493:  0x6344 -- Gfx::Model3DRenderer::Model3DRenderer C:\office\src\gfx\model3d\model3drenderer.cpp(472) ...
    this = 0x000001DE79F4BAE0
    scene = 0x000001DE797629A0
    renderMode = GalleryThumbnail

[trc] 00:00:11.0502:  0x6344 -- Gfx::Model3DRenderer::Render C:\office\src\gfx\model3d\model3drenderer_win.cpp(173) ...

DEBUG: init texture size = [192, 144]

    renderer = 0x000001DE79F4BAE0

[trc] 00:00:08.0208:  0x6344 -- OSpectre::Babylon::Renderer::Render C:\office\src\graphics\spectre\babylon_renderer.cpp(165) ...
    this = 0x000001DE58047540
    viewport: xy = [0, 0], size = [192, 144]
    cameraTransform = {
       projection type = Perspective
       position    = [0, 0, 1.58622]
       target      = [0, 0, 0]
       up vector   = [0, 1, 0]
       fov degrees = 45
       near clip   = 0.973141
       far clip    = 2.19931
    fClipped = true
    viewportWidth = 192
    viewportHeight = 144
    fov degs = 45
    fov = 0.785398
camera mode = 0, position = {X: 0 Y: 0 Z: 1.5862231254577637}, target = {X: 0 Y: 0 Z: 0}, upVector = {X: 0 Y: 1 Z: 0}, fov = 0.785398

[trc] 00:00:11.0593:  0x6344 -- Gfx::Model3DRenderer::~Model3DRenderer C:\office\src\gfx\model3d\model3drenderer_win.cpp(74) ...
    this = 0x000001DE79F4BAE0
    renderMode = GalleryThumbnail

[trc] 00:00:11.0611:  0x6344 -- Gfx::Model3DRenderer::Model3DRenderer C:\office\src\gfx\model3d\model3drenderer.cpp(472) ...
    this = 0x000001DE79F4C530
    scene = 0x000001DE797629A0
    renderMode = GalleryThumbnail

[trc] 00:00:11.0620:  0x6344 -- Gfx::Model3DRenderer::Render C:\office\src\gfx\model3d\model3drenderer_win.cpp(173) ...

DEBUG: init texture size = [192, 144]

    renderer = 0x000001DE79F4C530

[trc] 00:00:08.0324:  0x6344 -- OSpectre::Babylon::Renderer::Render C:\office\src\graphics\spectre\babylon_renderer.cpp(165) ...
    this = 0x000001DE580420E0
    viewport: xy = [0, 0], size = [192, 144]
    cameraTransform = {
       projection type = Perspective
       position    = [0, 0, 1.58622]
       target      = [0, 0, 0]
       up vector   = [0, 1, 0]
       fov degrees = 45
       near clip   = 0.973139
       far clip    = 2.19931
    fClipped = true
    viewportWidth = 192
    viewportHeight = 144
    fov degs = 45
    fov = 0.785398
camera mode = 0, position = {X: 0 Y: 0 Z: 1.5862231254577637}, target = {X: 0 Y: 0 Z: 0}, upVector = {X: 0 Y: 1 Z: 0}, fov = 0.785398

[trc] 00:00:11.0698:  0x6344 -- Gfx::Model3DRenderer::~Model3DRenderer C:\office\src\gfx\model3d\model3drenderer_win.cpp(74) ...
    this = 0x000001DE79F4C530
    renderMode = GalleryThumbnail

[trc] 00:00:11.0712:  0x6344 -- Gfx::Model3DRenderer::Model3DRenderer C:\office\src\gfx\model3d\model3drenderer.cpp(472) ...
    this = 0x000001DE79F4BAE0
    scene = 0x000001DE797629A0
    renderMode = GalleryThumbnail

[trc] 00:00:11.0721:  0x6344 -- Gfx::Model3DRenderer::Render C:\office\src\gfx\model3d\model3drenderer_win.cpp(173) ...

DEBUG: init texture size = [192, 144]

    renderer = 0x000001DE79F4BAE0

[trc] 00:00:08.0435:  0x6344 -- OSpectre::Babylon::Renderer::Render C:\office\src\graphics\spectre\babylon_renderer.cpp(165) ...
    this = 0x000001DE58045530
    viewport: xy = [0, 0], size = [192, 144]
    cameraTransform = {
       projection type = Perspective
       position    = [0, 0, 1.58622]
       target      = [0, 0, 0]
       up vector   = [0, 1, 0]
       fov degrees = 45
       near clip   = 0.973138
       far clip    = 2.19931
    fClipped = true
    viewportWidth = 192
    viewportHeight = 144
    fov degs = 45
    fov = 0.785398
camera mode = 0, position = {X: 0 Y: 0 Z: 1.5862231254577637}, target = {X: 0 Y: 0 Z: 0}, upVector = {X: 0 Y: 1 Z: 0}, fov = 0.785398

[trc] 00:00:11.0834:  0x6344 -- Gfx::Model3DRenderer::~Model3DRenderer C:\office\src\gfx\model3d\model3drenderer_win.cpp(74) ...
    this = 0x000001DE79F4BAE0
    renderMode = GalleryThumbnail

[trc] 00:00:11.0854:  0x6344 -- Gfx::Model3DRenderer::Model3DRenderer C:\office\src\gfx\model3d\model3drenderer.cpp(472) ...
    this = 0x000001DE57B09580
    scene = 0x000001DE797629A0
    renderMode = GalleryThumbnail

[trc] 00:00:11.0863:  0x6344 -- Gfx::Model3DRenderer::Render C:\office\src\gfx\model3d\model3drenderer_win.cpp(173) ...

DEBUG: init texture size = [192, 144]

    renderer = 0x000001DE57B09580

[trc] 00:00:08.0636:  0x6344 -- OSpectre::Babylon::Renderer::Render C:\office\src\graphics\spectre\babylon_renderer.cpp(165) ...
    this = 0x000001DE580420E0
    viewport: xy = [0, 0], size = [192, 144]
    cameraTransform = {
       projection type = Perspective
       position    = [0, 0, 1.58622]
       target      = [0, 0, 0]
       up vector   = [0, 1, 0]
       fov degrees = 45
       near clip   = 0.973135
       far clip    = 2.19931
    fClipped = true
    viewportWidth = 192
    viewportHeight = 144
    fov degs = 45
    fov = 0.785398
camera mode = 0, position = {X: 0 Y: 0 Z: 1.5862231254577637}, target = {X: 0 Y: 0 Z: 0}, upVector = {X: 0 Y: 1 Z: 0}, fov = 0.785398

[trc] 00:00:12.0011:  0x6344 -- Gfx::Model3DRenderer::~Model3DRenderer C:\office\src\gfx\model3d\model3drenderer_win.cpp(74) ...
    this = 0x000001DE57B09580
    renderMode = GalleryThumbnail
ReactNative ['AugLoop'] (warning): 'Require cycle: ..\..\..\node_modules\@ms\oteljs\dist-cjs\index.js -> ..\..\..\node_modules\@ms\oteljs\dist-cjs\EventFlagFiller.js -> ..\..\..\node_modules\@ms\oteljs\dist-cjs\index.js

Require cycles are allowed, but can result in uninitialized values. Consider refactoring to remove the need for a cycle.'
ReactNative ['AugLoop'] (warning): 'Require cycle: ..\..\..\node_modules\@ms\oteljs\dist-cjs\index.js -> ..\..\..\node_modules\@ms\oteljs\dist-cjs\SimpleTelemetryLogger.js -> ..\..\..\node_modules\@ms\oteljs\dist-cjs\index.js

Require cycles are allowed, but can result in uninitialized values. Consider refactoring to remove the need for a cycle.'
ReactNative ['AugLoop'] (warning): '`new NativeEventEmitter()` was called with a non-null argument without the required `addListener` method.'
ReactNative ['AugLoop'] (warning): '`new NativeEventEmitter()` was called with a non-null argument without the required `removeListeners` method.'


======================================================================
pressing orbit button ...
======================================================================



--------------------------------------------------------------------------------------------------------------------------------------------------------------------------------

[trc] 00:02:01.0041:  0x6344 -- Gfx::Model3DRenderer::Model3DRenderer C:\office\src\gfx\model3d\model3drenderer.cpp(472) ...
    this = 0x000001DE5C7BEB30
    scene = 0x000001DE797629A0
    renderMode = EditRotate

[trc] 00:02:01.0049:  0x6344 -- Gfx::Model3DRenderer::Render C:\office\src\gfx\model3d\model3drenderer_win.cpp(173) ...

DEBUG: init texture size = [480, 480]

    renderer = 0x000001DE5C7BEB30

--------------------------------------------------------------------------------------------------------------------------------------------------------------------------------

[trc] 00:01:57.0761:  0x6344 -- OSpectre::Babylon::Renderer::Render C:\office\src\graphics\spectre\babylon_renderer.cpp(165) ...
    this = 0x000001DE580440F0
    viewport: xy = [0, 0], size = [480.833, 480.833]
    cameraTransform = {
       projection type = Perspective
       position    = [0, 0, 1.58622]
       target      = [0, 0, 0]
       up vector   = [0, 1, 0]
       fov degrees = 45
       near clip   = 0.973138
       far clip    = 2.19931
    fClipped = false
    viewportWidth = 480.833
    viewportHeight = 480.833
    fov degs = 45
    fov = 0.785398
camera mode = 0, position = {X: 0 Y: 0 Z: 1.5862231254577637}, target = {X: 0 Y: 0 Z: 0}, upVector = {X: 0 Y: 1 Z: 0}, fov = 0.785398

[trc] 00:02:01.0254:  0x6344 -- Gfx::Model3DRenderer::Model3DRenderer C:\office\src\gfx\model3d\model3drenderer.cpp(472) ...
    this = 0x000001DE5823D270
    scene = 0x000001DE797629A0
    renderMode = RasterizeE2o

[trc] 00:02:01.0263:  0x6344 -- Gfx::Model3DRenderer::Render C:\office\src\gfx\model3d\model3drenderer_win.cpp(173) ...

DEBUG: init texture size = [447, 474]

    renderer = 0x000001DE5823D270

[trc] 00:01:57.0967:  0x6344 -- OSpectre::Babylon::Renderer::Render C:\office\src\graphics\spectre\babylon_renderer.cpp(165) ...
    this = 0x000001DE58047540
    viewport: xy = [-203.167, -189.667], size = [853.333, 853.333]
    cameraTransform = {
       projection type = Perspective
       position    = [0, 0, 1.58622]
       target      = [0, 0, 0]
       up vector   = [0, 1, 0]
       fov degrees = 45
       near clip   = 0.973138
       far clip    = 2.19931
    fClipped = true
    viewportWidth = 853.333
    viewportHeight = 853.333
    fov degs = 45
    fov = 0.785398
camera mode = 0, position = {X: 0 Y: 0 Z: 1.5862231254577637}, target = {X: 0 Y: 0 Z: 0}, upVector = {X: 0 Y: 1 Z: 0}, fov = 0.785398

[trc] 00:02:01.0321:  0x6344 -- Gfx::Model3DRenderer::~Model3DRenderer C:\office\src\gfx\model3d\model3drenderer_win.cpp(74) ...
    this = 0x000001DE5823D270
    renderMode = RasterizeE2o

[trc] 00:02:01.0393:  0x4828 -- Gfx::Model3DRenderer::Render C:\office\src\gfx\model3d\model3drenderer_win.cpp(173) ...

    renderer = 0x000001DE70DF0590

[trc] 00:01:58.0107:  0x6344 -- OSpectre::Babylon::Renderer::Render C:\office\src\graphics\spectre\babylon_renderer.cpp(165) ...
    this = 0x000001DE58041A20
    viewport: xy = [0.833333, 0.833333], size = [480, 480]
    cameraTransform = {
       projection type = Perspective
       position    = [0, 0, 1.58622]
       target      = [0, 0, 0]
       up vector   = [0, 1, 0]
       fov degrees = 45
       near clip   = 0.973138
       far clip    = 2.19931
    fClipped = false
    viewportWidth = 481.667
    viewportHeight = 481.667
    fov degs = 45.1406
    fov = 0.787852
camera mode = 0, position = {X: 0 Y: 0 Z: 1.5862231254577637}, target = {X: 0 Y: 0 Z: 0}, upVector = {X: 0 Y: 1 Z: 0}, fov = 0.785398
