
[trc] 00:00:04.0551:  0xce84 -- Gfx::Model3DRenderer::Model3DRenderer C:\office\src\gfx\model3d\model3drenderer.cpp(472) ...
    this = 0x000001A1225354A0
    scene = 0x000001A124223200
    renderMode = Play3DAnimation

[trc] 00:00:04.0557:  0xce84 -- Gfx::Model3DRenderer::Render C:\office\src\gfx\model3d\model3drenderer_win.cpp(173) ...
Unable to start IDXGraphicsAnalysis
DEBUG: init texture size = [480, 480]


    renderer = 0x000001A1225354A0

[trc] 00:00:00.0003:  0xce84 -- OSpectre::Babylon::Renderer::Render C:\office\src\graphics\spectre\babylon_renderer.cpp(168) ...
    this = 0x000001A122E68270
    viewport: xy = [0.833333, 0.833333], size = [480, 480]
    cameraTransform = {
       projection type = Perspective
       position    = [0, 0, 1.58622]
       target      = [0, 0, 0]
       up vector   = [0, 1, 0]
       fov degrees = 45
       near clip   = 0.973138
       far clip    = 2.19931
    fClipped = false
    viewportWidth = 481.667
    viewportHeight = 481.667
    textureWidth = 480
    textureHeight = 480
    left = 0.833333
    right = 480.833
    top = 0.833333
    bottom = 480.833
    centerX = 240.833
    centerY = 240.833
    vpX = -3.16791e-08
    vpY = -3.16791e-08
    vpWidth = 0.99654
    vpHeight = 0.99654
    fov degs = 45.1406
    fov = 0.787852
0.00622399989515543,0,0,0,0,0.00622399989515543,0,0,0,0,0.00622399989515543,0,0.016580305993556976,-0.24961130321025848,0.04303361102938652,1
scale = {X: 0.00622399989515543 Y: 0.00622399989515543 Z: 0.00622399989515543}, rotation = {X: 0 Y: 0 Z: 0 W: 1}, translation = {X: 0.016580305993556976 Y: -0.24961130321025848 Z: 0.04303361102938652}
scene.isReady
_isDirty
_isDirty = false
_nodeDataStorage
_nodeDataStorage = {
    "_doNotSerialize": false,
    "_isDisposed": false,
    "_sceneRootNodesIndex": 2,
    "_isEnabled": true,
    "_isParentEnabled": true,
    "_isReady": true,
    "_onEnabledStateChangedObservable": {
        "_observers": [],
        "_numObserversMarkedAsDeleted": 0,
        "_eventState": {
            "mask": 0,
            "skipNextObservers": false
        }
    },
    "_onClonedObservable": {
        "_observers": [],
        "_numObserversMarkedAsDeleted": 0,
        "_eventState": {
            "mask": 0,
            "skipNextObservers": false
        }
    }
}
state
state = ""
metadata
metadata = null
reservedDataStore
reservedDataStore = null
_accessibilityTag
_accessibilityTag = null
onAccessibilityTagChangedObservable
onAccessibilityTagChangedObservable = {
    "_observers": [],
    "_numObserversMarkedAsDeleted": 0,
    "_eventState": {
        "mask": 0,
        "skipNextObservers": false
    }
}
_parentContainer
_parentContainer = null
animations
animations = []
_ranges
_ranges = {}
onReady
onReady = null
_currentRenderId
_currentRenderId = 2
_parentUpdateId
_parentUpdateId = -1
_childUpdateId
_childUpdateId = 1
_waitingParentId
_waitingParentId = null
_waitingParentInstanceIndex
_waitingParentInstanceIndex = null
_waitingParsedUniqueId
_waitingParsedUniqueId = null
_cache
_cache = {
    "parent": null,
    "position": {
        "_isDirty": true,
        "_x": 0,
        "_y": 0,
        "_z": 1.5862231254577637
    },
    "upVector": {
        "_isDirty": true,
        "_x": 0,
        "_y": 1,
        "_z": 0
    },
    "mode": 0,
    "minZ": 2.633263147308201,
    "maxZ": 263326.31473082013,
    "fov": 0.7878521207003342,
    "fovMode": 0,
    "aspectRatio": 1,
    "lockedTarget": null,
    "rotation": {
        "_isDirty": true,
        "_x": 0,
        "_y": 0,
        "_z": 0
    },
    "rotationQuaternion": {
        "_isDirty": true,
        "_x": 1.7976931348623157e+308,
        "_y": 1.7976931348623157e+308,
        "_z": 1.7976931348623157e+308,
        "_w": 1.7976931348623157e+308
    },
    "_target": {
        "_isDirty": true,
        "_x": 0,
        "_y": 0,
        "_z": 0
    },
    "alpha": 1.5707963267948966,
    "beta": 1.5707963267948966,
    "radius": 2.633263147308201,
    "targetScreenOffset": {
        "x": 0,
        "y": 0
    },
    "projectionPlaneTilt": 0
}
_parentNode
_parentNode = null
_children
_children = null
_worldMatrix
_worldMatrix = {
    "_isIdentity": false,
    "_isIdentityDirty": true,
    "_isIdentity3x2": false,
    "_isIdentity3x2Dirty": true,
    "updateFlag": 8007,
    "_m": {
        "0": -1,
        "1": 3.908137339094055e-40,
        "2": 6.123234262925839e-17,
        "3": 0,
        "4": -3.74939976039497e-33,
        "5": 1,
        "6": -6.123234262925839e-17,
        "7": 0,
        "8": -6.123234262925839e-17,
        "9": -6.123234262925839e-17,
        "10": -1,
        "11": 0,
        "12": 1.612408742019734e-16,
        "13": 1.612408742019734e-16,
        "14": 2.633263111114502,
        "15": 1
    }
}
_worldMatrixDeterminant
_worldMatrixDeterminant = 0
_worldMatrixDeterminantIsDirty
_worldMatrixDeterminantIsDirty = true
_animationPropertiesOverride
_animationPropertiesOverride = null
_isNode
_isNode = true
onDisposeObservable
onDisposeObservable = {
    "_observers": [],
    "_numObserversMarkedAsDeleted": 0,
    "_eventState": {
        "mask": 0,
        "skipNextObservers": false
    }
}
_onDisposeObserver
_onDisposeObserver = null
_behaviors
_behaviors = []
name
name = "default camera"
id
id = "default camera"
uniqueId
uniqueId = 64
_position
_position = {
    "_isDirty": true,
    "_x": 1.612408642331837e-16,
    "_y": 1.612408642331837e-16,
    "_z": 2.633263147308201
}
_upVector
_upVector = {
    "_isDirty": true,
    "_x": 0,
    "_y": 1,
    "_z": 0
}
_orthoLeft
_orthoLeft = null
_orthoRight
_orthoRight = null
_orthoBottom
_orthoBottom = null
_orthoTop
_orthoTop = null
fov
fov = 0.7878521207003342
projectionPlaneTilt
projectionPlaneTilt = 0
minZ
minZ = 2.633263147308201
maxZ
maxZ = 263326.31473082013
inertia
inertia = 0.9
_mode
_mode = 0
isIntermediate
isIntermediate = false
viewport
viewport = {
    "x": 0,
    "y": 0,
    "width": 1,
    "height": 1
}
layerMask
layerMask = 268435455
fovMode
fovMode = 0
cameraRigMode
cameraRigMode = 0
customRenderTargets
customRenderTargets = []
onViewMatrixChangedObservable
onViewMatrixChangedObservable = {
    "_observers": [],
    "_numObserversMarkedAsDeleted": 0,
    "_eventState": {
        "mask": 0,
        "skipNextObservers": false
    }
}
onProjectionMatrixChangedObservable
onProjectionMatrixChangedObservable = {
    "_observers": [],
    "_numObserversMarkedAsDeleted": 0,
    "_eventState": {
        "mask": 0,
        "skipNextObservers": false
    }
}
onAfterCheckInputsObservable
onAfterCheckInputsObservable = {
    "_observers": [],
    "_numObserversMarkedAsDeleted": 0,
    "_eventState": {
        "mask": 0,
        "skipNextObservers": false
    }
}
onRestoreStateObservable
onRestoreStateObservable = {
    "_observers": [],
    "_numObserversMarkedAsDeleted": 0,
    "_eventState": {
        "mask": 0,
        "skipNextObservers": false
    }
}
isRigCamera
isRigCamera = false
_rigCameras
_rigCameras = []
_webvrViewMatrix
_webvrViewMatrix = {
    "_isIdentity": true,
    "_isIdentityDirty": false,
    "_isIdentity3x2": true,
    "_isIdentity3x2Dirty": false,
    "updateFlag": 7973,
    "_m": {
        "0": 1,
        "1": 0,
        "2": 0,
        "3": 0,
        "4": 0,
        "5": 1,
        "6": 0,
        "7": 0,
        "8": 0,
        "9": 0,
        "10": 1,
        "11": 0,
        "12": 0,
        "13": 0,
        "14": 0,
        "15": 1
    }
}
_skipRendering
_skipRendering = false
_projectionMatrix
_projectionMatrix = {
    "_isIdentity": false,
    "_isIdentityDirty": false,
    "_isIdentity3x2": false,
    "_isIdentity3x2Dirty": true,
    "updateFlag": 8008,
    "_m": {
        "0": 2.40585994720459,
        "1": 0,
        "2": 0,
        "3": 0,
        "4": 0,
        "5": 2.40585994720459,
        "6": 0,
        "7": 0,
        "8": 0,
        "9": 0,
        "10": 1.0000200271606445,
        "11": 1,
        "12": 0,
        "13": 0,
        "14": -5.2665791511535645,
        "15": 0
    }
}
_postProcesses
_postProcesses = []
_globalPosition
_globalPosition = {
    "_isDirty": true,
    "_x": 1.612408642331837e-16,
    "_y": 1.612408642331837e-16,
    "_z": 2.633263147308201
}
_computedViewMatrix
_computedViewMatrix = {
    "_isIdentity": false,
    "_isIdentityDirty": true,
    "_isIdentity3x2": false,
    "_isIdentity3x2Dirty": true,
    "updateFlag": 8006,
    "_m": {
        "0": -1,
        "1": -3.7493993930529855e-33,
        "2": -6.123234262925839e-17,
        "3": 0,
        "4": 0,
        "5": 1,
        "6": -6.123234262925839e-17,
        "7": 0,
        "8": 6.123234262925839e-17,
        "9": -6.123234262925839e-17,
        "10": -1,
        "11": 0,
        "12": 0,
        "13": 0,
        "14": 2.633263111114502,
        "15": 1
    }
}
_doNotComputeProjectionMatrix
_doNotComputeProjectionMatrix = false
_transformMatrix
_transformMatrix = {
    "_isIdentity": false,
    "_isIdentityDirty": false,
    "_isIdentity3x2": false,
    "_isIdentity3x2Dirty": true,
    "updateFlag": 7978,
    "_m": {
        "0": 0,
        "1": 0,
        "2": 0,
        "3": 0,
        "4": 0,
        "5": 0,
        "6": 0,
        "7": 0,
        "8": 0,
        "9": 0,
        "10": 0,
        "11": 0,
        "12": 0,
        "13": 0,
        "14": 0,
        "15": 0
    }
}
_refreshFrustumPlanes
_refreshFrustumPlanes = true
_absoluteRotation
_absoluteRotation = {
    "_isDirty": true,
    "_x": 0,
    "_y": 0,
    "_z": 0,
    "_w": 1
}
_isCamera
_isCamera = true
_isLeftCamera
_isLeftCamera = false
_isRightCamera
_isRightCamera = false
renderPassId
renderPassId = 1
_tmpUpVector
_tmpUpVector = {
    "_isDirty": true,
    "_x": 0,
    "_y": 0,
    "_z": 0
}
_tmpTargetVector
_tmpTargetVector = {
    "_isDirty": true,
    "_x": 0,
    "_y": 0,
    "_z": 0
}
cameraDirection
cameraDirection = {
    "_isDirty": true,
    "_x": 0,
    "_y": 0,
    "_z": 0
}
cameraRotation
cameraRotation = {
    "x": 0,
    "y": 0
}
ignoreParentScaling
ignoreParentScaling = false
updateUpVectorFromRotation
updateUpVectorFromRotation = false
_tmpQuaternion
_tmpQuaternion = {
    "_isDirty": true,
    "_x": 0,
    "_y": 0,
    "_z": 0,
    "_w": 1
}
rotation
rotation = {
    "_isDirty": true,
    "_x": 0,
    "_y": 0,
    "_z": 0
}
speed
speed = 52.66526294616403
noRotationConstraint
noRotationConstraint = false
invertRotation
invertRotation = false
inverseRotationSpeed
inverseRotationSpeed = 0.2
lockedTarget
lockedTarget = null
_currentTarget
_currentTarget = {
    "_isDirty": true,
    "_x": 0,
    "_y": 0,
    "_z": 0
}
_initialFocalDistance
_initialFocalDistance = 1
_viewMatrix
_viewMatrix = {
    "_isIdentity": false,
    "_isIdentityDirty": true,
    "_isIdentity3x2": false,
    "_isIdentity3x2Dirty": true,
    "updateFlag": 8006,
    "_m": {
        "0": -1,
        "1": -3.7493993930529855e-33,
        "2": -6.123234262925839e-17,
        "3": 0,
        "4": 0,
        "5": 1,
        "6": -6.123234262925839e-17,
        "7": 0,
        "8": 6.123234262925839e-17,
        "9": -6.123234262925839e-17,
        "10": -1,
        "11": 0,
        "12": 0,
        "13": 0,
        "14": 2.633263111114502,
        "15": 1
    }
}
_camMatrix
_camMatrix = {
    "_isIdentity": false,
    "_isIdentityDirty": false,
    "_isIdentity3x2": false,
    "_isIdentity3x2Dirty": true,
    "updateFlag": 7982,
    "_m": {
        "0": 0,
        "1": 0,
        "2": 0,
        "3": 0,
        "4": 0,
        "5": 0,
        "6": 0,
        "7": 0,
        "8": 0,
        "9": 0,
        "10": 0,
        "11": 0,
        "12": 0,
        "13": 0,
        "14": 0,
        "15": 0
    }
}
_cameraTransformMatrix
_cameraTransformMatrix = {
    "_isIdentity": false,
    "_isIdentityDirty": false,
    "_isIdentity3x2": false,
    "_isIdentity3x2Dirty": true,
    "updateFlag": 7984,
    "_m": {
        "0": 0,
        "1": 0,
        "2": 0,
        "3": 0,
        "4": 0,
        "5": 0,
        "6": 0,
        "7": 0,
        "8": 0,
        "9": 0,
        "10": 0,
        "11": 0,
        "12": 0,
        "13": 0,
        "14": 0,
        "15": 0
    }
}
_cameraRotationMatrix
_cameraRotationMatrix = {
    "_isIdentity": false,
    "_isIdentityDirty": false,
    "_isIdentity3x2": false,
    "_isIdentity3x2Dirty": true,
    "updateFlag": 7986,
    "_m": {
        "0": 0,
        "1": 0,
        "2": 0,
        "3": 0,
        "4": 0,
        "5": 0,
        "6": 0,
        "7": 0,
        "8": 0,
        "9": 0,
        "10": 0,
        "11": 0,
        "12": 0,
        "13": 0,
        "14": 0,
        "15": 0
    }
}
_referencePoint
_referencePoint = {
    "_isDirty": true,
    "_x": 0,
    "_y": 0,
    "_z": 1
}
_transformedReferencePoint
_transformedReferencePoint = {
    "_isDirty": true,
    "_x": 0,
    "_y": 0,
    "_z": 0
}
_defaultUp
_defaultUp = {
    "_isDirty": true,
    "_x": 0,
    "_y": 1,
    "_z": 0
}
_cachedRotationZ
_cachedRotationZ = 0
_cachedQuaternionRotationZ
_cachedQuaternionRotationZ = 0
inertialAlphaOffset
inertialAlphaOffset = 0
inertialBetaOffset
inertialBetaOffset = 0
inertialRadiusOffset
inertialRadiusOffset = 0
lowerAlphaLimit
lowerAlphaLimit = null
upperAlphaLimit
upperAlphaLimit = null
lowerBetaLimit
lowerBetaLimit = 0.01
upperBetaLimit
upperBetaLimit = 3.1315926535897933
lowerRadiusLimit
lowerRadiusLimit = 2.633263147308201
upperRadiusLimit
upperRadiusLimit = null
inertialPanningX
inertialPanningX = 0
inertialPanningY
inertialPanningY = 0
pinchToPanMaxDistance
pinchToPanMaxDistance = 20
panningDistanceLimit
panningDistanceLimit = null
panningOriginTarget
panningOriginTarget = {
    "_isDirty": true,
    "_x": 0,
    "_y": 0,
    "_z": 0
}
panningInertia
panningInertia = 0.9
zoomOnFactor
zoomOnFactor = 1
targetScreenOffset
targetScreenOffset = {
    "x": 0,
    "y": 0
}
allowUpsideDown
allowUpsideDown = true
useInputToRestoreState
useInputToRestoreState = true
panningAxis
panningAxis = {
    "_isDirty": true,
    "_x": 1,
    "_y": 1,
    "_z": 0
}
_transformedDirection
_transformedDirection = {
    "_isDirty": true,
    "_x": 0,
    "_y": 0,
    "_z": 0
}
mapPanning
mapPanning = false
onMeshTargetChangedObservable
onMeshTargetChangedObservable = {
    "_observers": [],
    "_numObserversMarkedAsDeleted": 0,
    "_eventState": {
        "mask": 0,
        "skipNextObservers": false
    }
}
checkCollisions
checkCollisions = false
collisionRadius
collisionRadius = {
    "_isDirty": true,
    "_x": 0.5,
    "_y": 0.5,
    "_z": 0.5
}
_previousPosition
_previousPosition = {
    "_isDirty": true,
    "_x": 0,
    "_y": 0,
    "_z": 0
}
_collisionVelocity
_collisionVelocity = {
    "_isDirty": true,
    "_x": 0,
    "_y": 0,
    "_z": 0
}
_newPosition
_newPosition = {
    "_isDirty": true,
    "_x": 1.612408642331837e-16,
    "_y": 1.612408642331837e-16,
    "_z": 2.633263147308201
}
_computationVector
_computationVector = {
    "_isDirty": true,
    "_x": 1.612408642331837e-16,
    "_y": 1.612408642331837e-16,
    "_z": 2.633263147308201
}
_onCollisionPositionChange
_onCollisionPositionChange = undefined
_target
_target = {
    "_isDirty": true,
    "_x": 0,
    "_y": 0,
    "_z": 0
}
_targetHost
_targetHost = null
_targetBoundingCenter
_targetBoundingCenter = null
radius
radius = 2.633263147308201
alpha
alpha = 1.5707963267948966
beta
beta = 1.5707963267948966
_yToUpMatrix
_yToUpMatrix = {
    "_isIdentity": false,
    "_isIdentityDirty": true,
    "_isIdentity3x2": false,
    "_isIdentity3x2Dirty": true,
    "updateFlag": 7994,
    "_m": {
        "0": 1,
        "1": 0,
        "2": 0,
        "3": 0,
        "4": 0,
        "5": 1,
        "6": 0,
        "7": 0,
        "8": 0,
        "9": 0,
        "10": 1,
        "11": 0,
        "12": 0,
        "13": 0,
        "14": 0,
        "15": 1
    }
}
_upToYMatrix
_upToYMatrix = {
    "_isIdentity": false,
    "_isIdentityDirty": true,
    "_isIdentity3x2": false,
    "_isIdentity3x2Dirty": true,
    "updateFlag": 7995,
    "_m": {
        "0": 1,
        "1": 0,
        "2": 0,
        "3": 0,
        "4": 0,
        "5": 1,
        "6": 0,
        "7": 0,
        "8": 0,
        "9": 0,
        "10": 1,
        "11": 0,
        "12": 0,
        "13": 0,
        "14": 0,
        "15": 1
    }
}
camera mode = 0, position = {X: 1.612408642331837e-16 Y: 1.612408642331837e-16 Z: 2.633263147308201}, target = {X: 0 Y: 0 Z: 0}, upVector = {X: 0 Y: 1 Z: 0}, fov = 0.7878521207003342, viewport = [0, 0, 1, 1]

--------------------------------------------------------------------------------------------------------------------------------------------------------------------------------

[trc] 00:00:22.0094:  0xce84 -- Gfx::Model3DRenderer::Model3DRenderer C:\office\src\gfx\model3d\model3drenderer.cpp(472) ...
    this = 0x000001A1225334C0
    scene = 0x000001A124223200
    renderMode = Play3DAnimation

[trc] 00:00:22.0101:  0xce84 -- Gfx::Model3DRenderer::Render C:\office\src\gfx\model3d\model3drenderer_win.cpp(173) ...

DEBUG: init texture size = [1137, 1137]

    renderer = 0x000001A1225334C0

[trc] 00:00:17.0476:  0xce84 -- OSpectre::Babylon::Renderer::Render C:\office\src\graphics\spectre\babylon_renderer.cpp(168) ...
    this = 0x000001A123924BA0
    viewport: xy = [0, 0.833333], size = [1136.67, 1135.83]
    cameraTransform = {
       projection type = Perspective
       position    = [0, 0, 1.58622]
       target      = [0, 0, 0]
       up vector   = [0, 1, 0]
       fov degrees = 45
       near clip   = 0.973138
       far clip    = 2.19931
    fClipped = false
    viewportWidth = 1138.33
    viewportHeight = 1137.5
    textureWidth = 1137
    textureHeight = 1137
    left = 0
    right = 1136.67
    top = 0.833333
    bottom = 1136.67
    centerX = 568.333
    centerY = 568.75
    vpX = 0.000732582
    vpY = -5.36573e-08
    vpWidth = 0.998828
    vpHeight = 0.999561
    fov degs = 45.0594
    fov = 0.786435
0.00622399989515543,0,0,0,0,0.00622399989515543,0,0,0,0,0.00622399989515543,0,0.016580305993556976,-0.24961130321025848,0.04303361102938652,1
scale = {X: 0.00622399989515543 Y: 0.00622399989515543 Z: 0.00622399989515543}, rotation = {X: 0 Y: 0 Z: 0 W: 1}, translation = {X: 0.016580305993556976 Y: -0.24961130321025848 Z: 0.04303361102938652}
scene.isReady
_isDirty
_isDirty = false
_nodeDataStorage
_nodeDataStorage = {
    "_doNotSerialize": false,
    "_isDisposed": false,
    "_sceneRootNodesIndex": 2,
    "_isEnabled": true,
    "_isParentEnabled": true,
    "_isReady": true,
    "_onEnabledStateChangedObservable": {
        "_observers": [],
        "_numObserversMarkedAsDeleted": 0,
        "_eventState": {
            "mask": 0,
            "skipNextObservers": false
        }
    },
    "_onClonedObservable": {
        "_observers": [],
        "_numObserversMarkedAsDeleted": 0,
        "_eventState": {
            "mask": 0,
            "skipNextObservers": false
        }
    }
}
state
state = ""
metadata
metadata = null
reservedDataStore
reservedDataStore = null
_accessibilityTag
_accessibilityTag = null
onAccessibilityTagChangedObservable
onAccessibilityTagChangedObservable = {
    "_observers": [],
    "_numObserversMarkedAsDeleted": 0,
    "_eventState": {
        "mask": 0,
        "skipNextObservers": false
    }
}
_parentContainer
_parentContainer = null
animations
animations = []
_ranges
_ranges = {}
onReady
onReady = null
_currentRenderId
_currentRenderId = 4
_parentUpdateId
_parentUpdateId = -1
_childUpdateId
_childUpdateId = 1
_waitingParentId
_waitingParentId = null
_waitingParentInstanceIndex
_waitingParentInstanceIndex = null
_waitingParsedUniqueId
_waitingParsedUniqueId = null
_cache
_cache = {
    "parent": null,
    "position": {
        "_isDirty": true,
        "_x": 0,
        "_y": 0,
        "_z": 1.5862231254577637
    },
    "upVector": {
        "_isDirty": true,
        "_x": 0,
        "_y": 1,
        "_z": 0
    },
    "mode": 0,
    "minZ": 0.016389429552762902,
    "maxZ": 1638.9429552762901,
    "fov": 0.786435360612304,
    "fovMode": 0,
    "aspectRatio": 1,
    "lockedTarget": null,
    "rotation": {
        "_isDirty": true,
        "_x": 0,
        "_y": 0,
        "_z": 0
    },
    "rotationQuaternion": {
        "_isDirty": true,
        "_x": 1.7976931348623157e+308,
        "_y": 1.7976931348623157e+308,
        "_z": 1.7976931348623157e+308,
        "_w": 1.7976931348623157e+308
    },
    "_target": {
        "_isDirty": true,
        "_x": 0,
        "_y": 0,
        "_z": 0
    },
    "alpha": -4.71238898038469,
    "beta": 1.5707963267948966,
    "radius": 1.5862231254577637,
    "targetScreenOffset": {
        "x": 0,
        "y": 0
    },
    "projectionPlaneTilt": 0
}
_parentNode
_parentNode = null
_children
_children = null
_worldMatrix
_worldMatrix = {
    "_isIdentity": false,
    "_isIdentityDirty": true,
    "_isIdentity3x2": false,
    "_isIdentity3x2Dirty": true,
    "updateFlag": 8104,
    "_m": {
        "0": -1,
        "1": -3.620380699444954e-40,
        "2": -1.8369701465288538e-16,
        "3": 0,
        "4": 1.1248198179158957e-32,
        "5": 1,
        "6": -6.123234262925839e-17,
        "7": 0,
        "8": 1.8369701465288538e-16,
        "9": -6.123234262925839e-17,
        "10": -1,
        "11": 0,
        "12": -2.9138444252294244e-16,
        "13": 9.712815633090735e-17,
        "14": 1.5862231254577637,
        "15": 1
    }
}
_worldMatrixDeterminant
_worldMatrixDeterminant = 0
_worldMatrixDeterminantIsDirty
_worldMatrixDeterminantIsDirty = true
_animationPropertiesOverride
_animationPropertiesOverride = null
_isNode
_isNode = true
onDisposeObservable
onDisposeObservable = {
    "_observers": [],
    "_numObserversMarkedAsDeleted": 0,
    "_eventState": {
        "mask": 0,
        "skipNextObservers": false
    }
}
_onDisposeObserver
_onDisposeObserver = null
_behaviors
_behaviors = []
name
name = "default camera"
id
id = "default camera"
uniqueId
uniqueId = 66
_position
_position = {
    "_isDirty": true,
    "_x": -2.913844609988041e-16,
    "_y": 9.712815366626804e-17,
    "_z": 1.5862231254577637
}
_upVector
_upVector = {
    "_isDirty": true,
    "_x": 0,
    "_y": 1,
    "_z": 0
}
_orthoLeft
_orthoLeft = null
_orthoRight
_orthoRight = null
_orthoBottom
_orthoBottom = null
_orthoTop
_orthoTop = null
fov
fov = 0.786435360612304
projectionPlaneTilt
projectionPlaneTilt = 0
minZ
minZ = 0.016389429552762902
maxZ
maxZ = 1638.9429552762901
inertia
inertia = 0.9
_mode
_mode = 0
isIntermediate
isIntermediate = false
viewport
viewport = {
    "x": 0,
    "y": 0,
    "width": 1,
    "height": 1
}
layerMask
layerMask = 268435455
fovMode
fovMode = 0
cameraRigMode
cameraRigMode = 0
customRenderTargets
customRenderTargets = []
onViewMatrixChangedObservable
onViewMatrixChangedObservable = {
    "_observers": [],
    "_numObserversMarkedAsDeleted": 0,
    "_eventState": {
        "mask": 0,
        "skipNextObservers": false
    }
}
onProjectionMatrixChangedObservable
onProjectionMatrixChangedObservable = {
    "_observers": [],
    "_numObserversMarkedAsDeleted": 0,
    "_eventState": {
        "mask": 0,
        "skipNextObservers": false
    }
}
onAfterCheckInputsObservable
onAfterCheckInputsObservable = {
    "_observers": [],
    "_numObserversMarkedAsDeleted": 0,
    "_eventState": {
        "mask": 0,
        "skipNextObservers": false
    }
}
onRestoreStateObservable
onRestoreStateObservable = {
    "_observers": [],
    "_numObserversMarkedAsDeleted": 0,
    "_eventState": {
        "mask": 0,
        "skipNextObservers": false
    }
}
isRigCamera
isRigCamera = false
_rigCameras
_rigCameras = []
_webvrViewMatrix
_webvrViewMatrix = {
    "_isIdentity": true,
    "_isIdentityDirty": false,
    "_isIdentity3x2": true,
    "_isIdentity3x2Dirty": false,
    "updateFlag": 8075,
    "_m": {
        "0": 1,
        "1": 0,
        "2": 0,
        "3": 0,
        "4": 0,
        "5": 1,
        "6": 0,
        "7": 0,
        "8": 0,
        "9": 0,
        "10": 1,
        "11": 0,
        "12": 0,
        "13": 0,
        "14": 0,
        "15": 1
    }
}
_skipRendering
_skipRendering = false
_projectionMatrix
_projectionMatrix = {
    "_isIdentity": false,
    "_isIdentityDirty": false,
    "_isIdentity3x2": false,
    "_isIdentity3x2Dirty": true,
    "updateFlag": 8105,
    "_m": {
        "0": 2.4106767177581787,
        "1": 0,
        "2": 0,
        "3": 0,
        "4": 0,
        "5": 2.4106767177581787,
        "6": 0,
        "7": 0,
        "8": 0,
        "9": 0,
        "10": 1.0000200271606445,
        "11": 1,
        "12": 0,
        "13": 0,
        "14": -0.032779186964035034,
        "15": 0
    }
}
_postProcesses
_postProcesses = []
_globalPosition
_globalPosition = {
    "_isDirty": true,
    "_x": -2.913844609988041e-16,
    "_y": 9.712815366626804e-17,
    "_z": 1.5862231254577637
}
_computedViewMatrix
_computedViewMatrix = {
    "_isIdentity": false,
    "_isIdentityDirty": true,
    "_isIdentity3x2": false,
    "_isIdentity3x2Dirty": true,
    "updateFlag": 8103,
    "_m": {
        "0": -1,
        "1": 1.1248198179158957e-32,
        "2": 1.8369701465288538e-16,
        "3": 0,
        "4": 0,
        "5": 1,
        "6": -6.123234262925839e-17,
        "7": 0,
        "8": -1.8369701465288538e-16,
        "9": -6.123234262925839e-17,
        "10": -1,
        "11": 0,
        "12": 4.930380657631324e-32,
        "13": 2.465190328815662e-32,
        "14": 1.5862231254577637,
        "15": 1
    }
}
_doNotComputeProjectionMatrix
_doNotComputeProjectionMatrix = false
_transformMatrix
_transformMatrix = {
    "_isIdentity": false,
    "_isIdentityDirty": false,
    "_isIdentity3x2": false,
    "_isIdentity3x2Dirty": true,
    "updateFlag": 8080,
    "_m": {
        "0": 0,
        "1": 0,
        "2": 0,
        "3": 0,
        "4": 0,
        "5": 0,
        "6": 0,
        "7": 0,
        "8": 0,
        "9": 0,
        "10": 0,
        "11": 0,
        "12": 0,
        "13": 0,
        "14": 0,
        "15": 0
    }
}
_refreshFrustumPlanes
_refreshFrustumPlanes = true
_absoluteRotation
_absoluteRotation = {
    "_isDirty": true,
    "_x": 0,
    "_y": 0,
    "_z": 0,
    "_w": 1
}
_isCamera
_isCamera = true
_isLeftCamera
_isLeftCamera = false
_isRightCamera
_isRightCamera = false
renderPassId
renderPassId = 3
_tmpUpVector
_tmpUpVector = {
    "_isDirty": true,
    "_x": 0,
    "_y": 0,
    "_z": 0
}
_tmpTargetVector
_tmpTargetVector = {
    "_isDirty": true,
    "_x": 0,
    "_y": 0,
    "_z": 0
}
cameraDirection
cameraDirection = {
    "_isDirty": true,
    "_x": 0,
    "_y": 0,
    "_z": 0
}
cameraRotation
cameraRotation = {
    "x": 0,
    "y": 0
}
ignoreParentScaling
ignoreParentScaling = false
updateUpVectorFromRotation
updateUpVectorFromRotation = false
_tmpQuaternion
_tmpQuaternion = {
    "_isDirty": true,
    "_x": 0,
    "_y": 0,
    "_z": 0,
    "_w": 1
}
rotation
rotation = {
    "_isDirty": true,
    "_x": 0,
    "_y": 0,
    "_z": 0
}
speed
speed = 0.32778859105525804
noRotationConstraint
noRotationConstraint = false
invertRotation
invertRotation = false
inverseRotationSpeed
inverseRotationSpeed = 0.2
lockedTarget
lockedTarget = null
_currentTarget
_currentTarget = {
    "_isDirty": true,
    "_x": 0,
    "_y": 0,
    "_z": 0
}
_initialFocalDistance
_initialFocalDistance = 1
_viewMatrix
_viewMatrix = {
    "_isIdentity": false,
    "_isIdentityDirty": true,
    "_isIdentity3x2": false,
    "_isIdentity3x2Dirty": true,
    "updateFlag": 8103,
    "_m": {
        "0": -1,
        "1": 1.1248198179158957e-32,
        "2": 1.8369701465288538e-16,
        "3": 0,
        "4": 0,
        "5": 1,
        "6": -6.123234262925839e-17,
        "7": 0,
        "8": -1.8369701465288538e-16,
        "9": -6.123234262925839e-17,
        "10": -1,
        "11": 0,
        "12": 4.930380657631324e-32,
        "13": 2.465190328815662e-32,
        "14": 1.5862231254577637,
        "15": 1
    }
}
_camMatrix
_camMatrix = {
    "_isIdentity": false,
    "_isIdentityDirty": false,
    "_isIdentity3x2": false,
    "_isIdentity3x2Dirty": true,
    "updateFlag": 8084,
    "_m": {
        "0": 0,
        "1": 0,
        "2": 0,
        "3": 0,
        "4": 0,
        "5": 0,
        "6": 0,
        "7": 0,
        "8": 0,
        "9": 0,
        "10": 0,
        "11": 0,
        "12": 0,
        "13": 0,
        "14": 0,
        "15": 0
    }
}
_cameraTransformMatrix
_cameraTransformMatrix = {
    "_isIdentity": false,
    "_isIdentityDirty": false,
    "_isIdentity3x2": false,
    "_isIdentity3x2Dirty": true,
    "updateFlag": 8086,
    "_m": {
        "0": 0,
        "1": 0,
        "2": 0,
        "3": 0,
        "4": 0,
        "5": 0,
        "6": 0,
        "7": 0,
        "8": 0,
        "9": 0,
        "10": 0,
        "11": 0,
        "12": 0,
        "13": 0,
        "14": 0,
        "15": 0
    }
}
_cameraRotationMatrix
_cameraRotationMatrix = {
    "_isIdentity": false,
    "_isIdentityDirty": false,
    "_isIdentity3x2": false,
    "_isIdentity3x2Dirty": true,
    "updateFlag": 8088,
    "_m": {
        "0": 0,
        "1": 0,
        "2": 0,
        "3": 0,
        "4": 0,
        "5": 0,
        "6": 0,
        "7": 0,
        "8": 0,
        "9": 0,
        "10": 0,
        "11": 0,
        "12": 0,
        "13": 0,
        "14": 0,
        "15": 0
    }
}
_referencePoint
_referencePoint = {
    "_isDirty": true,
    "_x": 0,
    "_y": 0,
    "_z": 1
}
_transformedReferencePoint
_transformedReferencePoint = {
    "_isDirty": true,
    "_x": 0,
    "_y": 0,
    "_z": 0
}
_defaultUp
_defaultUp = {
    "_isDirty": true,
    "_x": 0,
    "_y": 1,
    "_z": 0
}
_cachedRotationZ
_cachedRotationZ = 0
_cachedQuaternionRotationZ
_cachedQuaternionRotationZ = 0
inertialAlphaOffset
inertialAlphaOffset = 0
inertialBetaOffset
inertialBetaOffset = 0
inertialRadiusOffset
inertialRadiusOffset = 0
lowerAlphaLimit
lowerAlphaLimit = null
upperAlphaLimit
upperAlphaLimit = null
lowerBetaLimit
lowerBetaLimit = 0.01
upperBetaLimit
upperBetaLimit = 3.1315926535897933
lowerRadiusLimit
lowerRadiusLimit = 0.016389429552762902
upperRadiusLimit
upperRadiusLimit = null
inertialPanningX
inertialPanningX = 0
inertialPanningY
inertialPanningY = 0
pinchToPanMaxDistance
pinchToPanMaxDistance = 20
panningDistanceLimit
panningDistanceLimit = null
panningOriginTarget
panningOriginTarget = {
    "_isDirty": true,
    "_x": 0,
    "_y": 0,
    "_z": 0
}
panningInertia
panningInertia = 0.9
zoomOnFactor
zoomOnFactor = 1
targetScreenOffset
targetScreenOffset = {
    "x": 0,
    "y": 0
}
allowUpsideDown
allowUpsideDown = true
useInputToRestoreState
useInputToRestoreState = true
panningAxis
panningAxis = {
    "_isDirty": true,
    "_x": 1,
    "_y": 1,
    "_z": 0
}
_transformedDirection
_transformedDirection = {
    "_isDirty": true,
    "_x": 0,
    "_y": 0,
    "_z": 0
}
mapPanning
mapPanning = false
onMeshTargetChangedObservable
onMeshTargetChangedObservable = {
    "_observers": [],
    "_numObserversMarkedAsDeleted": 0,
    "_eventState": {
        "mask": 0,
        "skipNextObservers": false
    }
}
checkCollisions
checkCollisions = false
collisionRadius
collisionRadius = {
    "_isDirty": true,
    "_x": 0.5,
    "_y": 0.5,
    "_z": 0.5
}
_previousPosition
_previousPosition = {
    "_isDirty": true,
    "_x": 0,
    "_y": 0,
    "_z": 0
}
_collisionVelocity
_collisionVelocity = {
    "_isDirty": true,
    "_x": 0,
    "_y": 0,
    "_z": 0
}
_newPosition
_newPosition = {
    "_isDirty": true,
    "_x": -2.913844609988041e-16,
    "_y": 9.712815366626804e-17,
    "_z": 1.5862231254577637
}
_computationVector
_computationVector = {
    "_isDirty": true,
    "_x": -2.913844609988041e-16,
    "_y": 9.712815366626804e-17,
    "_z": 1.5862231254577637
}
_onCollisionPositionChange
_onCollisionPositionChange = undefined
_target
_target = {
    "_isDirty": true,
    "_x": 0,
    "_y": 0,
    "_z": 0
}
_targetHost
_targetHost = null
_targetBoundingCenter
_targetBoundingCenter = null
radius
radius = 1.5862231254577637
alpha
alpha = -4.71238898038469
beta
beta = 1.5707963267948966
_yToUpMatrix
_yToUpMatrix = {
    "_isIdentity": false,
    "_isIdentityDirty": true,
    "_isIdentity3x2": false,
    "_isIdentity3x2Dirty": true,
    "updateFlag": 8096,
    "_m": {
        "0": 1,
        "1": 0,
        "2": 0,
        "3": 0,
        "4": 0,
        "5": 1,
        "6": 0,
        "7": 0,
        "8": 0,
        "9": 0,
        "10": 1,
        "11": 0,
        "12": 0,
        "13": 0,
        "14": 0,
        "15": 1
    }
}
_upToYMatrix
_upToYMatrix = {
    "_isIdentity": false,
    "_isIdentityDirty": true,
    "_isIdentity3x2": false,
    "_isIdentity3x2Dirty": true,
    "updateFlag": 8097,
    "_m": {
        "0": 1,
        "1": 0,
        "2": 0,
        "3": 0,
        "4": 0,
        "5": 1,
        "6": 0,
        "7": 0,
        "8": 0,
        "9": 0,
        "10": 1,
        "11": 0,
        "12": 0,
        "13": 0,
        "14": 0,
        "15": 1
    }
}
camera mode = 0, position = {X: -2.913844609988041e-16 Y: 9.712815366626804e-17 Z: 1.5862231254577637}, target = {X: 0 Y: 0 Z: 0}, upVector = {X: 0 Y: 1 Z: 0}, fov = 0.786435360612304, viewport = [0, 0, 1, 1]

--------------------------------------------------------------------------------------------------------------------------------------------------------------------------------

[trc] 00:00:24.0313:  0xce84 -- Gfx::Model3DRenderer::Model3DRenderer C:\office\src\gfx\model3d\model3drenderer.cpp(472) ...
    this = 0x000001A12AFE5060
    scene = 0x000001A124223200
    renderMode = Play3DAnimation

[trc] 00:00:24.0320:  0xce84 -- Gfx::Model3DRenderer::Render C:\office\src\gfx\model3d\model3drenderer_win.cpp(173) ...

DEBUG: init texture size = [480, 480]


    renderer = 0x000001A12AFE5060

[trc] 00:00:19.0694:  0xce84 -- OSpectre::Babylon::Renderer::Render C:\office\src\graphics\spectre\babylon_renderer.cpp(168) ...
    this = 0x000001A122230870
    viewport: xy = [0.833333, 0.833333], size = [480, 480]
    cameraTransform = {
       projection type = Perspective
       position    = [0, 0, 1.58622]
       target      = [0, 0, 0]
       up vector   = [0, 1, 0]
       fov degrees = 45
       near clip   = 0.973138
       far clip    = 2.19931
    fClipped = false
    viewportWidth = 481.667
    viewportHeight = 481.667
    textureWidth = 480
    textureHeight = 480
    left = 0.833333
    right = 480.833
    top = 0.833333
    bottom = 480.833
    centerX = 240.833
    centerY = 240.833
    vpX = -3.16791e-08
    vpY = -3.16791e-08
    vpWidth = 0.99654
    vpHeight = 0.99654
    fov degs = 45.1406
    fov = 0.787852
0.00622399989515543,0,0,0,0,0.00622399989515543,0,0,0,0,0.00622399989515543,0,0.016580305993556976,-0.24961130321025848,0.04303361102938652,1
scale = {X: 0.00622399989515543 Y: 0.00622399989515543 Z: 0.00622399989515543}, rotation = {X: 0 Y: 0 Z: 0 W: 1}, translation = {X: 0.016580305993556976 Y: -0.24961130321025848 Z: 0.04303361102938652}
scene.isReady
_isDirty
_isDirty = false
_nodeDataStorage
_nodeDataStorage = {
    "_doNotSerialize": false,
    "_isDisposed": false,
    "_sceneRootNodesIndex": 2,
    "_isEnabled": true,
    "_isParentEnabled": true,
    "_isReady": true,
    "_onEnabledStateChangedObservable": {
        "_observers": [],
        "_numObserversMarkedAsDeleted": 0,
        "_eventState": {
            "mask": 0,
            "skipNextObservers": false
        }
    },
    "_onClonedObservable": {
        "_observers": [],
        "_numObserversMarkedAsDeleted": 0,
        "_eventState": {
            "mask": 0,
            "skipNextObservers": false
        }
    }
}
state
state = ""
metadata
metadata = null
reservedDataStore
reservedDataStore = null
_accessibilityTag
_accessibilityTag = null
onAccessibilityTagChangedObservable
onAccessibilityTagChangedObservable = {
    "_observers": [],
    "_numObserversMarkedAsDeleted": 0,
    "_eventState": {
        "mask": 0,
        "skipNextObservers": false
    }
}
_parentContainer
_parentContainer = null
animations
animations = []
_ranges
_ranges = {}
onReady
onReady = null
_currentRenderId
_currentRenderId = 6
_parentUpdateId
_parentUpdateId = -1
_childUpdateId
_childUpdateId = 1
_waitingParentId
_waitingParentId = null
_waitingParentInstanceIndex
_waitingParentInstanceIndex = null
_waitingParsedUniqueId
_waitingParsedUniqueId = null
_cache
_cache = {
    "parent": null,
    "position": {
        "_isDirty": true,
        "_x": 0,
        "_y": 0,
        "_z": 1.5862231254577637
    },
    "upVector": {
        "_isDirty": true,
        "_x": 0,
        "_y": 1,
        "_z": 0
    },
    "mode": 0,
    "minZ": 0.016389429552762902,
    "maxZ": 1638.9429552762901,
    "fov": 0.7878521207003342,
    "fovMode": 0,
    "aspectRatio": 1,
    "lockedTarget": null,
    "rotation": {
        "_isDirty": true,
        "_x": 0,
        "_y": 0,
        "_z": 0
    },
    "rotationQuaternion": {
        "_isDirty": true,
        "_x": 1.7976931348623157e+308,
        "_y": 1.7976931348623157e+308,
        "_z": 1.7976931348623157e+308,
        "_w": 1.7976931348623157e+308
    },
    "_target": {
        "_isDirty": true,
        "_x": 0,
        "_y": 0,
        "_z": 0
    },
    "alpha": -4.71238898038469,
    "beta": 1.5707963267948966,
    "radius": 1.5862231254577637,
    "targetScreenOffset": {
        "x": 0,
        "y": 0
    },
    "projectionPlaneTilt": 0
}
_parentNode
_parentNode = null
_children
_children = null
_worldMatrix
_worldMatrix = {
    "_isIdentity": false,
    "_isIdentityDirty": true,
    "_isIdentity3x2": false,
    "_isIdentity3x2Dirty": true,
    "updateFlag": 8201,
    "_m": {
        "0": -1,
        "1": -3.620380699444954e-40,
        "2": -1.8369701465288538e-16,
        "3": 0,
        "4": 1.1248198179158957e-32,
        "5": 1,
        "6": -6.123234262925839e-17,
        "7": 0,
        "8": 1.8369701465288538e-16,
        "9": -6.123234262925839e-17,
        "10": -1,
        "11": 0,
        "12": -2.9138444252294244e-16,
        "13": 9.712815633090735e-17,
        "14": 1.5862231254577637,
        "15": 1
    }
}
_worldMatrixDeterminant
_worldMatrixDeterminant = 0
_worldMatrixDeterminantIsDirty
_worldMatrixDeterminantIsDirty = true
_animationPropertiesOverride
_animationPropertiesOverride = null
_isNode
_isNode = true
onDisposeObservable
onDisposeObservable = {
    "_observers": [],
    "_numObserversMarkedAsDeleted": 0,
    "_eventState": {
        "mask": 0,
        "skipNextObservers": false
    }
}
_onDisposeObserver
_onDisposeObserver = null
_behaviors
_behaviors = []
name
name = "default camera"
id
id = "default camera"
uniqueId
uniqueId = 68
_position
_position = {
    "_isDirty": true,
    "_x": -2.913844609988041e-16,
    "_y": 9.712815366626804e-17,
    "_z": 1.5862231254577637
}
_upVector
_upVector = {
    "_isDirty": true,
    "_x": 0,
    "_y": 1,
    "_z": 0
}
_orthoLeft
_orthoLeft = null
_orthoRight
_orthoRight = null
_orthoBottom
_orthoBottom = null
_orthoTop
_orthoTop = null
fov
fov = 0.7878521207003342
projectionPlaneTilt
projectionPlaneTilt = 0
minZ
minZ = 0.016389429552762902
maxZ
maxZ = 1638.9429552762901
inertia
inertia = 0.9
_mode
_mode = 0
isIntermediate
isIntermediate = false
viewport
viewport = {
    "x": 0,
    "y": 0,
    "width": 1,
    "height": 1
}
layerMask
layerMask = 268435455
fovMode
fovMode = 0
cameraRigMode
cameraRigMode = 0
customRenderTargets
customRenderTargets = []
onViewMatrixChangedObservable
onViewMatrixChangedObservable = {
    "_observers": [],
    "_numObserversMarkedAsDeleted": 0,
    "_eventState": {
        "mask": 0,
        "skipNextObservers": false
    }
}
onProjectionMatrixChangedObservable
onProjectionMatrixChangedObservable = {
    "_observers": [],
    "_numObserversMarkedAsDeleted": 0,
    "_eventState": {
        "mask": 0,
        "skipNextObservers": false
    }
}
onAfterCheckInputsObservable
onAfterCheckInputsObservable = {
    "_observers": [],
    "_numObserversMarkedAsDeleted": 0,
    "_eventState": {
        "mask": 0,
        "skipNextObservers": false
    }
}
onRestoreStateObservable
onRestoreStateObservable = {
    "_observers": [],
    "_numObserversMarkedAsDeleted": 0,
    "_eventState": {
        "mask": 0,
        "skipNextObservers": false
    }
}
isRigCamera
isRigCamera = false
_rigCameras
_rigCameras = []
_webvrViewMatrix
_webvrViewMatrix = {
    "_isIdentity": true,
    "_isIdentityDirty": false,
    "_isIdentity3x2": true,
    "_isIdentity3x2Dirty": false,
    "updateFlag": 8172,
    "_m": {
        "0": 1,
        "1": 0,
        "2": 0,
        "3": 0,
        "4": 0,
        "5": 1,
        "6": 0,
        "7": 0,
        "8": 0,
        "9": 0,
        "10": 1,
        "11": 0,
        "12": 0,
        "13": 0,
        "14": 0,
        "15": 1
    }
}
_skipRendering
_skipRendering = false
_projectionMatrix
_projectionMatrix = {
    "_isIdentity": false,
    "_isIdentityDirty": false,
    "_isIdentity3x2": false,
    "_isIdentity3x2Dirty": true,
    "updateFlag": 8202,
    "_m": {
        "0": 2.40585994720459,
        "1": 0,
        "2": 0,
        "3": 0,
        "4": 0,
        "5": 2.40585994720459,
        "6": 0,
        "7": 0,
        "8": 0,
        "9": 0,
        "10": 1.0000200271606445,
        "11": 1,
        "12": 0,
        "13": 0,
        "14": -0.032779186964035034,
        "15": 0
    }
}
_postProcesses
_postProcesses = []
_globalPosition
_globalPosition = {
    "_isDirty": true,
    "_x": -2.913844609988041e-16,
    "_y": 9.712815366626804e-17,
    "_z": 1.5862231254577637
}
_computedViewMatrix
_computedViewMatrix = {
    "_isIdentity": false,
    "_isIdentityDirty": true,
    "_isIdentity3x2": false,
    "_isIdentity3x2Dirty": true,
    "updateFlag": 8200,
    "_m": {
        "0": -1,
        "1": 1.1248198179158957e-32,
        "2": 1.8369701465288538e-16,
        "3": 0,
        "4": 0,
        "5": 1,
        "6": -6.123234262925839e-17,
        "7": 0,
        "8": -1.8369701465288538e-16,
        "9": -6.123234262925839e-17,
        "10": -1,
        "11": 0,
        "12": 4.930380657631324e-32,
        "13": 2.465190328815662e-32,
        "14": 1.5862231254577637,
        "15": 1
    }
}
_doNotComputeProjectionMatrix
_doNotComputeProjectionMatrix = false
_transformMatrix
_transformMatrix = {
    "_isIdentity": false,
    "_isIdentityDirty": false,
    "_isIdentity3x2": false,
    "_isIdentity3x2Dirty": true,
    "updateFlag": 8177,
    "_m": {
        "0": 0,
        "1": 0,
        "2": 0,
        "3": 0,
        "4": 0,
        "5": 0,
        "6": 0,
        "7": 0,
        "8": 0,
        "9": 0,
        "10": 0,
        "11": 0,
        "12": 0,
        "13": 0,
        "14": 0,
        "15": 0
    }
}
_refreshFrustumPlanes
_refreshFrustumPlanes = true
_absoluteRotation
_absoluteRotation = {
    "_isDirty": true,
    "_x": 0,
    "_y": 0,
    "_z": 0,
    "_w": 1
}
_isCamera
_isCamera = true
_isLeftCamera
_isLeftCamera = false
_isRightCamera
_isRightCamera = false
renderPassId
renderPassId = 5
_tmpUpVector
_tmpUpVector = {
    "_isDirty": true,
    "_x": 0,
    "_y": 0,
    "_z": 0
}
_tmpTargetVector
_tmpTargetVector = {
    "_isDirty": true,
    "_x": 0,
    "_y": 0,
    "_z": 0
}
cameraDirection
cameraDirection = {
    "_isDirty": true,
    "_x": 0,
    "_y": 0,
    "_z": 0
}
cameraRotation
cameraRotation = {
    "x": 0,
    "y": 0
}
ignoreParentScaling
ignoreParentScaling = false
updateUpVectorFromRotation
updateUpVectorFromRotation = false
_tmpQuaternion
_tmpQuaternion = {
    "_isDirty": true,
    "_x": 0,
    "_y": 0,
    "_z": 0,
    "_w": 1
}
rotation
rotation = {
    "_isDirty": true,
    "_x": 0,
    "_y": 0,
    "_z": 0
}
speed
speed = 0.32778859105525804
noRotationConstraint
noRotationConstraint = false
invertRotation
invertRotation = false
inverseRotationSpeed
inverseRotationSpeed = 0.2
lockedTarget
lockedTarget = null
_currentTarget
_currentTarget = {
    "_isDirty": true,
    "_x": 0,
    "_y": 0,
    "_z": 0
}
_initialFocalDistance
_initialFocalDistance = 1
_viewMatrix
_viewMatrix = {
    "_isIdentity": false,
    "_isIdentityDirty": true,
    "_isIdentity3x2": false,
    "_isIdentity3x2Dirty": true,
    "updateFlag": 8200,
    "_m": {
        "0": -1,
        "1": 1.1248198179158957e-32,
        "2": 1.8369701465288538e-16,
        "3": 0,
        "4": 0,
        "5": 1,
        "6": -6.123234262925839e-17,
        "7": 0,
        "8": -1.8369701465288538e-16,
        "9": -6.123234262925839e-17,
        "10": -1,
        "11": 0,
        "12": 4.930380657631324e-32,
        "13": 2.465190328815662e-32,
        "14": 1.5862231254577637,
        "15": 1
    }
}
_camMatrix
_camMatrix = {
    "_isIdentity": false,
    "_isIdentityDirty": false,
    "_isIdentity3x2": false,
    "_isIdentity3x2Dirty": true,
    "updateFlag": 8181,
    "_m": {
        "0": 0,
        "1": 0,
        "2": 0,
        "3": 0,
        "4": 0,
        "5": 0,
        "6": 0,
        "7": 0,
        "8": 0,
        "9": 0,
        "10": 0,
        "11": 0,
        "12": 0,
        "13": 0,
        "14": 0,
        "15": 0
    }
}
_cameraTransformMatrix
_cameraTransformMatrix = {
    "_isIdentity": false,
    "_isIdentityDirty": false,
    "_isIdentity3x2": false,
    "_isIdentity3x2Dirty": true,
    "updateFlag": 8183,
    "_m": {
        "0": 0,
        "1": 0,
        "2": 0,
        "3": 0,
        "4": 0,
        "5": 0,
        "6": 0,
        "7": 0,
        "8": 0,
        "9": 0,
        "10": 0,
        "11": 0,
        "12": 0,
        "13": 0,
        "14": 0,
        "15": 0
    }
}
_cameraRotationMatrix
_cameraRotationMatrix = {
    "_isIdentity": false,
    "_isIdentityDirty": false,
    "_isIdentity3x2": false,
    "_isIdentity3x2Dirty": true,
    "updateFlag": 8185,
    "_m": {
        "0": 0,
        "1": 0,
        "2": 0,
        "3": 0,
        "4": 0,
        "5": 0,
        "6": 0,
        "7": 0,
        "8": 0,
        "9": 0,
        "10": 0,
        "11": 0,
        "12": 0,
        "13": 0,
        "14": 0,
        "15": 0
    }
}
_referencePoint
_referencePoint = {
    "_isDirty": true,
    "_x": 0,
    "_y": 0,
    "_z": 1
}
_transformedReferencePoint
_transformedReferencePoint = {
    "_isDirty": true,
    "_x": 0,
    "_y": 0,
    "_z": 0
}
_defaultUp
_defaultUp = {
    "_isDirty": true,
    "_x": 0,
    "_y": 1,
    "_z": 0
}
_cachedRotationZ
_cachedRotationZ = 0
_cachedQuaternionRotationZ
_cachedQuaternionRotationZ = 0
inertialAlphaOffset
inertialAlphaOffset = 0
inertialBetaOffset
inertialBetaOffset = 0
inertialRadiusOffset
inertialRadiusOffset = 0
lowerAlphaLimit
lowerAlphaLimit = null
upperAlphaLimit
upperAlphaLimit = null
lowerBetaLimit
lowerBetaLimit = 0.01
upperBetaLimit
upperBetaLimit = 3.1315926535897933
lowerRadiusLimit
lowerRadiusLimit = 0.016389429552762902
upperRadiusLimit
upperRadiusLimit = null
inertialPanningX
inertialPanningX = 0
inertialPanningY
inertialPanningY = 0
pinchToPanMaxDistance
pinchToPanMaxDistance = 20
panningDistanceLimit
panningDistanceLimit = null
panningOriginTarget
panningOriginTarget = {
    "_isDirty": true,
    "_x": 0,
    "_y": 0,
    "_z": 0
}
panningInertia
panningInertia = 0.9
zoomOnFactor
zoomOnFactor = 1
targetScreenOffset
targetScreenOffset = {
    "x": 0,
    "y": 0
}
allowUpsideDown
allowUpsideDown = true
useInputToRestoreState
useInputToRestoreState = true
panningAxis
panningAxis = {
    "_isDirty": true,
    "_x": 1,
    "_y": 1,
    "_z": 0
}
_transformedDirection
_transformedDirection = {
    "_isDirty": true,
    "_x": 0,
    "_y": 0,
    "_z": 0
}
mapPanning
mapPanning = false
onMeshTargetChangedObservable
onMeshTargetChangedObservable = {
    "_observers": [],
    "_numObserversMarkedAsDeleted": 0,
    "_eventState": {
        "mask": 0,
        "skipNextObservers": false
    }
}
checkCollisions
checkCollisions = false
collisionRadius
collisionRadius = {
    "_isDirty": true,
    "_x": 0.5,
    "_y": 0.5,
    "_z": 0.5
}
_previousPosition
_previousPosition = {
    "_isDirty": true,
    "_x": 0,
    "_y": 0,
    "_z": 0
}
_collisionVelocity
_collisionVelocity = {
    "_isDirty": true,
    "_x": 0,
    "_y": 0,
    "_z": 0
}
_newPosition
_newPosition = {
    "_isDirty": true,
    "_x": -2.913844609988041e-16,
    "_y": 9.712815366626804e-17,
    "_z": 1.5862231254577637
}
_computationVector
_computationVector = {
    "_isDirty": true,
    "_x": -2.913844609988041e-16,
    "_y": 9.712815366626804e-17,
    "_z": 1.5862231254577637
}
_onCollisionPositionChange
_onCollisionPositionChange = undefined
_target
_target = {
    "_isDirty": true,
    "_x": 0,
    "_y": 0,
    "_z": 0
}
_targetHost
_targetHost = null
_targetBoundingCenter
_targetBoundingCenter = null
radius
radius = 1.5862231254577637
alpha
alpha = -4.71238898038469
beta
beta = 1.5707963267948966
_yToUpMatrix
_yToUpMatrix = {
    "_isIdentity": false,
    "_isIdentityDirty": true,
    "_isIdentity3x2": false,
    "_isIdentity3x2Dirty": true,
    "updateFlag": 8193,
    "_m": {
        "0": 1,
        "1": 0,
        "2": 0,
        "3": 0,
        "4": 0,
        "5": 1,
        "6": 0,
        "7": 0,
        "8": 0,
        "9": 0,
        "10": 1,
        "11": 0,
        "12": 0,
        "13": 0,
        "14": 0,
        "15": 1
    }
}
_upToYMatrix
_upToYMatrix = {
    "_isIdentity": false,
    "_isIdentityDirty": true,
    "_isIdentity3x2": false,
    "_isIdentity3x2Dirty": true,
    "updateFlag": 8194,
    "_m": {
        "0": 1,
        "1": 0,
        "2": 0,
        "3": 0,
        "4": 0,
        "5": 1,
        "6": 0,
        "7": 0,
        "8": 0,
        "9": 0,
        "10": 1,
        "11": 0,
        "12": 0,
        "13": 0,
        "14": 0,
        "15": 1
    }
}
camera mode = 0, position = {X: -2.913844609988041e-16 Y: 9.712815366626804e-17 Z: 1.5862231254577637}, target = {X: 0 Y: 0 Z: 0}, upVector = {X: 0 Y: 1 Z: 0}, fov = 0.7878521207003342, viewport = [0, 0, 1, 1]
