-------------------------------------------------------------------
You may only use the C/C++ Extension for Visual Studio Code
with Visual Studio Code, Visual Studio or Visual Studio for Mac
software to help you develop and test your applications.
-------------------------------------------------------------------
Breakpoint warning: No executable code of the debugger’s target code type is associated with this line.
Possible causes include: conditional compilation, compiler optimizations, or the target architecture of this line is not supported by the current debugger code type. - c:\office\src\otools\inc\gfx\gfxModel3d.h:206
NetUI BinaryReader - Error : ElementListener not found: GalleryRefreshButtonInputHandler
onecoreuap\base\appmodel\search\structuredquery\schemaengine\schemaengine.cpp(3058)\StructuredQuery.dll!00007FFEC128326E: (caller: 00007FFEC1264FF2) ReturnHr(2) tid(43c) 8000FFFF Catastrophic failure
    CallContext:[\SchemaBinaryLoadBinary]
onecoreuap\base\appmodel\search\structuredquery\schemaengine\schemaengine.cpp(3058)\StructuredQuery.dll!00007FFEC128326E: (caller: 00007FFEC1264FF2) ReturnHr(3) tid(6304) 8000FFFF Catastrophic failure
    CallContext:[\SchemaBinaryLoadBinary]
onecoreuap\base\appmodel\search\structuredquery\schemaengine\schemaengine.cpp(3058)\StructuredQuery.dll!00007FFEC128326E: (caller: 00007FFEC1264FF2) ReturnHr(1) tid(4834) 8000FFFF Catastrophic failure
    CallContext:[\SchemaBinaryLoadBinary]
onecoreuap\shell\propsys\memorymappedcache\version.cpp(210)\PROPSYS.dll!00007FFEE8C09637: (caller: 00007FFEE8BCD9E7) ReturnHr(2) tid(43c) 80070490 Element not found.
onecoreuap\shell\propsys\memorymappedcache\version.cpp(210)\PROPSYS.dll!00007FFEE8C09637: (caller: 00007FFEE8BCD9E7) ReturnHr(1) tid(6304) 80070490 Element not found.
onecoreuap\shell\propsys\memorymappedcache\version.cpp(210)\PROPSYS.dll!00007FFEE8C09637: (caller: 00007FFEE8BCD9E7) ReturnHr(3) tid(4834) 80070490 Element not found.
onecoreuap\shell\propsys\memorymappedcache\version.cpp(210)\PROPSYS.dll!00007FFEE8C09637: (caller: 00007FFEE8BCD9E7) ReturnHr(4) tid(43c) 80070490 Element not found.
ReactNative ['sdx_collabml.app'] (warning): 'Require cycle: ..\..\..\node_modules\@ms\oteljs\dist-cjs\index.js -> ..\..\..\node_modules\@ms\oteljs\dist-cjs\EventFlagFiller.js -> ..\..\..\node_modules\@ms\oteljs\dist-cjs\index.js

Require cycles are allowed, but can result in uninitialized values. Consider refactoring to remove the need for a cycle.'
ReactNative ['sdx_collabml.app'] (warning): 'Require cycle: ..\..\..\node_modules\@ms\oteljs\dist-cjs\index.js -> ..\..\..\node_modules\@ms\oteljs\dist-cjs\SimpleTelemetryLogger.js -> ..\..\..\node_modules\@ms\oteljs\dist-cjs\index.js

Require cycles are allowed, but can result in uninitialized values. Consider refactoring to remove the need for a cycle.'
NetUI BinaryReader - Error : ElementListener not found: GalleryRefreshButtonInputHandler
MsoMakeFindFile: Thread 15692 never called DLL_THREAD_ATTACH on MSO97, assigning 0000000000000000 as context
MsoMakeFindFile: Thread 15692 never called DLL_THREAD_ATTACH on MSO97, assigning 0000000000000000 as context
*** ASSERT FAILED: Input parameter LanguagesBuffer for function RtlSetThreadPreferredUILanguages is not a valid multi-string!
mincore\com\oleaut32\dispatch\ups.cpp(2126)\OLEAUT32.dll!00007FFEF0B3469C: (caller: 00007FFEF0B3498A) ReturnHr(1) tid(3d4c) 8002801D Library not registered.

--------------------------------------------------------------------------------------------------------------------------------------------------------------------------------

[trc] 00:00:00.0003:  0x14cc -- Gfx::IModel3DScene::GetSourceFormatFromString gfx\model3d\model3dscene.cpp(1130) ...

[trc] 00:00:00.0006:  0x14cc -- Gfx::IModel3DScene::GetExportFormatFromString gfx\model3d\model3dscene.cpp(1139) ...

[trc] 00:00:00.0008:  0x14cc -- Gfx::IModel3DScene::Convert gfx\model3d\model3dscene.cpp(1271) ...

[trc] 00:00:00.0361:  0x14cc -- Gfx::IModel3DScene::GetUniqueIDFromStream gfx\model3d\model3dscene.cpp(947) ...

[trc] 00:00:00.0364:  0x14cc -- Gfx::IModel3DScene::GetSourceFormatFromString gfx\model3d\model3dscene.cpp(1130) ...

[trc] 00:00:00.0366:  0x14cc -- Gfx::IModel3DScene::Create gfx\model3d\model3dscene.cpp(1148) ...

[trc] 00:00:00.0368:  0x14cc -- Gfx::Model3DScene::Model3DScene gfx\model3d\model3dscene.cpp(226) ...

[trc] 00:00:00.0371:  0x14cc -- Gfx::Model3DScene::FLoadingFinished gfx\model3d\model3dscene.cpp(281) ...

[trc] 00:00:00.0373:  0x14cc -- Gfx::Model3DScene::FHasEmptyBounds gfx\model3d\model3dscene.cpp(710) ...

[trc] 00:00:00.0376:  0x14cc -- Gfx::Model3DScene::GetBoundingBoxExtents gfx\model3d\model3dscene.cpp(761) ...

[trc] 00:00:00.0812:  0x14cc -- Gfx::Model3DScene::FHasSupportedAnimations gfx\model3d\model3dscene.cpp(1453) ...

[trc] 00:00:00.0815:  0x14cc -- Gfx::Model3DScene::FIsEmbeddedAnimationSupported gfx\model3d\model3dscene.cpp(1466) ...

[trc] 00:00:00.0818:  0x14cc -- Gfx::Model3DScene::GetFirstSupportedAnimation gfx\model3d\model3dscene.cpp(1480) ...

[trc] 00:00:00.0820:  0x14cc -- Gfx::Model3DScene::FIsEmbeddedAnimationSupported gfx\model3d\model3dscene.cpp(1466) ...

[trc] 00:00:00.0823:  0x14cc -- Gfx::Model3DScene::GetBoundingBoxExtents gfx\model3d\model3dscene.cpp(761) ...

[trc] 00:00:00.0832:  0x3d4c -- Gfx::Model3DScene::FHasSupportedAnimations gfx\model3d\model3dscene.cpp(1453) ...

[trc] 00:00:00.0834:  0x3d4c -- Gfx::Model3DScene::FIsEmbeddedAnimationSupported gfx\model3d\model3dscene.cpp(1466) ...

[trc] 00:00:00.0838:  0x3d4c -- Gfx::Model3DScene::GetFirstSupportedAnimation gfx\model3d\model3dscene.cpp(1480) ...

[trc] 00:00:00.0840:  0x3d4c -- Gfx::Model3DScene::FIsEmbeddedAnimationSupported gfx\model3d\model3dscene.cpp(1466) ...

[trc] 00:00:00.0843:  0x3d4c -- Gfx::Model3DScene::GetEmbeddedAnimationDurationInSecs gfx\model3d\model3dscene.cpp(1509) ...

[trc] 00:00:00.0857:  0x3d4c -- Gfx::Model3DScene::FHasEmptyBounds gfx\model3d\model3dscene.cpp(710) ...

[trc] 00:00:00.0859:  0x3d4c -- Gfx::Model3DScene::GetBoundingBoxExtents gfx\model3d\model3dscene.cpp(761) ...

[trc] 00:00:00.0862:  0x3d4c -- Gfx::IModel3DRenderer::Create gfx\model3d\model3drenderer.cpp(606) ...
    renderMode = RasterizeE2o

[trc] 00:00:00.0867:  0x3d4c -- Gfx::Model3DRenderer::Model3DRenderer gfx\model3d\model3drenderer.cpp(472) ...
    renderMode = RasterizeE2o

[trc] 00:00:00.0874:  0x3d4c -- Gfx::Model3DRenderer::Render gfx\model3d\model3drenderer_win.cpp(173) ...

[trc] 00:00:00.0877:  0x3d4c -- Gfx::Model3DRenderer::FHardwareAccelerationDisabled gfx\model3d\Model3D.h(214) ...
Adapter=Microsoft Basic Render Driver; Feature Level=0xb100

[trc] 00:00:00.0908:  0x3d4c -- Gfx::Model3DScene::GetBoundingBoxExtents gfx\model3d\model3dscene.cpp(761) ...

[trc] 00:00:01.0028:  0x3d4c -- Gfx::Model3DRenderer::CreateImage gfx\model3d\model3drenderer.cpp(566) ...

[trc] 00:00:01.0035:  0x3d4c -- Gfx::Model3DScene::GetMinRequiredRendererVersion gfx\model3d\model3dscene.cpp(808) ...

[trc] 00:00:01.0107:  0x3d4c -- Gfx::Model3DRenderer::~Model3DRenderer gfx\model3d\model3drenderer_win.cpp(74) ...
    renderMode = RasterizeE2o

[trc] 00:00:01.0113:  0x3d4c -- Gfx::Model3DScene::GetRemixId gfx\model3d\model3dscene.cpp(790) ...

[trc] 00:00:01.0116:  0x3d4c -- Gfx::Model3DScene::EstimateModel3DSceneMemSizeBytes gfx\model3d\model3dscene.cpp(1031) ...

[trc] 00:00:01.0117:  0x3d4c -- Gfx::Model3DScene::GetOriginalFileSize gfx\model3d\model3dscene.cpp(755) ...

[trc] 00:00:01.0135:  0x3d4c -- Gfx::Model3DScene::FHasEmptyBounds gfx\model3d\model3dscene.cpp(710) ...

[trc] 00:00:01.0137:  0x3d4c -- Gfx::Model3DScene::GetBoundingBoxExtents gfx\model3d\model3dscene.cpp(761) ...

[trc] 00:00:01.0140:  0x3d4c -- Gfx::Model3DScene::FHasSupportedAnimations gfx\model3d\model3dscene.cpp(1453) ...

[trc] 00:00:01.0143:  0x3d4c -- Gfx::Model3DScene::FIsEmbeddedAnimationSupported gfx\model3d\model3dscene.cpp(1466) ...

[trc] 00:00:01.0146:  0x3d4c -- Gfx::Model3DScene::GetProjectionBounds gfx\model3d\model3dscene.cpp(720) ...

[trc] 00:00:01.0153:  0x3d4c -- Gfx::Model3DScene::FHasSupportedAnimations gfx\model3d\model3dscene.cpp(1453) ...

[trc] 00:00:01.0155:  0x3d4c -- Gfx::Model3DScene::FIsEmbeddedAnimationSupported gfx\model3d\model3dscene.cpp(1466) ...

[trc] 00:00:01.0159:  0x3d4c -- Gfx::Model3DScene::GetOriginalFileSize gfx\model3d\model3dscene.cpp(755) ...

[trc] 00:00:01.0190:  0x3d4c -- Gfx::IModel3DScene::GetUniqueIDFromStream gfx\model3d\model3dscene.cpp(947) ...

[trc] 00:00:01.0194:  0x3d4c -- Gfx::IModel3DScene::GetSourceFormatFromString gfx\model3d\model3dscene.cpp(1130) ...

[trc] 00:00:01.0196:  0x3d4c -- Gfx::IModel3DScene::Create gfx\model3d\model3dscene.cpp(1148) ...

[trc] 00:00:01.0198:  0x3d4c -- Gfx::Model3DScene::FLoadingFinished gfx\model3d\model3dscene.cpp(281) ...

[trc] 00:00:01.0201:  0x3d4c -- Gfx::Model3DScene::FHasSupportedAnimations gfx\model3d\model3dscene.cpp(1453) ...

[trc] 00:00:01.0203:  0x3d4c -- Gfx::Model3DScene::FIsEmbeddedAnimationSupported gfx\model3d\model3dscene.cpp(1466) ...

[trc] 00:00:01.0216:  0x3d4c -- Gfx::Model3DScene::GetBoundingBoxExtents gfx\model3d\model3dscene.cpp(761) ...

[trc] 00:00:01.0224:  0x3d4c -- Gfx::Model3DScene::GetEmbeddedAnimationDurationInSecs gfx\model3d\model3dscene.cpp(1509) ...

[trc] 00:00:01.0902:  0x3d4c -- Gfx::Model3DScene::FHasEmptyBounds gfx\model3d\model3dscene.cpp(710) ...

[trc] 00:00:01.0905:  0x3d4c -- Gfx::Model3DScene::GetBoundingBoxExtents gfx\model3d\model3dscene.cpp(761) ...

[trc] 00:00:01.0907:  0x3d4c -- Gfx::IModel3DRenderer::Create gfx\model3d\model3drenderer.cpp(606) ...
    renderMode = RasterizeE2o

[trc] 00:00:01.0913:  0x3d4c -- Gfx::Model3DRenderer::Model3DRenderer gfx\model3d\model3drenderer.cpp(472) ...
    renderMode = RasterizeE2o

[trc] 00:00:01.0919:  0x3d4c -- Gfx::Model3DScene::FHasSupportedAnimations gfx\model3d\model3dscene.cpp(1453) ...

[trc] 00:00:01.0922:  0x3d4c -- Gfx::Model3DScene::FIsEmbeddedAnimationSupported gfx\model3d\model3dscene.cpp(1466) ...

[trc] 00:00:01.0925:  0x3d4c -- Gfx::Model3DScene::GetProjectionBounds gfx\model3d\model3dscene.cpp(720) ...

[trc] 00:00:01.0932:  0x3d4c -- Gfx::Model3DRenderer::Render gfx\model3d\model3drenderer_win.cpp(173) ...

[trc] 00:00:01.0934:  0x3d4c -- Gfx::Model3DRenderer::FHardwareAccelerationDisabled gfx\model3d\Model3D.h(214) ...

[trc] 00:00:01.0945:  0x3d4c -- Gfx::Model3DScene::GetBoundingBoxExtents gfx\model3d\model3dscene.cpp(761) ...

[trc] 00:00:02.0028:  0x3d4c -- Gfx::Model3DRenderer::CreateImage gfx\model3d\model3drenderer.cpp(566) ...

[trc] 00:00:02.0032:  0x3d4c -- Gfx::Model3DScene::GetMinRequiredRendererVersion gfx\model3d\model3dscene.cpp(808) ...

[trc] 00:00:02.0060:  0x3d4c -- Gfx::Model3DRenderer::~Model3DRenderer gfx\model3d\model3drenderer_win.cpp(74) ...
    renderMode = RasterizeE2o

[trc] 00:00:02.0087:  0x3d4c -- Gfx::Model3DScene::~Model3DScene gfx\model3d\Model3D.h(49) ...

[trc] 00:00:02.0098:  0x3d4c -- Gfx::IModel3DScene::GetUniqueIDFromStream gfx\model3d\model3dscene.cpp(947) ...

[trc] 00:00:02.0101:  0x3d4c -- Gfx::IModel3DScene::GetSourceFormatFromString gfx\model3d\model3dscene.cpp(1130) ...

[trc] 00:00:02.0103:  0x3d4c -- Gfx::IModel3DScene::Create gfx\model3d\model3dscene.cpp(1148) ...

[trc] 00:00:02.0106:  0x3d4c -- Gfx::Model3DScene::Model3DScene gfx\model3d\model3dscene.cpp(226) ...

[trc] 00:00:02.0109:  0x3d4c -- Gfx::Model3DScene::FLoadingFinished gfx\model3d\model3dscene.cpp(281) ...

[trc] 00:00:02.0435:  0x3d4c -- Gfx::Model3DScene::FHasEmptyBounds gfx\model3d\model3dscene.cpp(710) ...

[trc] 00:00:02.0438:  0x3d4c -- Gfx::Model3DScene::GetBoundingBoxExtents gfx\model3d\model3dscene.cpp(761) ...

[trc] 00:00:02.0461:  0x3d4c -- Gfx::IModel3DRenderer::Create gfx\model3d\model3drenderer.cpp(606) ...
    renderMode = Play3DAnimation

[trc] 00:00:02.0467:  0x3d4c -- Gfx::Model3DRenderer::Model3DRenderer gfx\model3d\model3drenderer.cpp(472) ...
    renderMode = Play3DAnimation

[trc] 00:00:02.0472:  0x3d4c -- Gfx::Model3DRenderer::Render gfx\model3d\model3drenderer_win.cpp(173) ...

[trc] 00:00:02.0475:  0x3d4c -- Gfx::Model3DRenderer::FHardwareAccelerationDisabled gfx\model3d\Model3D.h(214) ...

[trc] 00:00:02.0485:  0x3d4c -- Gfx::Model3DScene::GetBoundingBoxExtents gfx\model3d\model3dscene.cpp(761) ...

[trc] 00:00:02.0547:  0x3d4c -- Gfx::Model3DRenderer::GetTexture gfx\model3d\model3drenderer.cpp(538) ...

[trc] 00:00:02.0549:  0x3d4c -- Gfx::Model3DRenderer::CreateImage gfx\model3d\model3drenderer.cpp(566) ...

[trc] 00:00:02.0611:  0x3d4c -- Gfx::Model3DScene::FHasEmptyBounds gfx\model3d\model3dscene.cpp(710) ...

[trc] 00:00:02.0613:  0x3d4c -- Gfx::Model3DScene::GetBoundingBoxExtents gfx\model3d\model3dscene.cpp(761) ...

[trc] 00:00:02.0616:  0x3d4c -- Gfx::IModel3DRenderer::Create gfx\model3d\model3drenderer.cpp(606) ...
    renderMode = GalleryThumbnail

[trc] 00:00:02.0621:  0x3d4c -- Gfx::Model3DRenderer::Model3DRenderer gfx\model3d\model3drenderer.cpp(472) ...
    renderMode = GalleryThumbnail

[trc] 00:00:02.0627:  0x3d4c -- Gfx::Model3DScene::GetBoundingBoxExtents gfx\model3d\model3dscene.cpp(761) ...

[trc] 00:00:02.0630:  0x3d4c -- Gfx::Model3DRenderer::Render gfx\model3d\model3drenderer_win.cpp(173) ...

[trc] 00:00:02.0632:  0x3d4c -- Gfx::Model3DRenderer::FHardwareAccelerationDisabled gfx\model3d\Model3D.h(214) ...

[trc] 00:00:02.0644:  0x3d4c -- Gfx::Model3DScene::GetBoundingBoxExtents gfx\model3d\model3dscene.cpp(761) ...

[trc] 00:00:02.0701:  0x3d4c -- Gfx::Model3DRenderer::CreateImage gfx\model3d\model3drenderer.cpp(566) ...

[trc] 00:00:02.0704:  0x3d4c -- Gfx::Model3DRenderer::~Model3DRenderer gfx\model3d\model3drenderer_win.cpp(74) ...
    renderMode = GalleryThumbnail

[trc] 00:00:02.0710:  0x3d4c -- Gfx::Model3DScene::GetRemixId gfx\model3d\model3dscene.cpp(790) ...

[trc] 00:00:02.0713:  0x3d4c -- Gfx::Model3DScene::EstimateModel3DSceneMemSizeBytes gfx\model3d\model3dscene.cpp(1031) ...

[trc] 00:00:02.0715:  0x3d4c -- Gfx::Model3DScene::GetOriginalFileSize gfx\model3d\model3dscene.cpp(755) ...

[trc] 00:00:02.0733:  0x3d4c -- Gfx::Model3DScene::FHasEmptyBounds gfx\model3d\model3dscene.cpp(710) ...

[trc] 00:00:02.0736:  0x3d4c -- Gfx::Model3DScene::GetBoundingBoxExtents gfx\model3d\model3dscene.cpp(761) ...

[trc] 00:00:02.0738:  0x3d4c -- Gfx::IModel3DRenderer::Create gfx\model3d\model3drenderer.cpp(606) ...
    renderMode = GalleryThumbnail

[trc] 00:00:02.0744:  0x3d4c -- Gfx::Model3DRenderer::Model3DRenderer gfx\model3d\model3drenderer.cpp(472) ...
    renderMode = GalleryThumbnail

[trc] 00:00:02.0750:  0x3d4c -- Gfx::Model3DScene::GetBoundingBoxExtents gfx\model3d\model3dscene.cpp(761) ...

[trc] 00:00:02.0753:  0x3d4c -- Gfx::Model3DRenderer::Render gfx\model3d\model3drenderer_win.cpp(173) ...

[trc] 00:00:02.0755:  0x3d4c -- Gfx::Model3DRenderer::FHardwareAccelerationDisabled gfx\model3d\Model3D.h(214) ...

[trc] 00:00:02.0765:  0x3d4c -- Gfx::Model3DScene::GetBoundingBoxExtents gfx\model3d\model3dscene.cpp(761) ...

[trc] 00:00:02.0837:  0x3d4c -- Gfx::Model3DRenderer::CreateImage gfx\model3d\model3drenderer.cpp(566) ...

[trc] 00:00:02.0840:  0x3d4c -- Gfx::Model3DRenderer::~Model3DRenderer gfx\model3d\model3drenderer_win.cpp(74) ...
    renderMode = GalleryThumbnail

[trc] 00:00:02.0853:  0x3d4c -- Gfx::Model3DScene::FHasEmptyBounds gfx\model3d\model3dscene.cpp(710) ...

[trc] 00:00:02.0856:  0x3d4c -- Gfx::Model3DScene::GetBoundingBoxExtents gfx\model3d\model3dscene.cpp(761) ...

[trc] 00:00:02.0858:  0x3d4c -- Gfx::IModel3DRenderer::Create gfx\model3d\model3drenderer.cpp(606) ...
    renderMode = GalleryThumbnail

[trc] 00:00:02.0864:  0x3d4c -- Gfx::Model3DRenderer::Model3DRenderer gfx\model3d\model3drenderer.cpp(472) ...
    renderMode = GalleryThumbnail

[trc] 00:00:02.0870:  0x3d4c -- Gfx::Model3DScene::GetBoundingBoxExtents gfx\model3d\model3dscene.cpp(761) ...

[trc] 00:00:02.0873:  0x3d4c -- Gfx::Model3DRenderer::Render gfx\model3d\model3drenderer_win.cpp(173) ...

[trc] 00:00:02.0875:  0x3d4c -- Gfx::Model3DRenderer::FHardwareAccelerationDisabled gfx\model3d\Model3D.h(214) ...

[trc] 00:00:02.0883:  0x3d4c -- Gfx::Model3DScene::GetBoundingBoxExtents gfx\model3d\model3dscene.cpp(761) ...

[trc] 00:00:02.0929:  0x3d4c -- Gfx::Model3DRenderer::CreateImage gfx\model3d\model3drenderer.cpp(566) ...

[trc] 00:00:02.0932:  0x3d4c -- Gfx::Model3DRenderer::~Model3DRenderer gfx\model3d\model3drenderer_win.cpp(74) ...
    renderMode = GalleryThumbnail

[trc] 00:00:02.0991:  0x3d4c -- Gfx::Model3DScene::FHasEmptyBounds gfx\model3d\model3dscene.cpp(710) ...

[trc] 00:00:02.0993:  0x3d4c -- Gfx::Model3DScene::GetBoundingBoxExtents gfx\model3d\model3dscene.cpp(761) ...

[trc] 00:00:02.0996:  0x3d4c -- Gfx::IModel3DRenderer::Create gfx\model3d\model3drenderer.cpp(606) ...
    renderMode = GalleryThumbnail

[trc] 00:00:03.0001:  0x3d4c -- Gfx::Model3DRenderer::Model3DRenderer gfx\model3d\model3drenderer.cpp(472) ...
    renderMode = GalleryThumbnail

[trc] 00:00:03.0014:  0x3d4c -- Gfx::Model3DScene::GetBoundingBoxExtents gfx\model3d\model3dscene.cpp(761) ...

[trc] 00:00:03.0018:  0x3d4c -- Gfx::Model3DRenderer::Render gfx\model3d\model3drenderer_win.cpp(173) ...

[trc] 00:00:03.0021:  0x3d4c -- Gfx::Model3DRenderer::FHardwareAccelerationDisabled gfx\model3d\Model3D.h(214) ...

[trc] 00:00:03.0031:  0x3d4c -- Gfx::Model3DScene::GetBoundingBoxExtents gfx\model3d\model3dscene.cpp(761) ...

[trc] 00:00:03.0093:  0x3d4c -- Gfx::Model3DRenderer::CreateImage gfx\model3d\model3drenderer.cpp(566) ...

[trc] 00:00:03.0096:  0x3d4c -- Gfx::Model3DRenderer::~Model3DRenderer gfx\model3d\model3drenderer_win.cpp(74) ...
    renderMode = GalleryThumbnail
ReactNative ['AugLoop'] (warning): 'Require cycle: ..\..\..\node_modules\@ms\oteljs\dist-cjs\index.js -> ..\..\..\node_modules\@ms\oteljs\dist-cjs\EventFlagFiller.js -> ..\..\..\node_modules\@ms\oteljs\dist-cjs\index.js

Require cycles are allowed, but can result in uninitialized values. Consider refactoring to remove the need for a cycle.'
ReactNative ['AugLoop'] (warning): 'Require cycle: ..\..\..\node_modules\@ms\oteljs\dist-cjs\index.js -> ..\..\..\node_modules\@ms\oteljs\dist-cjs\SimpleTelemetryLogger.js -> ..\..\..\node_modules\@ms\oteljs\dist-cjs\index.js

Require cycles are allowed, but can result in uninitialized values. Consider refactoring to remove the need for a cycle.'
ReactNative ['AugLoop'] (warning): '`new NativeEventEmitter()` was called with a non-null argument without the required `addListener` method.'
ReactNative ['AugLoop'] (warning): '`new NativeEventEmitter()` was called with a non-null argument without the required `removeListeners` method.'

--------------------------------------------------------------------------------------------------------------------------------------------------------------------------------

[trc] 00:00:09.0035:  0x3d4c -- Gfx::Model3DScene::FHasEmptyBounds gfx\model3d\model3dscene.cpp(710) ...

[trc] 00:00:09.0037:  0x3d4c -- Gfx::Model3DScene::GetBoundingBoxExtents gfx\model3d\model3dscene.cpp(761) ...

[trc] 00:00:09.0044:  0x3d4c -- Gfx::Model3DScene::FHasEmptyBounds gfx\model3d\model3dscene.cpp(710) ...

[trc] 00:00:09.0045:  0x3d4c -- Gfx::Model3DScene::GetBoundingBoxExtents gfx\model3d\model3dscene.cpp(761) ...

[trc] 00:00:09.0046:  0x3d4c -- Gfx::IModel3DRenderer::Create gfx\model3d\model3drenderer.cpp(606) ...
    renderMode = EditRotate

[trc] 00:00:09.0050:  0x3d4c -- Gfx::Model3DRenderer::Model3DRenderer gfx\model3d\model3drenderer.cpp(472) ...
    renderMode = EditRotate

[trc] 00:00:09.0055:  0x3d4c -- Gfx::Model3DRenderer::Render gfx\model3d\model3drenderer_win.cpp(173) ...

[trc] 00:00:09.0057:  0x3d4c -- Gfx::Model3DRenderer::FHardwareAccelerationDisabled gfx\model3d\Model3D.h(214) ...

[trc] 00:00:09.0065:  0x3d4c -- Gfx::Model3DScene::GetBoundingBoxExtents gfx\model3d\model3dscene.cpp(761) ...

[trc] 00:00:09.0133:  0x3d4c -- Gfx::Model3DRenderer::GetTexture gfx\model3d\model3drenderer.cpp(538) ...

[trc] 00:00:09.0135:  0x3d4c -- Gfx::Model3DRenderer::CreateImage gfx\model3d\model3drenderer.cpp(566) ...

[trc] 00:00:09.0154:  0x3d4c -- Gfx::Model3DRenderer::SetRenderMode gfx\model3d\model3drenderer.cpp(481) ...
    renderMode = EditRotate

[trc] 00:00:09.0174:  0x3d4c -- Gfx::Model3DRenderer::SetRenderMode gfx\model3d\model3drenderer.cpp(481) ...
    renderMode = EditRotate

[trc] 00:00:09.0205:  0x3d4c -- Gfx::Model3DRenderer::SetRenderMode gfx\model3d\model3drenderer.cpp(481) ...
    renderMode = EditRotate

[trc] 00:00:09.0229:  0x3d4c -- Gfx::Model3DRenderer::SetRenderMode gfx\model3d\model3drenderer.cpp(481) ...
    renderMode = EditRotate

[trc] 00:00:09.0234:  0x3d4c -- Gfx::Model3DScene::FHasEmptyBounds gfx\model3d\model3dscene.cpp(710) ...

[trc] 00:00:09.0237:  0x3d4c -- Gfx::Model3DScene::GetBoundingBoxExtents gfx\model3d\model3dscene.cpp(761) ...

[trc] 00:00:09.0239:  0x3d4c -- Gfx::Model3DRenderer::SetRenderMode gfx\model3d\model3drenderer.cpp(481) ...
    renderMode = EditRotate

[trc] 00:00:09.0244:  0x3d4c -- Gfx::Model3DRenderer::Render gfx\model3d\model3drenderer_win.cpp(173) ...

[trc] 00:00:09.0246:  0x3d4c -- Gfx::Model3DRenderer::FHardwareAccelerationDisabled gfx\model3d\Model3D.h(214) ...

[trc] 00:00:09.0249:  0x3d4c -- Gfx::Model3DScene::GetBoundingBoxExtents gfx\model3d\model3dscene.cpp(761) ...

[trc] 00:00:09.0301:  0x3d4c -- Gfx::Model3DRenderer::GetTexture gfx\model3d\model3drenderer.cpp(538) ...

[trc] 00:00:09.0304:  0x3d4c -- Gfx::Model3DRenderer::CreateImage gfx\model3d\model3drenderer.cpp(566) ...

[trc] 00:00:09.0313:  0x3d4c -- Gfx::Model3DRenderer::SetRenderMode gfx\model3d\model3drenderer.cpp(481) ...
    renderMode = EditRotate

[trc] 00:00:09.0322:  0x3d4c -- Gfx::Model3DRenderer::SetRenderMode gfx\model3d\model3drenderer.cpp(481) ...
    renderMode = EditRotate

[trc] 00:00:09.0328:  0x3d4c -- Gfx::Model3DScene::FHasEmptyBounds gfx\model3d\model3dscene.cpp(710) ...

[trc] 00:00:09.0330:  0x3d4c -- Gfx::Model3DScene::GetBoundingBoxExtents gfx\model3d\model3dscene.cpp(761) ...

[trc] 00:00:09.0332:  0x3d4c -- Gfx::Model3DRenderer::SetRenderMode gfx\model3d\model3drenderer.cpp(481) ...
    renderMode = EditRotate

[trc] 00:00:09.0337:  0x3d4c -- Gfx::Model3DRenderer::Render gfx\model3d\model3drenderer_win.cpp(173) ...

[trc] 00:00:09.0339:  0x3d4c -- Gfx::Model3DRenderer::FHardwareAccelerationDisabled gfx\model3d\Model3D.h(214) ...

[trc] 00:00:09.0342:  0x3d4c -- Gfx::Model3DScene::GetBoundingBoxExtents gfx\model3d\model3dscene.cpp(761) ...

[trc] 00:00:09.0397:  0x3d4c -- Gfx::Model3DRenderer::GetTexture gfx\model3d\model3drenderer.cpp(538) ...

[trc] 00:00:09.0399:  0x3d4c -- Gfx::Model3DRenderer::CreateImage gfx\model3d\model3drenderer.cpp(566) ...

[trc] 00:00:09.0407:  0x3d4c -- Gfx::Model3DRenderer::SetRenderMode gfx\model3d\model3drenderer.cpp(481) ...
    renderMode = EditRotate

[trc] 00:00:09.0417:  0x3d4c -- Gfx::Model3DRenderer::SetRenderMode gfx\model3d\model3drenderer.cpp(481) ...
    renderMode = EditRotate

[trc] 00:00:09.0423:  0x3d4c -- Gfx::Model3DScene::FHasEmptyBounds gfx\model3d\model3dscene.cpp(710) ...

[trc] 00:00:09.0425:  0x3d4c -- Gfx::Model3DScene::GetBoundingBoxExtents gfx\model3d\model3dscene.cpp(761) ...

[trc] 00:00:09.0427:  0x3d4c -- Gfx::Model3DRenderer::SetRenderMode gfx\model3d\model3drenderer.cpp(481) ...
    renderMode = EditRotate

[trc] 00:00:09.0432:  0x3d4c -- Gfx::Model3DRenderer::Render gfx\model3d\model3drenderer_win.cpp(173) ...

[trc] 00:00:09.0435:  0x3d4c -- Gfx::Model3DRenderer::FHardwareAccelerationDisabled gfx\model3d\Model3D.h(214) ...

[trc] 00:00:09.0437:  0x3d4c -- Gfx::Model3DScene::GetBoundingBoxExtents gfx\model3d\model3dscene.cpp(761) ...

[trc] 00:00:09.0488:  0x3d4c -- Gfx::Model3DRenderer::GetTexture gfx\model3d\model3drenderer.cpp(538) ...

[trc] 00:00:09.0490:  0x3d4c -- Gfx::Model3DRenderer::CreateImage gfx\model3d\model3drenderer.cpp(566) ...

[trc] 00:00:09.0499:  0x3d4c -- Gfx::Model3DRenderer::SetRenderMode gfx\model3d\model3drenderer.cpp(481) ...
    renderMode = EditRotate

[trc] 00:00:09.0510:  0x3d4c -- Gfx::Model3DRenderer::SetRenderMode gfx\model3d\model3drenderer.cpp(481) ...
    renderMode = EditRotate

[trc] 00:00:09.0515:  0x3d4c -- Gfx::Model3DScene::FHasEmptyBounds gfx\model3d\model3dscene.cpp(710) ...

[trc] 00:00:09.0517:  0x3d4c -- Gfx::Model3DScene::GetBoundingBoxExtents gfx\model3d\model3dscene.cpp(761) ...

[trc] 00:00:09.0519:  0x3d4c -- Gfx::Model3DRenderer::SetRenderMode gfx\model3d\model3drenderer.cpp(481) ...
    renderMode = EditRotate

[trc] 00:00:09.0525:  0x3d4c -- Gfx::Model3DRenderer::Render gfx\model3d\model3drenderer_win.cpp(173) ...

[trc] 00:00:09.0527:  0x3d4c -- Gfx::Model3DRenderer::FHardwareAccelerationDisabled gfx\model3d\Model3D.h(214) ...

[trc] 00:00:09.0529:  0x3d4c -- Gfx::Model3DScene::GetBoundingBoxExtents gfx\model3d\model3dscene.cpp(761) ...

[trc] 00:00:09.0590:  0x3d4c -- Gfx::Model3DRenderer::GetTexture gfx\model3d\model3drenderer.cpp(538) ...

[trc] 00:00:09.0592:  0x3d4c -- Gfx::Model3DRenderer::CreateImage gfx\model3d\model3drenderer.cpp(566) ...

[trc] 00:00:09.0601:  0x3d4c -- Gfx::Model3DRenderer::SetRenderMode gfx\model3d\model3drenderer.cpp(481) ...
    renderMode = EditRotate

[trc] 00:00:09.0615:  0x3d4c -- Gfx::Model3DRenderer::SetRenderMode gfx\model3d\model3drenderer.cpp(481) ...
    renderMode = EditRotate

[trc] 00:00:09.0631:  0x3d4c -- Gfx::Model3DRenderer::SetRenderMode gfx\model3d\model3drenderer.cpp(481) ...
    renderMode = EditRotate

[trc] 00:00:09.0647:  0x3d4c -- Gfx::Model3DRenderer::SetRenderMode gfx\model3d\model3drenderer.cpp(481) ...
    renderMode = EditRotate

[trc] 00:00:09.0679:  0x3d4c -- Gfx::Model3DRenderer::SetRenderMode gfx\model3d\model3drenderer.cpp(481) ...
    renderMode = EditRotate

[trc] 00:00:09.0698:  0x3d4c -- Gfx::Model3DRenderer::SetRenderMode gfx\model3d\model3drenderer.cpp(481) ...
    renderMode = Unknown

[trc] 00:00:09.0714:  0x3d4c -- Gfx::Model3DScene::GetBoundingBoxExtents gfx\model3d\model3dscene.cpp(761) ...

[trc] 00:00:09.0719:  0x3d4c -- Gfx::Model3DScene::FHasEmptyBounds gfx\model3d\model3dscene.cpp(710) ...

[trc] 00:00:09.0722:  0x3d4c -- Gfx::Model3DScene::GetBoundingBoxExtents gfx\model3d\model3dscene.cpp(761) ...

[trc] 00:00:09.0724:  0x3d4c -- Gfx::Model3DScene::GetBoundingBoxExtents gfx\model3d\model3dscene.cpp(761) ...

[trc] 00:00:09.0727:  0x3d4c -- Gfx::Model3DScene::FHasSupportedAnimations gfx\model3d\model3dscene.cpp(1453) ...

[trc] 00:00:09.0731:  0x3d4c -- Gfx::Model3DScene::FIsEmbeddedAnimationSupported gfx\model3d\model3dscene.cpp(1466) ...

[trc] 00:00:09.0734:  0x3d4c -- Gfx::Model3DScene::GetProjectionBounds gfx\model3d\model3dscene.cpp(720) ...

[trc] 00:00:09.0743:  0x3d4c -- Gfx::Model3DScene::FHasEmptyBounds gfx\model3d\model3dscene.cpp(710) ...

[trc] 00:00:09.0745:  0x3d4c -- Gfx::Model3DScene::GetBoundingBoxExtents gfx\model3d\model3dscene.cpp(761) ...

[trc] 00:00:09.0748:  0x3d4c -- Gfx::Model3DScene::FHasSupportedAnimations gfx\model3d\model3dscene.cpp(1453) ...

[trc] 00:00:09.0751:  0x3d4c -- Gfx::Model3DScene::FIsEmbeddedAnimationSupported gfx\model3d\model3dscene.cpp(1466) ...

[trc] 00:00:09.0757:  0x3d4c -- Gfx::Model3DScene::FHasSupportedAnimations gfx\model3d\model3dscene.cpp(1453) ...

[trc] 00:00:09.0760:  0x3d4c -- Gfx::Model3DScene::FIsEmbeddedAnimationSupported gfx\model3d\model3dscene.cpp(1466) ...

[trc] 00:00:09.0774:  0x3d4c -- Gfx::Model3DScene::FHasEmptyBounds gfx\model3d\model3dscene.cpp(710) ...

[trc] 00:00:09.0776:  0x3d4c -- Gfx::Model3DScene::GetBoundingBoxExtents gfx\model3d\model3dscene.cpp(761) ...

[trc] 00:00:09.0778:  0x3d4c -- Gfx::IModel3DRenderer::Create gfx\model3d\model3drenderer.cpp(606) ...
    renderMode = RasterizeE2o

[trc] 00:00:09.0783:  0x3d4c -- Gfx::Model3DRenderer::Model3DRenderer gfx\model3d\model3drenderer.cpp(472) ...
    renderMode = RasterizeE2o

[trc] 00:00:09.0790:  0x3d4c -- Gfx::Model3DRenderer::Render gfx\model3d\model3drenderer_win.cpp(173) ...

[trc] 00:00:09.0792:  0x3d4c -- Gfx::Model3DRenderer::FHardwareAccelerationDisabled gfx\model3d\Model3D.h(214) ...

[trc] 00:00:09.0804:  0x3d4c -- Gfx::Model3DScene::GetBoundingBoxExtents gfx\model3d\model3dscene.cpp(761) ...

[trc] 00:00:09.0872:  0x3d4c -- Gfx::Model3DRenderer::CreateImage gfx\model3d\model3drenderer.cpp(566) ...

[trc] 00:00:09.0877:  0x3d4c -- Gfx::Model3DScene::GetMinRequiredRendererVersion gfx\model3d\model3dscene.cpp(808) ...

[trc] 00:00:09.0901:  0x3d4c -- Gfx::Model3DRenderer::~Model3DRenderer gfx\model3d\model3drenderer_win.cpp(74) ...
    renderMode = RasterizeE2o

[trc] 00:00:09.0907:  0x3d4c -- Gfx::Model3DScene::GetRemixId gfx\model3d\model3dscene.cpp(790) ...

[trc] 00:00:09.0910:  0x3d4c -- Gfx::Model3DScene::EstimateModel3DSceneMemSizeBytes gfx\model3d\model3dscene.cpp(1031) ...

[trc] 00:00:09.0912:  0x3d4c -- Gfx::Model3DScene::GetOriginalFileSize gfx\model3d\model3dscene.cpp(755) ...

[trc] 00:00:09.0959:  0x3d4c -- Gfx::Model3DScene::FHasEmptyBounds gfx\model3d\model3dscene.cpp(710) ...

[trc] 00:00:09.0961:  0x3d4c -- Gfx::Model3DScene::GetBoundingBoxExtents gfx\model3d\model3dscene.cpp(761) ...

[trc] 00:00:09.0980:  0x56d0 -- Gfx::Model3DRenderer::Render gfx\model3d\model3drenderer_win.cpp(173) ...

[trc] 00:00:09.0982:  0x56d0 -- Gfx::Model3DRenderer::GetTexture gfx\model3d\model3drenderer.cpp(538) ...

[trc] 00:00:10.0017:  0x3d4c -- Gfx::Model3DRenderer::FHardwareAccelerationDisabled gfx\model3d\Model3D.h(214) ...

[trc] 00:00:10.0019:  0x3d4c -- Gfx::Model3DScene::GetBoundingBoxExtents gfx\model3d\model3dscene.cpp(761) ...
ReactNative ['sdx_collabml.app'] (warning): '`new NativeEventEmitter()` was called with a non-null argument without the required `addListener` method.'
ReactNative ['sdx_collabml.app'] (warning): '`new NativeEventEmitter()` was called with a non-null argument without the required `removeListeners` method.'

[trc] 00:00:10.0137:  0x3d4c -- Gfx::Model3DScene::FLoadingFinished gfx\model3d\model3dscene.cpp(281) ...

[trc] 00:00:10.0154:  0x3d4c -- Gfx::Model3DScene::FHasEmptyBounds gfx\model3d\model3dscene.cpp(710) ...

[trc] 00:00:10.0157:  0x3d4c -- Gfx::Model3DScene::GetBoundingBoxExtents gfx\model3d\model3dscene.cpp(761) ...

[trc] 00:00:10.0184:  0x56d0 -- Gfx::Model3DRenderer::Render gfx\model3d\model3drenderer_win.cpp(173) ...

[trc] 00:00:10.0186:  0x56d0 -- Gfx::Model3DRenderer::GetTexture gfx\model3d\model3drenderer.cpp(538) ...

[trc] 00:00:10.0189:  0x56d0 -- Gfx::Model3DRenderer::CreateImage gfx\model3d\model3drenderer.cpp(566) ...

[trc] 00:00:10.0200:  0x3d4c -- Gfx::Model3DRenderer::FHardwareAccelerationDisabled gfx\model3d\Model3D.h(214) ...

[trc] 00:00:10.0203:  0x3d4c -- Gfx::Model3DScene::GetBoundingBoxExtents gfx\model3d\model3dscene.cpp(761) ...
NetUI BinaryReader - Error : ElementListener not found: GalleryRefreshButtonInputHandler

--------------------------------------------------------------------------------------------------------------------------------------------------------------------------------

[trc] 00:00:18.0036:  0x3d4c -- Gfx::Model3DRenderer::~Model3DRenderer gfx\model3d\model3drenderer_win.cpp(74) ...
    renderMode = Play3DAnimation

[trc] 00:00:18.0043:  0x3d4c -- Gfx::Model3DScene::GetRemixId gfx\model3d\model3dscene.cpp(790) ...

[trc] 00:00:18.0045:  0x3d4c -- Gfx::Model3DScene::EstimateModel3DSceneMemSizeBytes gfx\model3d\model3dscene.cpp(1031) ...

[trc] 00:00:18.0047:  0x3d4c -- Gfx::Model3DScene::GetOriginalFileSize gfx\model3d\model3dscene.cpp(755) ...

[trc] 00:00:18.0057:  0x3d4c -- Gfx::Model3DRenderer::~Model3DRenderer gfx\model3d\model3drenderer_win.cpp(74) ...
    renderMode = Unknown

[trc] 00:00:18.0348:  0x3d4c -- Gfx::Model3DScene::~Model3DScene gfx\model3d\Model3D.h(49) ...
D3D11 WARNING: Live ID3D11Device at 0x0000024A783201C0, Name: CoreEngine(1), Refcount: 20 [ STATE_CREATION WARNING #441: LIVE_DEVICE]
D3D11 WARNING: 	Live ID3D11Context at 0x0000024A78215040, Name: DefaultImmediateContext, Refcount: 0, IntRef: 1 [ STATE_CREATION WARNING #2097226: LIVE_CONTEXT]
D3D11 WARNING: 	Live ID3DDeviceContextState at 0x0000024A7817C090, Refcount: 0, IntRef: 1 [ STATE_CREATION WARNING #3145742: LIVE_DEVICECONTEXTSTATE]
D3D11 WARNING: 	Live ID3D11BlendState at 0x0000024A734B2C00, Refcount: 0, IntRef: 1 [ STATE_CREATION WARNING #435: LIVE_BLENDSTATE]
D3D11 WARNING: 	Live ID3D11DepthStencilState at 0x0000024A734B1C40, Refcount: 0, IntRef: 1 [ STATE_CREATION WARNING #436: LIVE_DEPTHSTENCILSTATE]
D3D11 WARNING: 	Live ID3D11RasterizerState at 0x0000024A734B0EC0, Refcount: 0, IntRef: 1 [ STATE_CREATION WARNING #437: LIVE_RASTERIZERSTATE]
D3D11 WARNING: 	Live ID3D11Sampler at 0x0000024A734B2780, Refcount: 0, IntRef: 1 [ STATE_CREATION WARNING #434: LIVE_SAMPLER]
D3D11 WARNING: 	Live ID3D11Query at 0x0000024A5C3996C0, Refcount: 0, IntRef: 1 [ STATE_CREATION WARNING #438: LIVE_QUERY]
D3D11 WARNING: 	Live ID3D11Query at 0x0000024A73C43050, Refcount: 1, IntRef: 0 [ STATE_CREATION WARNING #438: LIVE_QUERY]
D3D11 WARNING: 	Live ID3D11Query at 0x0000024A78555710, Refcount: 1, IntRef: 0 [ STATE_CREATION WARNING #438: LIVE_QUERY]
D3D11 WARNING: 	Live ID3D11Query at 0x0000024A78554090, Refcount: 1, IntRef: 0 [ STATE_CREATION WARNING #438: LIVE_QUERY]
D3D11 WARNING: 	Live ID3D11Query at 0x0000024A78559590, Refcount: 1, IntRef: 0 [ STATE_CREATION WARNING #438: LIVE_QUERY]
D3D11 WARNING: 	Live ID3D11Query at 0x0000024A7855A990, Refcount: 1, IntRef: 0 [ STATE_CREATION WARNING #438: LIVE_QUERY]
D3D11 WARNING: 	Live ID3D11Query at 0x0000024A7855AE90, Refcount: 1, IntRef: 0 [ STATE_CREATION WARNING #438: LIVE_QUERY]
D3D11 WARNING: 	Live ID3D11Query at 0x0000024A78557A10, Refcount: 1, IntRef: 0 [ STATE_CREATION WARNING #438: LIVE_QUERY]
D3D11 WARNING: 	Live ID3D11Query at 0x0000024A7855A490, Refcount: 1, IntRef: 0 [ STATE_CREATION WARNING #438: LIVE_QUERY]
D3D11 WARNING: 	Live ID3D11Query at 0x0000024A78556B10, Refcount: 1, IntRef: 0 [ STATE_CREATION WARNING #438: LIVE_QUERY]
D3D11 WARNING: 	Live ID3D11Query at 0x0000024A78554590, Refcount: 1, IntRef: 0 [ STATE_CREATION WARNING #438: LIVE_QUERY]
D3D11 WARNING: 	Live ID3D11Query at 0x0000024A78554A90, Refcount: 1, IntRef: 0 [ STATE_CREATION WARNING #438: LIVE_QUERY]
D3D11 WARNING: 	Live ID3D11Query at 0x0000024A78555990, Refcount: 1, IntRef: 0 [ STATE_CREATION WARNING #438: LIVE_QUERY]
D3D11 WARNING: 	Live ID3D11Query at 0x0000024A5A40D220, Refcount: 1, IntRef: 0 [ STATE_CREATION WARNING #438: LIVE_QUERY]
D3D11 WARNING: 	Live ID3D11Query at 0x0000024A5A40C320, Refcount: 1, IntRef: 0 [ STATE_CREATION WARNING #438: LIVE_QUERY]
D3D11 WARNING: 	Live ID3D11Query at 0x0000024A5A40EDA0, Refcount: 1, IntRef: 0 [ STATE_CREATION WARNING #438: LIVE_QUERY]
D3D11 WARNING: 	Live ID3D11Query at 0x0000024A5A40FA20, Refcount: 1, IntRef: 0 [ STATE_CREATION WARNING #438: LIVE_QUERY]
D3D11 WARNING: 	Live ID3D11Query at 0x0000024A5C39A840, Refcount: 1, IntRef: 0 [ STATE_CREATION WARNING #438: LIVE_QUERY]
D3D11 WARNING: 	Live ID3D11Query at 0x0000024A5C398CC0, Refcount: 1, IntRef: 0 [ STATE_CREATION WARNING #438: LIVE_QUERY]
D3D11 WARNING: Using ID3D11Debug::ReportLiveDeviceObjects with D3D11_RLDO_DETAIL will help drill into object lifetimes. Objects with Refcount=0 and IntRef=0 will be eventually destroyed through typical Immediate Context usage. However, if the application requires these objects to be destroyed sooner, ClearState followed by Flush on the Immediate Context will realize their destruction.
 [ STATE_CREATION WARNING #422: LIVE_OBJECT_SUMMARY]
D3D11 WARNING: Live ID3D11Device at 0x0000024A783201C0, Name: CoreEngine(1), Refcount: 20 [ STATE_CREATION WARNING #441: LIVE_DEVICE]
D3D11 WARNING: Live                  ID3D11Context :      1 [ STATE_CREATION WARNING #422: LIVE_OBJECT_SUMMARY]
D3D11 WARNING: Live         ID3DDeviceContextState :      1 [ STATE_CREATION WARNING #422: LIVE_OBJECT_SUMMARY]
D3D11 WARNING: Live               ID3D11BlendState :      1 [ STATE_CREATION WARNING #422: LIVE_OBJECT_SUMMARY]
D3D11 WARNING: Live        ID3D11DepthStencilState :      1 [ STATE_CREATION WARNING #422: LIVE_OBJECT_SUMMARY]
D3D11 WARNING: Live          ID3D11RasterizerState :      1 [ STATE_CREATION WARNING #422: LIVE_OBJECT_SUMMARY]
D3D11 WARNING: Live                  ID3D11Sampler :      1 [ STATE_CREATION WARNING #422: LIVE_OBJECT_SUMMARY]
D3D11 WARNING: Live                    ID3D11Query :     19 [ STATE_CREATION WARNING #422: LIVE_OBJECT_SUMMARY]
groove\grooveutil\dll\grooveutil.cpp(32) : atlTraceGeneral - 
 *** GCStr allocation leaks: 3
