-------------------------------------------------------------------
You may only use the C/C++ Extension for Visual Studio Code
with Visual Studio Code, Visual Studio or Visual Studio for Mac
software to help you develop and test your applications.
-------------------------------------------------------------------
Breakpoint warning: No executable code of the debugger’s target code type is associated with this line.
Possible causes include: conditional compilation, compiler optimizations, or the target architecture of this line is not supported by the current debugger code type. - c:\office\src\otools\inc\gfx\gfxModel3d.h:206
NetUI BinaryReader - Error : ElementListener not found: GalleryRefreshButtonInputHandler
onecoreuap\base\appmodel\search\structuredquery\schemaengine\schemaengine.cpp(3058)\StructuredQuery.dll!00007FFEC128326E: (caller: 00007FFEC1264FF2) ReturnHr(1) tid(3cd4) 8000FFFF Catastrophic failure
    CallContext:[\SchemaBinaryLoadBinary]
onecoreuap\base\appmodel\search\structuredquery\schemaengine\schemaengine.cpp(3058)\StructuredQuery.dll!00007FFEC128326E: (caller: 00007FFEC1264FF2) ReturnHr(2) tid(3100) 8000FFFF Catastrophic failure
    CallContext:[\SchemaBinaryLoadBinary]
onecoreuap\shell\propsys\memorymappedcache\version.cpp(210)\PROPSYS.dll!00007FFEE8C09637: (caller: 00007FFEE8BCD9E7) ReturnHr(2) tid(3100) 80070490 Element not found.
onecoreuap\shell\propsys\memorymappedcache\version.cpp(210)\PROPSYS.dll!00007FFEE8C09637: (caller: 00007FFEE8BCD9E7) ReturnHr(1) tid(3cd4) 80070490 Element not found.
onecoreuap\shell\propsys\memorymappedcache\version.cpp(210)\PROPSYS.dll!00007FFEE8C09637: (caller: 00007FFEE8BCD9E7) ReturnHr(3) tid(3cd4) 80070490 Element not found.
ReactNative ['sdx_collabml.app'] (warning): 'Require cycle: ..\..\..\node_modules\@ms\oteljs\dist-cjs\index.js -> ..\..\..\node_modules\@ms\oteljs\dist-cjs\EventFlagFiller.js -> ..\..\..\node_modules\@ms\oteljs\dist-cjs\index.js

Require cycles are allowed, but can result in uninitialized values. Consider refactoring to remove the need for a cycle.'
ReactNative ['sdx_collabml.app'] (warning): 'Require cycle: ..\..\..\node_modules\@ms\oteljs\dist-cjs\index.js -> ..\..\..\node_modules\@ms\oteljs\dist-cjs\SimpleTelemetryLogger.js -> ..\..\..\node_modules\@ms\oteljs\dist-cjs\index.js

Require cycles are allowed, but can result in uninitialized values. Consider refactoring to remove the need for a cycle.'
onecore\com\combase\dcomrem\security.cxx(2999)\combase.dll!00007FFEF1BC505E: (caller: 00007FFEB36EE0AD) ReturnHr(1) tid(3100) 80010117 Call context cannot be accessed after call completed.
ReactNative ['AugLoop'] (warning): 'Require cycle: ..\..\..\node_modules\@ms\oteljs\dist-cjs\index.js -> ..\..\..\node_modules\@ms\oteljs\dist-cjs\EventFlagFiller.js -> ..\..\..\node_modules\@ms\oteljs\dist-cjs\index.js

Require cycles are allowed, but can result in uninitialized values. Consider refactoring to remove the need for a cycle.'
ReactNative ['AugLoop'] (warning): 'Require cycle: ..\..\..\node_modules\@ms\oteljs\dist-cjs\index.js -> ..\..\..\node_modules\@ms\oteljs\dist-cjs\SimpleTelemetryLogger.js -> ..\..\..\node_modules\@ms\oteljs\dist-cjs\index.js

Require cycles are allowed, but can result in uninitialized values. Consider refactoring to remove the need for a cycle.'
ReactNative ['AugLoop'] (warning): '`new NativeEventEmitter()` was called with a non-null argument without the required `addListener` method.'
ReactNative ['AugLoop'] (warning): '`new NativeEventEmitter()` was called with a non-null argument without the required `removeListeners` method.'
Pane component activating [Workpane]
NetUI BinaryReader - Error : ElementListener not found: GalleryRefreshButtonInputHandler
Pane component deactivating [voluntarily]
Pane component activating [Workpane]
Pane component deactivating [voluntarily]
MsoMakeFindFile: Thread 20660 never called DLL_THREAD_ATTACH on MSO97, assigning 0000000000000000 as context
MsoMakeFindFile: Thread 20660 never called DLL_THREAD_ATTACH on MSO97, assigning 0000000000000000 as context
*** ASSERT FAILED: Input parameter LanguagesBuffer for function RtlSetThreadPreferredUILanguages is not a valid multi-string!
mincore\com\oleaut32\dispatch\ups.cpp(2126)\OLEAUT32.dll!00007FFEF0B3469C: (caller: 00007FFEF0B3498A) ReturnHr(1) tid(50b4) 8002801D Library not registered.

--------------------------------------------------------------------------------------------------------------------------------------------------------------------------------

[trc] 00:00:00.0004:  0x3cd4 -- Gfx::IModel3DScene::GetSourceFormatFromString gfx\model3d\model3dscene.cpp(1130) ...

[trc] 00:00:00.0006:  0x3cd4 -- Gfx::IModel3DScene::GetExportFormatFromString gfx\model3d\model3dscene.cpp(1139) ...

[trc] 00:00:00.0008:  0x3cd4 -- Gfx::IModel3DScene::Convert gfx\model3d\model3dscene.cpp(1271) ...

[trc] 00:00:00.0338:  0x3cd4 -- Gfx::IModel3DScene::GetUniqueIDFromStream gfx\model3d\model3dscene.cpp(947) ...

[trc] 00:00:00.0340:  0x3cd4 -- Gfx::IModel3DScene::GetSourceFormatFromString gfx\model3d\model3dscene.cpp(1130) ...

[trc] 00:00:00.0343:  0x3cd4 -- Gfx::IModel3DScene::Create gfx\model3d\model3dscene.cpp(1148) ...

[trc] 00:00:00.0345:  0x3cd4 -- Gfx::Model3DScene::Model3DScene gfx\model3d\model3dscene.cpp(226) ...
    this = 0x0000026CE475E900

[trc] 00:00:00.0349:  0x3cd4 -- Gfx::Model3DScene::FLoadingFinished gfx\model3d\model3dscene.cpp(281) ...

[trc] 00:00:00.0351:  0x3cd4 -- Gfx::Model3DScene::FHasEmptyBounds gfx\model3d\model3dscene.cpp(710) ...

[trc] 00:00:00.0353:  0x3cd4 -- Gfx::Model3DScene::GetBoundingBoxExtents gfx\model3d\model3dscene.cpp(761) ...

[trc] 00:00:00.0773:  0x3cd4 -- Gfx::Model3DScene::FHasSupportedAnimations gfx\model3d\model3dscene.cpp(1453) ...

[trc] 00:00:00.0776:  0x3cd4 -- Gfx::Model3DScene::FIsEmbeddedAnimationSupported gfx\model3d\model3dscene.cpp(1466) ...

[trc] 00:00:00.0778:  0x3cd4 -- Gfx::Model3DScene::GetFirstSupportedAnimation gfx\model3d\model3dscene.cpp(1480) ...

[trc] 00:00:00.0781:  0x3cd4 -- Gfx::Model3DScene::FIsEmbeddedAnimationSupported gfx\model3d\model3dscene.cpp(1466) ...

[trc] 00:00:00.0784:  0x3cd4 -- Gfx::Model3DScene::GetBoundingBoxExtents gfx\model3d\model3dscene.cpp(761) ...

[trc] 00:00:00.0797:  0x50b4 -- Gfx::Model3DScene::FHasSupportedAnimations gfx\model3d\model3dscene.cpp(1453) ...

[trc] 00:00:00.0800:  0x50b4 -- Gfx::Model3DScene::FIsEmbeddedAnimationSupported gfx\model3d\model3dscene.cpp(1466) ...

[trc] 00:00:00.0803:  0x50b4 -- Gfx::Model3DScene::GetFirstSupportedAnimation gfx\model3d\model3dscene.cpp(1480) ...

[trc] 00:00:00.0806:  0x50b4 -- Gfx::Model3DScene::FIsEmbeddedAnimationSupported gfx\model3d\model3dscene.cpp(1466) ...

[trc] 00:00:00.0809:  0x50b4 -- Gfx::Model3DScene::GetEmbeddedAnimationDurationInSecs gfx\model3d\model3dscene.cpp(1509) ...

[trc] 00:00:00.0821:  0x50b4 -- Gfx::Model3DScene::FHasEmptyBounds gfx\model3d\model3dscene.cpp(710) ...

[trc] 00:00:00.0823:  0x50b4 -- Gfx::Model3DScene::GetBoundingBoxExtents gfx\model3d\model3dscene.cpp(761) ...

[trc] 00:00:00.0825:  0x50b4 -- Gfx::IModel3DRenderer::Create gfx\model3d\model3drenderer.cpp(606) ...
    renderMode = RasterizeE2o

[trc] 00:00:00.0831:  0x50b4 -- Gfx::Model3DRenderer::Model3DRenderer gfx\model3d\model3drenderer.cpp(472) ...
    this = 0x0000026CE5A15F40
    renderMode = RasterizeE2o

[trc] 00:00:00.0839:  0x50b4 -- Gfx::Model3DRenderer::Render gfx\model3d\model3drenderer_win.cpp(173) ...

[trc] 00:00:00.0842:  0x50b4 -- Gfx::Model3DRenderer::FHardwareAccelerationDisabled gfx\model3d\Model3D.h(214) ...
Adapter=Microsoft Basic Render Driver; Feature Level=0xb100

[trc] 00:00:00.0883:  0x50b4 -- Gfx::Model3DScene::GetBoundingBoxExtents gfx\model3d\model3dscene.cpp(761) ...

[trc] 00:00:01.0005:  0x50b4 -- Gfx::Model3DRenderer::CreateImage gfx\model3d\model3drenderer.cpp(566) ...

[trc] 00:00:01.0012:  0x50b4 -- Gfx::Model3DScene::GetMinRequiredRendererVersion gfx\model3d\model3dscene.cpp(808) ...

[trc] 00:00:01.0095:  0x50b4 -- Gfx::Model3DRenderer::~Model3DRenderer gfx\model3d\model3drenderer_win.cpp(74) ...
    this = 0x0000026CE5A15F40
    renderMode = RasterizeE2o

[trc] 00:00:01.0102:  0x50b4 -- Gfx::Model3DScene::GetRemixId gfx\model3d\model3dscene.cpp(790) ...

[trc] 00:00:01.0105:  0x50b4 -- Gfx::Model3DScene::EstimateModel3DSceneMemSizeBytes gfx\model3d\model3dscene.cpp(1031) ...

[trc] 00:00:01.0108:  0x50b4 -- Gfx::Model3DScene::GetOriginalFileSize gfx\model3d\model3dscene.cpp(755) ...

[trc] 00:00:01.0133:  0x50b4 -- Gfx::Model3DScene::FHasEmptyBounds gfx\model3d\model3dscene.cpp(710) ...

[trc] 00:00:01.0136:  0x50b4 -- Gfx::Model3DScene::GetBoundingBoxExtents gfx\model3d\model3dscene.cpp(761) ...

[trc] 00:00:01.0139:  0x50b4 -- Gfx::Model3DScene::FHasSupportedAnimations gfx\model3d\model3dscene.cpp(1453) ...

[trc] 00:00:01.0142:  0x50b4 -- Gfx::Model3DScene::FIsEmbeddedAnimationSupported gfx\model3d\model3dscene.cpp(1466) ...

[trc] 00:00:01.0145:  0x50b4 -- Gfx::Model3DScene::GetProjectionBounds gfx\model3d\model3dscene.cpp(720) ...

[trc] 00:00:01.0155:  0x50b4 -- Gfx::Model3DScene::FHasSupportedAnimations gfx\model3d\model3dscene.cpp(1453) ...

[trc] 00:00:01.0158:  0x50b4 -- Gfx::Model3DScene::FIsEmbeddedAnimationSupported gfx\model3d\model3dscene.cpp(1466) ...

[trc] 00:00:01.0161:  0x50b4 -- Gfx::Model3DScene::GetOriginalFileSize gfx\model3d\model3dscene.cpp(755) ...

[trc] 00:00:01.0189:  0x50b4 -- Gfx::IModel3DScene::GetUniqueIDFromStream gfx\model3d\model3dscene.cpp(947) ...

[trc] 00:00:01.0192:  0x50b4 -- Gfx::IModel3DScene::GetSourceFormatFromString gfx\model3d\model3dscene.cpp(1130) ...

[trc] 00:00:01.0194:  0x50b4 -- Gfx::IModel3DScene::Create gfx\model3d\model3dscene.cpp(1148) ...

[trc] 00:00:01.0197:  0x50b4 -- Gfx::Model3DScene::FLoadingFinished gfx\model3d\model3dscene.cpp(281) ...

[trc] 00:00:01.0199:  0x50b4 -- Gfx::Model3DScene::FHasSupportedAnimations gfx\model3d\model3dscene.cpp(1453) ...

[trc] 00:00:01.0202:  0x50b4 -- Gfx::Model3DScene::FIsEmbeddedAnimationSupported gfx\model3d\model3dscene.cpp(1466) ...

[trc] 00:00:01.0214:  0x50b4 -- Gfx::Model3DScene::GetBoundingBoxExtents gfx\model3d\model3dscene.cpp(761) ...

[trc] 00:00:01.0222:  0x50b4 -- Gfx::Model3DScene::GetEmbeddedAnimationDurationInSecs gfx\model3d\model3dscene.cpp(1509) ...

[trc] 00:00:01.0842:  0x50b4 -- Gfx::Model3DScene::FHasEmptyBounds gfx\model3d\model3dscene.cpp(710) ...

[trc] 00:00:01.0844:  0x50b4 -- Gfx::Model3DScene::GetBoundingBoxExtents gfx\model3d\model3dscene.cpp(761) ...

[trc] 00:00:01.0846:  0x50b4 -- Gfx::IModel3DRenderer::Create gfx\model3d\model3drenderer.cpp(606) ...
    renderMode = RasterizeE2o

[trc] 00:00:01.0852:  0x50b4 -- Gfx::Model3DRenderer::Model3DRenderer gfx\model3d\model3drenderer.cpp(472) ...
    this = 0x0000026CE5A3C550
    renderMode = RasterizeE2o

[trc] 00:00:01.0859:  0x50b4 -- Gfx::Model3DScene::FHasSupportedAnimations gfx\model3d\model3dscene.cpp(1453) ...

[trc] 00:00:01.0861:  0x50b4 -- Gfx::Model3DScene::FIsEmbeddedAnimationSupported gfx\model3d\model3dscene.cpp(1466) ...

[trc] 00:00:01.0863:  0x50b4 -- Gfx::Model3DScene::GetProjectionBounds gfx\model3d\model3dscene.cpp(720) ...

[trc] 00:00:01.0869:  0x50b4 -- Gfx::Model3DRenderer::Render gfx\model3d\model3drenderer_win.cpp(173) ...

[trc] 00:00:01.0871:  0x50b4 -- Gfx::Model3DRenderer::FHardwareAccelerationDisabled gfx\model3d\Model3D.h(214) ...

[trc] 00:00:01.0884:  0x50b4 -- Gfx::Model3DScene::GetBoundingBoxExtents gfx\model3d\model3dscene.cpp(761) ...

[trc] 00:00:01.0955:  0x50b4 -- Gfx::Model3DRenderer::CreateImage gfx\model3d\model3drenderer.cpp(566) ...

[trc] 00:00:01.0960:  0x50b4 -- Gfx::Model3DScene::GetMinRequiredRendererVersion gfx\model3d\model3dscene.cpp(808) ...

[trc] 00:00:01.0983:  0x50b4 -- Gfx::Model3DRenderer::~Model3DRenderer gfx\model3d\model3drenderer_win.cpp(74) ...
    this = 0x0000026CE5A3C550
    renderMode = RasterizeE2o

[trc] 00:00:02.0015:  0x50b4 -- Gfx::Model3DScene::~Model3DScene gfx\model3d\Model3D.h(49) ...
    this = 0x0000026CE475E900

[trc] 00:00:02.0030:  0x50b4 -- Gfx::IModel3DScene::GetUniqueIDFromStream gfx\model3d\model3dscene.cpp(947) ...

[trc] 00:00:02.0033:  0x50b4 -- Gfx::IModel3DScene::GetSourceFormatFromString gfx\model3d\model3dscene.cpp(1130) ...

[trc] 00:00:02.0035:  0x50b4 -- Gfx::IModel3DScene::Create gfx\model3d\model3dscene.cpp(1148) ...

[trc] 00:00:02.0037:  0x50b4 -- Gfx::Model3DScene::Model3DScene gfx\model3d\model3dscene.cpp(226) ...
    this = 0x0000026C9468B340

[trc] 00:00:02.0041:  0x50b4 -- Gfx::Model3DScene::FLoadingFinished gfx\model3d\model3dscene.cpp(281) ...

[trc] 00:00:02.0365:  0x50b4 -- Gfx::Model3DScene::FHasEmptyBounds gfx\model3d\model3dscene.cpp(710) ...

[trc] 00:00:02.0367:  0x50b4 -- Gfx::Model3DScene::GetBoundingBoxExtents gfx\model3d\model3dscene.cpp(761) ...

[trc] 00:00:02.0390:  0x50b4 -- Gfx::IModel3DRenderer::Create gfx\model3d\model3drenderer.cpp(606) ...
    renderMode = Play3DAnimation

[trc] 00:00:02.0395:  0x50b4 -- Gfx::Model3DRenderer::Model3DRenderer gfx\model3d\model3drenderer.cpp(472) ...
    this = 0x0000026C90E539C0
    renderMode = Play3DAnimation

[trc] 00:00:02.0402:  0x50b4 -- Gfx::Model3DRenderer::Render gfx\model3d\model3drenderer_win.cpp(173) ...

[trc] 00:00:02.0404:  0x50b4 -- Gfx::Model3DRenderer::FHardwareAccelerationDisabled gfx\model3d\Model3D.h(214) ...

[trc] 00:00:02.0417:  0x50b4 -- Gfx::Model3DScene::GetBoundingBoxExtents gfx\model3d\model3dscene.cpp(761) ...

[trc] 00:00:02.0505:  0x50b4 -- Gfx::Model3DRenderer::GetTexture gfx\model3d\model3drenderer.cpp(538) ...

[trc] 00:00:02.0507:  0x50b4 -- Gfx::Model3DRenderer::CreateImage gfx\model3d\model3drenderer.cpp(566) ...

[trc] 00:00:02.0633:  0x50b4 -- Gfx::Model3DScene::FHasEmptyBounds gfx\model3d\model3dscene.cpp(710) ...

[trc] 00:00:02.0636:  0x50b4 -- Gfx::Model3DScene::GetBoundingBoxExtents gfx\model3d\model3dscene.cpp(761) ...

[trc] 00:00:02.0638:  0x50b4 -- Gfx::IModel3DRenderer::Create gfx\model3d\model3drenderer.cpp(606) ...
    renderMode = GalleryThumbnail

[trc] 00:00:02.0643:  0x50b4 -- Gfx::Model3DRenderer::Model3DRenderer gfx\model3d\model3drenderer.cpp(472) ...
    this = 0x0000026CE6F81E80
    renderMode = GalleryThumbnail

[trc] 00:00:02.0650:  0x50b4 -- Gfx::Model3DScene::GetBoundingBoxExtents gfx\model3d\model3dscene.cpp(761) ...

[trc] 00:00:02.0655:  0x50b4 -- Gfx::Model3DRenderer::Render gfx\model3d\model3drenderer_win.cpp(173) ...

[trc] 00:00:02.0658:  0x50b4 -- Gfx::Model3DRenderer::FHardwareAccelerationDisabled gfx\model3d\Model3D.h(214) ...

[trc] 00:00:02.0668:  0x50b4 -- Gfx::Model3DScene::GetBoundingBoxExtents gfx\model3d\model3dscene.cpp(761) ...

[trc] 00:00:02.0719:  0x50b4 -- Gfx::Model3DRenderer::CreateImage gfx\model3d\model3drenderer.cpp(566) ...

[trc] 00:00:02.0722:  0x50b4 -- Gfx::Model3DRenderer::~Model3DRenderer gfx\model3d\model3drenderer_win.cpp(74) ...
    this = 0x0000026CE6F81E80
    renderMode = GalleryThumbnail

[trc] 00:00:02.0728:  0x50b4 -- Gfx::Model3DScene::GetRemixId gfx\model3d\model3dscene.cpp(790) ...

[trc] 00:00:02.0731:  0x50b4 -- Gfx::Model3DScene::EstimateModel3DSceneMemSizeBytes gfx\model3d\model3dscene.cpp(1031) ...

[trc] 00:00:02.0733:  0x50b4 -- Gfx::Model3DScene::GetOriginalFileSize gfx\model3d\model3dscene.cpp(755) ...

[trc] 00:00:02.0763:  0x50b4 -- Gfx::Model3DScene::FHasEmptyBounds gfx\model3d\model3dscene.cpp(710) ...

[trc] 00:00:02.0766:  0x50b4 -- Gfx::Model3DScene::GetBoundingBoxExtents gfx\model3d\model3dscene.cpp(761) ...

[trc] 00:00:02.0768:  0x50b4 -- Gfx::IModel3DRenderer::Create gfx\model3d\model3drenderer.cpp(606) ...
    renderMode = GalleryThumbnail

[trc] 00:00:02.0772:  0x50b4 -- Gfx::Model3DRenderer::Model3DRenderer gfx\model3d\model3drenderer.cpp(472) ...
    this = 0x0000026CE6F81D90
    renderMode = GalleryThumbnail

[trc] 00:00:02.0779:  0x50b4 -- Gfx::Model3DScene::GetBoundingBoxExtents gfx\model3d\model3dscene.cpp(761) ...

[trc] 00:00:02.0782:  0x50b4 -- Gfx::Model3DRenderer::Render gfx\model3d\model3drenderer_win.cpp(173) ...

[trc] 00:00:02.0784:  0x50b4 -- Gfx::Model3DRenderer::FHardwareAccelerationDisabled gfx\model3d\Model3D.h(214) ...

[trc] 00:00:02.0794:  0x50b4 -- Gfx::Model3DScene::GetBoundingBoxExtents gfx\model3d\model3dscene.cpp(761) ...

[trc] 00:00:02.0837:  0x50b4 -- Gfx::Model3DRenderer::CreateImage gfx\model3d\model3drenderer.cpp(566) ...

[trc] 00:00:02.0839:  0x50b4 -- Gfx::Model3DRenderer::~Model3DRenderer gfx\model3d\model3drenderer_win.cpp(74) ...
    this = 0x0000026CE6F81D90
    renderMode = GalleryThumbnail

[trc] 00:00:02.0881:  0x50b4 -- Gfx::Model3DScene::FHasEmptyBounds gfx\model3d\model3dscene.cpp(710) ...

[trc] 00:00:02.0884:  0x50b4 -- Gfx::Model3DScene::GetBoundingBoxExtents gfx\model3d\model3dscene.cpp(761) ...

[trc] 00:00:02.0886:  0x50b4 -- Gfx::IModel3DRenderer::Create gfx\model3d\model3drenderer.cpp(606) ...
    renderMode = GalleryThumbnail

[trc] 00:00:02.0891:  0x50b4 -- Gfx::Model3DRenderer::Model3DRenderer gfx\model3d\model3drenderer.cpp(472) ...
    this = 0x0000026CFD64CD60
    renderMode = GalleryThumbnail

[trc] 00:00:02.0899:  0x50b4 -- Gfx::Model3DScene::GetBoundingBoxExtents gfx\model3d\model3dscene.cpp(761) ...

[trc] 00:00:02.0905:  0x50b4 -- Gfx::Model3DRenderer::Render gfx\model3d\model3drenderer_win.cpp(173) ...

[trc] 00:00:02.0907:  0x50b4 -- Gfx::Model3DRenderer::FHardwareAccelerationDisabled gfx\model3d\Model3D.h(214) ...

[trc] 00:00:02.0917:  0x50b4 -- Gfx::Model3DScene::GetBoundingBoxExtents gfx\model3d\model3dscene.cpp(761) ...

[trc] 00:00:02.0964:  0x50b4 -- Gfx::Model3DRenderer::CreateImage gfx\model3d\model3drenderer.cpp(566) ...

[trc] 00:00:02.0967:  0x50b4 -- Gfx::Model3DRenderer::~Model3DRenderer gfx\model3d\model3drenderer_win.cpp(74) ...
    this = 0x0000026CFD64CD60
    renderMode = GalleryThumbnail

[trc] 00:00:03.0002:  0x50b4 -- Gfx::Model3DScene::FHasEmptyBounds gfx\model3d\model3dscene.cpp(710) ...

[trc] 00:00:03.0004:  0x50b4 -- Gfx::Model3DScene::GetBoundingBoxExtents gfx\model3d\model3dscene.cpp(761) ...

[trc] 00:00:03.0006:  0x50b4 -- Gfx::IModel3DRenderer::Create gfx\model3d\model3drenderer.cpp(606) ...
    renderMode = GalleryThumbnail

[trc] 00:00:03.0012:  0x50b4 -- Gfx::Model3DRenderer::Model3DRenderer gfx\model3d\model3drenderer.cpp(472) ...
    this = 0x0000026CE7890A20
    renderMode = GalleryThumbnail

[trc] 00:00:03.0019:  0x50b4 -- Gfx::Model3DScene::GetBoundingBoxExtents gfx\model3d\model3dscene.cpp(761) ...

[trc] 00:00:03.0022:  0x50b4 -- Gfx::Model3DRenderer::Render gfx\model3d\model3drenderer_win.cpp(173) ...

[trc] 00:00:03.0024:  0x50b4 -- Gfx::Model3DRenderer::FHardwareAccelerationDisabled gfx\model3d\Model3D.h(214) ...

[trc] 00:00:03.0032:  0x50b4 -- Gfx::Model3DScene::GetBoundingBoxExtents gfx\model3d\model3dscene.cpp(761) ...

[trc] 00:00:03.0099:  0x50b4 -- Gfx::Model3DRenderer::CreateImage gfx\model3d\model3drenderer.cpp(566) ...

[trc] 00:00:03.0102:  0x50b4 -- Gfx::Model3DRenderer::~Model3DRenderer gfx\model3d\model3drenderer_win.cpp(74) ...
    this = 0x0000026CE7890A20
    renderMode = GalleryThumbnail
ReactNative ['sdx_collabml.app'] (warning): '`new NativeEventEmitter()` was called with a non-null argument without the required `addListener` method.'
ReactNative ['sdx_collabml.app'] (warning): '`new NativeEventEmitter()` was called with a non-null argument without the required `removeListeners` method.'

--------------------------------------------------------------------------------------------------------------------------------------------------------------------------------

[trc] 00:00:07.0318:  0x50b4 -- Gfx::Model3DScene::FHasEmptyBounds gfx\model3d\model3dscene.cpp(710) ...

[trc] 00:00:07.0321:  0x50b4 -- Gfx::Model3DScene::GetBoundingBoxExtents gfx\model3d\model3dscene.cpp(761) ...

[trc] 00:00:07.0327:  0x50b4 -- Gfx::Model3DScene::FHasEmptyBounds gfx\model3d\model3dscene.cpp(710) ...

[trc] 00:00:07.0330:  0x50b4 -- Gfx::Model3DScene::GetBoundingBoxExtents gfx\model3d\model3dscene.cpp(761) ...

[trc] 00:00:07.0332:  0x50b4 -- Gfx::IModel3DRenderer::Create gfx\model3d\model3drenderer.cpp(606) ...
    renderMode = EditRotate

[trc] 00:00:07.0337:  0x50b4 -- Gfx::Model3DRenderer::Model3DRenderer gfx\model3d\model3drenderer.cpp(472) ...
    this = 0x0000026CE5A166C0
    renderMode = EditRotate

[trc] 00:00:07.0344:  0x50b4 -- Gfx::Model3DRenderer::Render gfx\model3d\model3drenderer_win.cpp(173) ...

[trc] 00:00:07.0347:  0x50b4 -- Gfx::Model3DRenderer::FHardwareAccelerationDisabled gfx\model3d\Model3D.h(214) ...

[trc] 00:00:07.0358:  0x50b4 -- Gfx::Model3DScene::GetBoundingBoxExtents gfx\model3d\model3dscene.cpp(761) ...

[trc] 00:00:07.0412:  0x50b4 -- Gfx::Model3DRenderer::GetTexture gfx\model3d\model3drenderer.cpp(538) ...

[trc] 00:00:07.0414:  0x50b4 -- Gfx::Model3DRenderer::CreateImage gfx\model3d\model3drenderer.cpp(566) ...

[trc] 00:00:07.0442:  0x50b4 -- Gfx::Model3DRenderer::SetRenderMode gfx\model3d\model3drenderer.cpp(481) ...
    renderMode = EditRotate

[trc] 00:00:07.0455:  0x50b4 -- Gfx::Model3DRenderer::SetRenderMode gfx\model3d\model3drenderer.cpp(481) ...
    renderMode = EditRotate

[trc] 00:00:07.0471:  0x50b4 -- Gfx::Model3DRenderer::SetRenderMode gfx\model3d\model3drenderer.cpp(481) ...
    renderMode = EditRotate

[trc] 00:00:07.0503:  0x50b4 -- Gfx::Model3DRenderer::SetRenderMode gfx\model3d\model3drenderer.cpp(481) ...
    renderMode = EditRotate

[trc] 00:00:07.0534:  0x50b4 -- Gfx::Model3DRenderer::SetRenderMode gfx\model3d\model3drenderer.cpp(481) ...
    renderMode = EditRotate

[trc] 00:00:07.0566:  0x50b4 -- Gfx::Model3DRenderer::SetRenderMode gfx\model3d\model3drenderer.cpp(481) ...
    renderMode = EditRotate

[trc] 00:00:07.0597:  0x50b4 -- Gfx::Model3DRenderer::SetRenderMode gfx\model3d\model3drenderer.cpp(481) ...
    renderMode = EditRotate

[trc] 00:00:07.0629:  0x50b4 -- Gfx::Model3DRenderer::SetRenderMode gfx\model3d\model3drenderer.cpp(481) ...
    renderMode = EditRotate

[trc] 00:00:07.0651:  0x50b4 -- Gfx::Model3DRenderer::SetRenderMode gfx\model3d\model3drenderer.cpp(481) ...
    renderMode = EditRotate

[trc] 00:00:07.0657:  0x50b4 -- Gfx::Model3DScene::FHasEmptyBounds gfx\model3d\model3dscene.cpp(710) ...

[trc] 00:00:07.0660:  0x50b4 -- Gfx::Model3DScene::GetBoundingBoxExtents gfx\model3d\model3dscene.cpp(761) ...

[trc] 00:00:07.0662:  0x50b4 -- Gfx::Model3DRenderer::SetRenderMode gfx\model3d\model3drenderer.cpp(481) ...
    renderMode = EditRotate

[trc] 00:00:07.0668:  0x50b4 -- Gfx::Model3DRenderer::Render gfx\model3d\model3drenderer_win.cpp(173) ...

[trc] 00:00:07.0670:  0x50b4 -- Gfx::Model3DRenderer::FHardwareAccelerationDisabled gfx\model3d\Model3D.h(214) ...

[trc] 00:00:07.0673:  0x50b4 -- Gfx::Model3DScene::GetBoundingBoxExtents gfx\model3d\model3dscene.cpp(761) ...

[trc] 00:00:07.0749:  0x50b4 -- Gfx::Model3DRenderer::GetTexture gfx\model3d\model3drenderer.cpp(538) ...

[trc] 00:00:07.0751:  0x50b4 -- Gfx::Model3DRenderer::CreateImage gfx\model3d\model3drenderer.cpp(566) ...

[trc] 00:00:07.0761:  0x50b4 -- Gfx::Model3DRenderer::SetRenderMode gfx\model3d\model3drenderer.cpp(481) ...
    renderMode = EditRotate

[trc] 00:00:07.0776:  0x50b4 -- Gfx::Model3DRenderer::SetRenderMode gfx\model3d\model3drenderer.cpp(481) ...
    renderMode = EditRotate

[trc] 00:00:07.0782:  0x50b4 -- Gfx::Model3DScene::FHasEmptyBounds gfx\model3d\model3dscene.cpp(710) ...

[trc] 00:00:07.0784:  0x50b4 -- Gfx::Model3DScene::GetBoundingBoxExtents gfx\model3d\model3dscene.cpp(761) ...

[trc] 00:00:07.0786:  0x50b4 -- Gfx::Model3DRenderer::SetRenderMode gfx\model3d\model3drenderer.cpp(481) ...
    renderMode = EditRotate

[trc] 00:00:07.0792:  0x50b4 -- Gfx::Model3DRenderer::Render gfx\model3d\model3drenderer_win.cpp(173) ...

[trc] 00:00:07.0795:  0x50b4 -- Gfx::Model3DRenderer::FHardwareAccelerationDisabled gfx\model3d\Model3D.h(214) ...

[trc] 00:00:07.0797:  0x50b4 -- Gfx::Model3DScene::GetBoundingBoxExtents gfx\model3d\model3dscene.cpp(761) ...

[trc] 00:00:07.0855:  0x50b4 -- Gfx::Model3DRenderer::GetTexture gfx\model3d\model3drenderer.cpp(538) ...

[trc] 00:00:07.0858:  0x50b4 -- Gfx::Model3DRenderer::CreateImage gfx\model3d\model3drenderer.cpp(566) ...

[trc] 00:00:07.0866:  0x50b4 -- Gfx::Model3DRenderer::SetRenderMode gfx\model3d\model3drenderer.cpp(481) ...
    renderMode = EditRotate

[trc] 00:00:07.0877:  0x50b4 -- Gfx::Model3DRenderer::SetRenderMode gfx\model3d\model3drenderer.cpp(481) ...
    renderMode = EditRotate

[trc] 00:00:07.0883:  0x50b4 -- Gfx::Model3DScene::FHasEmptyBounds gfx\model3d\model3dscene.cpp(710) ...

[trc] 00:00:07.0886:  0x50b4 -- Gfx::Model3DScene::GetBoundingBoxExtents gfx\model3d\model3dscene.cpp(761) ...

[trc] 00:00:07.0888:  0x50b4 -- Gfx::Model3DRenderer::SetRenderMode gfx\model3d\model3drenderer.cpp(481) ...
    renderMode = EditRotate

[trc] 00:00:07.0894:  0x50b4 -- Gfx::Model3DRenderer::Render gfx\model3d\model3drenderer_win.cpp(173) ...

[trc] 00:00:07.0896:  0x50b4 -- Gfx::Model3DRenderer::FHardwareAccelerationDisabled gfx\model3d\Model3D.h(214) ...

[trc] 00:00:07.0899:  0x50b4 -- Gfx::Model3DScene::GetBoundingBoxExtents gfx\model3d\model3dscene.cpp(761) ...

[trc] 00:00:07.0966:  0x50b4 -- Gfx::Model3DRenderer::GetTexture gfx\model3d\model3drenderer.cpp(538) ...

[trc] 00:00:07.0968:  0x50b4 -- Gfx::Model3DRenderer::CreateImage gfx\model3d\model3drenderer.cpp(566) ...

[trc] 00:00:07.0977:  0x50b4 -- Gfx::Model3DRenderer::SetRenderMode gfx\model3d\model3drenderer.cpp(481) ...
    renderMode = EditRotate

[trc] 00:00:07.0994:  0x50b4 -- Gfx::Model3DRenderer::SetRenderMode gfx\model3d\model3drenderer.cpp(481) ...
    renderMode = EditRotate

[trc] 00:00:08.0000:  0x50b4 -- Gfx::Model3DScene::FHasEmptyBounds gfx\model3d\model3dscene.cpp(710) ...

[trc] 00:00:08.0003:  0x50b4 -- Gfx::Model3DScene::GetBoundingBoxExtents gfx\model3d\model3dscene.cpp(761) ...

[trc] 00:00:08.0005:  0x50b4 -- Gfx::Model3DRenderer::SetRenderMode gfx\model3d\model3drenderer.cpp(481) ...
    renderMode = EditRotate

[trc] 00:00:08.0010:  0x50b4 -- Gfx::Model3DRenderer::Render gfx\model3d\model3drenderer_win.cpp(173) ...

[trc] 00:00:08.0013:  0x50b4 -- Gfx::Model3DRenderer::FHardwareAccelerationDisabled gfx\model3d\Model3D.h(214) ...

[trc] 00:00:08.0015:  0x50b4 -- Gfx::Model3DScene::GetBoundingBoxExtents gfx\model3d\model3dscene.cpp(761) ...

[trc] 00:00:08.0075:  0x50b4 -- Gfx::Model3DRenderer::GetTexture gfx\model3d\model3drenderer.cpp(538) ...

[trc] 00:00:08.0078:  0x50b4 -- Gfx::Model3DRenderer::CreateImage gfx\model3d\model3drenderer.cpp(566) ...

[trc] 00:00:08.0087:  0x50b4 -- Gfx::Model3DRenderer::SetRenderMode gfx\model3d\model3drenderer.cpp(481) ...
    renderMode = EditRotate

[trc] 00:00:08.0097:  0x50b4 -- Gfx::Model3DRenderer::SetRenderMode gfx\model3d\model3drenderer.cpp(481) ...
    renderMode = EditRotate

[trc] 00:00:08.0103:  0x50b4 -- Gfx::Model3DScene::FHasEmptyBounds gfx\model3d\model3dscene.cpp(710) ...

[trc] 00:00:08.0105:  0x50b4 -- Gfx::Model3DScene::GetBoundingBoxExtents gfx\model3d\model3dscene.cpp(761) ...

[trc] 00:00:08.0108:  0x50b4 -- Gfx::Model3DRenderer::SetRenderMode gfx\model3d\model3drenderer.cpp(481) ...
    renderMode = EditRotate

[trc] 00:00:08.0112:  0x50b4 -- Gfx::Model3DRenderer::Render gfx\model3d\model3drenderer_win.cpp(173) ...

[trc] 00:00:08.0113:  0x50b4 -- Gfx::Model3DRenderer::FHardwareAccelerationDisabled gfx\model3d\Model3D.h(214) ...

[trc] 00:00:08.0115:  0x50b4 -- Gfx::Model3DScene::GetBoundingBoxExtents gfx\model3d\model3dscene.cpp(761) ...

[trc] 00:00:08.0184:  0x50b4 -- Gfx::Model3DRenderer::GetTexture gfx\model3d\model3drenderer.cpp(538) ...

[trc] 00:00:08.0187:  0x50b4 -- Gfx::Model3DRenderer::CreateImage gfx\model3d\model3drenderer.cpp(566) ...

[trc] 00:00:08.0196:  0x50b4 -- Gfx::Model3DRenderer::SetRenderMode gfx\model3d\model3drenderer.cpp(481) ...
    renderMode = EditRotate

[trc] 00:00:08.0206:  0x50b4 -- Gfx::Model3DRenderer::SetRenderMode gfx\model3d\model3drenderer.cpp(481) ...
    renderMode = EditRotate

[trc] 00:00:08.0212:  0x50b4 -- Gfx::Model3DScene::FHasEmptyBounds gfx\model3d\model3dscene.cpp(710) ...

[trc] 00:00:08.0215:  0x50b4 -- Gfx::Model3DScene::GetBoundingBoxExtents gfx\model3d\model3dscene.cpp(761) ...

[trc] 00:00:08.0217:  0x50b4 -- Gfx::Model3DRenderer::SetRenderMode gfx\model3d\model3drenderer.cpp(481) ...
    renderMode = EditRotate

[trc] 00:00:08.0223:  0x50b4 -- Gfx::Model3DRenderer::Render gfx\model3d\model3drenderer_win.cpp(173) ...

[trc] 00:00:08.0225:  0x50b4 -- Gfx::Model3DRenderer::FHardwareAccelerationDisabled gfx\model3d\Model3D.h(214) ...

[trc] 00:00:08.0228:  0x50b4 -- Gfx::Model3DScene::GetBoundingBoxExtents gfx\model3d\model3dscene.cpp(761) ...

[trc] 00:00:08.0299:  0x50b4 -- Gfx::Model3DRenderer::GetTexture gfx\model3d\model3drenderer.cpp(538) ...

[trc] 00:00:08.0302:  0x50b4 -- Gfx::Model3DRenderer::CreateImage gfx\model3d\model3drenderer.cpp(566) ...

[trc] 00:00:08.0311:  0x50b4 -- Gfx::Model3DRenderer::SetRenderMode gfx\model3d\model3drenderer.cpp(481) ...
    renderMode = EditRotate

[trc] 00:00:08.0321:  0x50b4 -- Gfx::Model3DRenderer::SetRenderMode gfx\model3d\model3drenderer.cpp(481) ...
    renderMode = EditRotate

[trc] 00:00:08.0327:  0x50b4 -- Gfx::Model3DScene::FHasEmptyBounds gfx\model3d\model3dscene.cpp(710) ...

[trc] 00:00:08.0329:  0x50b4 -- Gfx::Model3DScene::GetBoundingBoxExtents gfx\model3d\model3dscene.cpp(761) ...

[trc] 00:00:08.0331:  0x50b4 -- Gfx::Model3DRenderer::SetRenderMode gfx\model3d\model3drenderer.cpp(481) ...
    renderMode = EditRotate

[trc] 00:00:08.0337:  0x50b4 -- Gfx::Model3DRenderer::Render gfx\model3d\model3drenderer_win.cpp(173) ...

[trc] 00:00:08.0339:  0x50b4 -- Gfx::Model3DRenderer::FHardwareAccelerationDisabled gfx\model3d\Model3D.h(214) ...

[trc] 00:00:08.0341:  0x50b4 -- Gfx::Model3DScene::GetBoundingBoxExtents gfx\model3d\model3dscene.cpp(761) ...

[trc] 00:00:08.0416:  0x50b4 -- Gfx::Model3DRenderer::GetTexture gfx\model3d\model3drenderer.cpp(538) ...

[trc] 00:00:08.0418:  0x50b4 -- Gfx::Model3DRenderer::CreateImage gfx\model3d\model3drenderer.cpp(566) ...

[trc] 00:00:08.0426:  0x50b4 -- Gfx::Model3DRenderer::SetRenderMode gfx\model3d\model3drenderer.cpp(481) ...
    renderMode = EditRotate

[trc] 00:00:08.0438:  0x50b4 -- Gfx::Model3DRenderer::SetRenderMode gfx\model3d\model3drenderer.cpp(481) ...
    renderMode = Unknown

[trc] 00:00:08.0453:  0x50b4 -- Gfx::Model3DScene::GetBoundingBoxExtents gfx\model3d\model3dscene.cpp(761) ...

[trc] 00:00:08.0458:  0x50b4 -- Gfx::Model3DScene::FHasEmptyBounds gfx\model3d\model3dscene.cpp(710) ...

[trc] 00:00:08.0461:  0x50b4 -- Gfx::Model3DScene::GetBoundingBoxExtents gfx\model3d\model3dscene.cpp(761) ...

[trc] 00:00:08.0463:  0x50b4 -- Gfx::Model3DScene::GetBoundingBoxExtents gfx\model3d\model3dscene.cpp(761) ...

[trc] 00:00:08.0466:  0x50b4 -- Gfx::Model3DScene::FHasSupportedAnimations gfx\model3d\model3dscene.cpp(1453) ...

[trc] 00:00:08.0469:  0x50b4 -- Gfx::Model3DScene::FIsEmbeddedAnimationSupported gfx\model3d\model3dscene.cpp(1466) ...

[trc] 00:00:08.0473:  0x50b4 -- Gfx::Model3DScene::GetProjectionBounds gfx\model3d\model3dscene.cpp(720) ...

[trc] 00:00:08.0485:  0x50b4 -- Gfx::Model3DScene::FHasEmptyBounds gfx\model3d\model3dscene.cpp(710) ...

[trc] 00:00:08.0487:  0x50b4 -- Gfx::Model3DScene::GetBoundingBoxExtents gfx\model3d\model3dscene.cpp(761) ...

[trc] 00:00:08.0490:  0x50b4 -- Gfx::Model3DScene::FHasSupportedAnimations gfx\model3d\model3dscene.cpp(1453) ...

[trc] 00:00:08.0493:  0x50b4 -- Gfx::Model3DScene::FIsEmbeddedAnimationSupported gfx\model3d\model3dscene.cpp(1466) ...

[trc] 00:00:08.0504:  0x50b4 -- Gfx::Model3DScene::FHasSupportedAnimations gfx\model3d\model3dscene.cpp(1453) ...

[trc] 00:00:08.0507:  0x50b4 -- Gfx::Model3DScene::FIsEmbeddedAnimationSupported gfx\model3d\model3dscene.cpp(1466) ...

[trc] 00:00:08.0524:  0x50b4 -- Gfx::Model3DScene::FHasEmptyBounds gfx\model3d\model3dscene.cpp(710) ...

[trc] 00:00:08.0526:  0x50b4 -- Gfx::Model3DScene::GetBoundingBoxExtents gfx\model3d\model3dscene.cpp(761) ...

[trc] 00:00:08.0529:  0x50b4 -- Gfx::IModel3DRenderer::Create gfx\model3d\model3drenderer.cpp(606) ...
    renderMode = RasterizeE2o

[trc] 00:00:08.0534:  0x50b4 -- Gfx::Model3DRenderer::Model3DRenderer gfx\model3d\model3drenderer.cpp(472) ...
    this = 0x0000026CE79AF500
    renderMode = RasterizeE2o

[trc] 00:00:08.0542:  0x50b4 -- Gfx::Model3DRenderer::Render gfx\model3d\model3drenderer_win.cpp(173) ...

[trc] 00:00:08.0545:  0x50b4 -- Gfx::Model3DRenderer::FHardwareAccelerationDisabled gfx\model3d\Model3D.h(214) ...

[trc] 00:00:08.0554:  0x50b4 -- Gfx::Model3DScene::GetBoundingBoxExtents gfx\model3d\model3dscene.cpp(761) ...

[trc] 00:00:08.0616:  0x50b4 -- Gfx::Model3DRenderer::CreateImage gfx\model3d\model3drenderer.cpp(566) ...

[trc] 00:00:08.0621:  0x50b4 -- Gfx::Model3DScene::GetMinRequiredRendererVersion gfx\model3d\model3dscene.cpp(808) ...

[trc] 00:00:08.0647:  0x50b4 -- Gfx::Model3DRenderer::~Model3DRenderer gfx\model3d\model3drenderer_win.cpp(74) ...
    this = 0x0000026CE79AF500
    renderMode = RasterizeE2o

[trc] 00:00:08.0654:  0x50b4 -- Gfx::Model3DScene::GetRemixId gfx\model3d\model3dscene.cpp(790) ...

[trc] 00:00:08.0657:  0x50b4 -- Gfx::Model3DScene::EstimateModel3DSceneMemSizeBytes gfx\model3d\model3dscene.cpp(1031) ...

[trc] 00:00:08.0659:  0x50b4 -- Gfx::Model3DScene::GetOriginalFileSize gfx\model3d\model3dscene.cpp(755) ...

[trc] 00:00:08.0709:  0x50b4 -- Gfx::Model3DScene::FHasEmptyBounds gfx\model3d\model3dscene.cpp(710) ...

[trc] 00:00:08.0712:  0x50b4 -- Gfx::Model3DScene::GetBoundingBoxExtents gfx\model3d\model3dscene.cpp(761) ...

[trc] 00:00:08.0734:  0x4f04 -- Gfx::Model3DRenderer::Render gfx\model3d\model3drenderer_win.cpp(173) ...

[trc] 00:00:08.0736:  0x4f04 -- Gfx::Model3DRenderer::GetTexture gfx\model3d\model3drenderer.cpp(538) ...

[trc] 00:00:08.0767:  0x50b4 -- Gfx::Model3DRenderer::FHardwareAccelerationDisabled gfx\model3d\Model3D.h(214) ...

[trc] 00:00:08.0770:  0x50b4 -- Gfx::Model3DScene::GetBoundingBoxExtents gfx\model3d\model3dscene.cpp(761) ...
NetUI BinaryReader - Error : ElementListener not found: GalleryRefreshButtonInputHandler

--------------------------------------------------------------------------------------------------------------------------------------------------------------------------------

[trc] 00:00:15.0372:  0x50b4 -- Gfx::Model3DRenderer::~Model3DRenderer gfx\model3d\model3drenderer_win.cpp(74) ...
    this = 0x0000026C90E539C0
    renderMode = Play3DAnimation

[trc] 00:00:15.0379:  0x50b4 -- Gfx::Model3DScene::GetRemixId gfx\model3d\model3dscene.cpp(790) ...

[trc] 00:00:15.0381:  0x50b4 -- Gfx::Model3DScene::EstimateModel3DSceneMemSizeBytes gfx\model3d\model3dscene.cpp(1031) ...

[trc] 00:00:15.0384:  0x50b4 -- Gfx::Model3DScene::GetOriginalFileSize gfx\model3d\model3dscene.cpp(755) ...

[trc] 00:00:15.0395:  0x50b4 -- Gfx::Model3DRenderer::~Model3DRenderer gfx\model3d\model3drenderer_win.cpp(74) ...
    this = 0x0000026CE5A166C0
    renderMode = Unknown

[trc] 00:00:15.0675:  0x50b4 -- Gfx::Model3DScene::~Model3DScene gfx\model3d\Model3D.h(49) ...
    this = 0x0000026C9468B340
D3D11 WARNING: Live ID3D11Device at 0x0000026CFDF28080, Name: CoreEngine(1), Refcount: 20 [ STATE_CREATION WARNING #441: LIVE_DEVICE]
D3D11 WARNING: 	Live ID3D11Context at 0x0000026C93A5A530, Name: DefaultImmediateContext, Refcount: 0, IntRef: 1 [ STATE_CREATION WARNING #2097226: LIVE_CONTEXT]
D3D11 WARNING: 	Live ID3DDeviceContextState at 0x0000026C917BE4B0, Refcount: 0, IntRef: 1 [ STATE_CREATION WARNING #3145742: LIVE_DEVICECONTEXTSTATE]
D3D11 WARNING: 	Live ID3D11BlendState at 0x0000026CD0165B20, Refcount: 0, IntRef: 1 [ STATE_CREATION WARNING #435: LIVE_BLENDSTATE]
D3D11 WARNING: 	Live ID3D11DepthStencilState at 0x0000026CD01668A0, Refcount: 0, IntRef: 1 [ STATE_CREATION WARNING #436: LIVE_DEPTHSTENCILSTATE]
D3D11 WARNING: 	Live ID3D11RasterizerState at 0x0000026CD0166AE0, Refcount: 0, IntRef: 1 [ STATE_CREATION WARNING #437: LIVE_RASTERIZERSTATE]
D3D11 WARNING: 	Live ID3D11Sampler at 0x0000026CD0166D20, Refcount: 0, IntRef: 1 [ STATE_CREATION WARNING #434: LIVE_SAMPLER]
D3D11 WARNING: 	Live ID3D11Query at 0x0000026CEA5BDE30, Refcount: 0, IntRef: 1 [ STATE_CREATION WARNING #438: LIVE_QUERY]
D3D11 WARNING: 	Live ID3D11Query at 0x0000026CE5C99730, Refcount: 1, IntRef: 0 [ STATE_CREATION WARNING #438: LIVE_QUERY]
D3D11 WARNING: 	Live ID3D11Query at 0x0000026CE5C980B0, Refcount: 1, IntRef: 0 [ STATE_CREATION WARNING #438: LIVE_QUERY]
D3D11 WARNING: 	Live ID3D11Query at 0x0000026CE5C98FB0, Refcount: 1, IntRef: 0 [ STATE_CREATION WARNING #438: LIVE_QUERY]
D3D11 WARNING: 	Live ID3D11Query at 0x0000026CE5C98330, Refcount: 1, IntRef: 0 [ STATE_CREATION WARNING #438: LIVE_QUERY]
D3D11 WARNING: 	Live ID3D11Query at 0x0000026CE5C985B0, Refcount: 1, IntRef: 0 [ STATE_CREATION WARNING #438: LIVE_QUERY]
D3D11 WARNING: 	Live ID3D11Query at 0x0000026CD016B680, Refcount: 1, IntRef: 0 [ STATE_CREATION WARNING #438: LIVE_QUERY]
D3D11 WARNING: 	Live ID3D11Query at 0x0000026C90E4A140, Refcount: 1, IntRef: 0 [ STATE_CREATION WARNING #438: LIVE_QUERY]
D3D11 WARNING: 	Live ID3D11Query at 0x0000026C90E46A40, Refcount: 1, IntRef: 0 [ STATE_CREATION WARNING #438: LIVE_QUERY]
D3D11 WARNING: 	Live ID3D11Query at 0x0000026C90E46CC0, Refcount: 1, IntRef: 0 [ STATE_CREATION WARNING #438: LIVE_QUERY]
D3D11 WARNING: 	Live ID3D11Query at 0x0000026C90E467C0, Refcount: 1, IntRef: 0 [ STATE_CREATION WARNING #438: LIVE_QUERY]
D3D11 WARNING: 	Live ID3D11Query at 0x0000026C90E48340, Refcount: 1, IntRef: 0 [ STATE_CREATION WARNING #438: LIVE_QUERY]
D3D11 WARNING: 	Live ID3D11Query at 0x0000026C90E49740, Refcount: 1, IntRef: 0 [ STATE_CREATION WARNING #438: LIVE_QUERY]
D3D11 WARNING: 	Live ID3D11Query at 0x0000026CE6FAE3B0, Refcount: 1, IntRef: 0 [ STATE_CREATION WARNING #438: LIVE_QUERY]
D3D11 WARNING: 	Live ID3D11Query at 0x0000026CE6FAD730, Refcount: 1, IntRef: 0 [ STATE_CREATION WARNING #438: LIVE_QUERY]
D3D11 WARNING: 	Live ID3D11Query at 0x0000026CFD646A50, Refcount: 1, IntRef: 0 [ STATE_CREATION WARNING #438: LIVE_QUERY]
D3D11 WARNING: 	Live ID3D11Query at 0x0000026CFD646CD0, Refcount: 1, IntRef: 0 [ STATE_CREATION WARNING #438: LIVE_QUERY]
D3D11 WARNING: 	Live ID3D11Query at 0x0000026CFD646050, Refcount: 1, IntRef: 0 [ STATE_CREATION WARNING #438: LIVE_QUERY]
D3D11 WARNING: 	Live ID3D11Query at 0x0000026CEC6E4B50, Refcount: 1, IntRef: 0 [ STATE_CREATION WARNING #438: LIVE_QUERY]
D3D11 WARNING: Using ID3D11Debug::ReportLiveDeviceObjects with D3D11_RLDO_DETAIL will help drill into object lifetimes. Objects with Refcount=0 and IntRef=0 will be eventually destroyed through typical Immediate Context usage. However, if the application requires these objects to be destroyed sooner, ClearState followed by Flush on the Immediate Context will realize their destruction.
 [ STATE_CREATION WARNING #422: LIVE_OBJECT_SUMMARY]
D3D11 WARNING: Live ID3D11Device at 0x0000026CFDF28080, Name: CoreEngine(1), Refcount: 20 [ STATE_CREATION WARNING #441: LIVE_DEVICE]
D3D11 WARNING: Live                  ID3D11Context :      1 [ STATE_CREATION WARNING #422: LIVE_OBJECT_SUMMARY]
D3D11 WARNING: Live         ID3DDeviceContextState :      1 [ STATE_CREATION WARNING #422: LIVE_OBJECT_SUMMARY]
D3D11 WARNING: Live               ID3D11BlendState :      1 [ STATE_CREATION WARNING #422: LIVE_OBJECT_SUMMARY]
D3D11 WARNING: Live        ID3D11DepthStencilState :      1 [ STATE_CREATION WARNING #422: LIVE_OBJECT_SUMMARY]
D3D11 WARNING: Live          ID3D11RasterizerState :      1 [ STATE_CREATION WARNING #422: LIVE_OBJECT_SUMMARY]
D3D11 WARNING: Live                  ID3D11Sampler :      1 [ STATE_CREATION WARNING #422: LIVE_OBJECT_SUMMARY]
D3D11 WARNING: Live                    ID3D11Query :     19 [ STATE_CREATION WARNING #422: LIVE_OBJECT_SUMMARY]
groove\grooveutil\dll\grooveutil.cpp(32) : atlTraceGeneral - 
 *** GCStr allocation leaks: 3
