-------------------------------------------------------------------
You may only use the C/C++ Extension for Visual Studio Code
with Visual Studio Code, Visual Studio or Visual Studio for Mac
software to help you develop and test your applications.
-------------------------------------------------------------------
NetUI BinaryReader - Error : ElementListener not found: GalleryRefreshButtonInputHandler
onecoreuap\base\appmodel\search\structuredquery\schemaengine\schemaengine.cpp(3058)\StructuredQuery.dll!00007FFEC128326E: (caller: 00007FFEC1264FF2) ReturnHr(1) tid(424c) 8000FFFF Catastrophic failure
    CallContext:[\SchemaBinaryLoadBinary]
onecoreuap\base\appmodel\search\structuredquery\schemaengine\schemaengine.cpp(3058)\StructuredQuery.dll!00007FFEC128326E: (caller: 00007FFEC1264FF2) ReturnHr(2) tid(5530) 8000FFFF Catastrophic failure
    CallContext:[\SchemaBinaryLoadBinary]
onecoreuap\shell\propsys\memorymappedcache\version.cpp(210)\PROPSYS.dll!00007FFEE8C09637: (caller: 00007FFEE8BCD9E7) ReturnHr(2) tid(424c) 80070490 Element not found.
onecoreuap\shell\propsys\memorymappedcache\version.cpp(210)\PROPSYS.dll!00007FFEE8C09637: (caller: 00007FFEE8BCD9E7) ReturnHr(1) tid(5530) 80070490 Element not found.
onecoreuap\shell\propsys\memorymappedcache\version.cpp(210)\PROPSYS.dll!00007FFEE8C09637: (caller: 00007FFEE8BCD9E7) ReturnHr(3) tid(424c) 80070490 Element not found.
ReactNative ['sdx_collabml.app'] (warning): 'Require cycle: ..\..\..\node_modules\@ms\oteljs\dist-cjs\index.js -> ..\..\..\node_modules\@ms\oteljs\dist-cjs\EventFlagFiller.js -> ..\..\..\node_modules\@ms\oteljs\dist-cjs\index.js

Require cycles are allowed, but can result in uninitialized values. Consider refactoring to remove the need for a cycle.'
ReactNative ['sdx_collabml.app'] (warning): 'Require cycle: ..\..\..\node_modules\@ms\oteljs\dist-cjs\index.js -> ..\..\..\node_modules\@ms\oteljs\dist-cjs\SimpleTelemetryLogger.js -> ..\..\..\node_modules\@ms\oteljs\dist-cjs\index.js

Require cycles are allowed, but can result in uninitialized values. Consider refactoring to remove the need for a cycle.'
NetUI BinaryReader - Error : ElementListener not found: GalleryRefreshButtonInputHandler
MsoMakeFindFile: Thread 11200 never called DLL_THREAD_ATTACH on MSO97, assigning 0000000000000000 as context
MsoMakeFindFile: Thread 11200 never called DLL_THREAD_ATTACH on MSO97, assigning 0000000000000000 as context
*** ASSERT FAILED: Input parameter LanguagesBuffer for function RtlSetThreadPreferredUILanguages is not a valid multi-string!
mincore\com\oleaut32\dispatch\ups.cpp(2126)\OLEAUT32.dll!00007FFEF0B3469C: (caller: 00007FFEF0B3498A) ReturnHr(1) tid(2bc0) 8002801D Library not registered.
onecore\vm\dv\storage\plan9\rdr\dll\util.cpp(99)\p9np.dll!00007FFEBC18F0CC: (caller: 00007FFEBC1893B0) LogHr(1) tid(5c9c) C0000034     Msg:[瑎牃慥整楆敬☨敤楶散‬奓䍎剈乏婉ⱅ☠瑡牴扩瑵獥‬椦卯慴畴ⱳ渠汵灬牴‬䥆䕌䅟呔䥒啂䕔也剏䅍ⱌ⠠䥆䕌卟䅈䕒剟䅅⁄⁼䥆䕌卟䅈䕒坟䥒䕔簠䘠䱉彅䡓剁彅䕄䕌䕔Ⱙ䘠䱉彅偏久‬䥆䕌卟乙䡃佒低单䥟彏低䅎䕌呒‬畮汬瑰Ⱳ〠)]
onecore\com\combase\dcomrem\security.cxx(2999)\combase.dll!00007FFEF1BC505E: (caller: 00007FFE9A79F80A) ReturnHr(1) tid(4858) 80010117 Call context cannot be accessed after call completed.
onecore\com\combase\dcomrem\security.cxx(2999)\combase.dll!00007FFEF1BC505E: (caller: 00007FFE9A79F80A) ReturnHr(2) tid(4858) 80010117 Call context cannot be accessed after call completed.
onecore\com\combase\objact\objact.cxx(4070)\combase.dll!00007FFEF1B75175: (caller: 00007FFEF1B7CEBA) ReturnHr(3) tid(2dd8) 80040154 Class not registered
onecore\com\combase\objact\objact.cxx(4070)\combase.dll!00007FFEF1B75175: (caller: 00007FFEF1B7CEBA) ReturnHr(4) tid(2dd8) 80040154 Class not registered
onecore\com\combase\objact\objact.cxx(4070)\combase.dll!00007FFEF1B75175: (caller: 00007FFEF1B7CEBA) ReturnHr(5) tid(2dd8) 80040154 Class not registered
ReactNative ['sdx_collabml.app'] (warning): '`new NativeEventEmitter()` was called with a non-null argument without the required `addListener` method.'
ReactNative ['sdx_collabml.app'] (warning): '`new NativeEventEmitter()` was called with a non-null argument without the required `removeListeners` method.'
BJS - [15:58:53]: Babylon Native (v5.35.1) launched

--------------------------------------------------------------------------------------------------------------------------------------------------------------------------------

[trc] 00:00:00.0003:  0x3fa4 -- Gfx::IModel3DScene::GetSourceFormatFromString gfx\model3d\model3dscene.cpp(1130) ...

[trc] 00:00:00.0005:  0x3fa4 -- Gfx::IModel3DScene::GetExportFormatFromString gfx\model3d\model3dscene.cpp(1139) ...

[trc] 00:00:00.0007:  0x3fa4 -- Gfx::IModel3DScene::Convert gfx\model3d\model3dscene.cpp(1271) ...

[trc] 00:00:00.0337:  0x3fa4 -- Gfx::IModel3DScene::GetUniqueIDFromStream gfx\model3d\model3dscene.cpp(947) ...

[trc] 00:00:00.0339:  0x3fa4 -- Gfx::IModel3DScene::GetSourceFormatFromString gfx\model3d\model3dscene.cpp(1130) ...

[trc] 00:00:00.0341:  0x3fa4 -- Gfx::IModel3DScene::Create gfx\model3d\model3dscene.cpp(1148) ...

[trc] 00:00:00.0344:  0x3fa4 -- Gfx::Model3DScene::Model3DScene gfx\model3d\model3dscene.cpp(226) ...
    this = 0x000001BAB58398F0

[trc] 00:00:00.0347:  0x3fa4 -- Gfx::Model3DScene::FLoadingFinished gfx\model3d\model3dscene.cpp(281) ...

[trc] 00:00:00.0349:  0x3fa4 -- Gfx::Model3DScene::FHasEmptyBounds gfx\model3d\model3dscene.cpp(710) ...

[trc] 00:00:00.0351:  0x3fa4 -- Gfx::Model3DScene::GetBoundingBoxExtents gfx\model3d\model3dscene.cpp(761) ...
DEBUG: Encode Base64
DEBUG: ImportMesh
NetUI BinaryReader - Error : ElementListener not found: GalleryRefreshButtonInputHandler
DEBUG: animationGroups.length = 3
DEBUG: onSuccess

--------------------------------------------------------------------------------------------------------------------------------------------------------------------------------

[trc] 00:00:02.0909:  0x3fa4 -- Gfx::Model3DScene::FHasSupportedAnimations gfx\model3d\model3dscene.cpp(1453) ...

[trc] 00:00:02.0913:  0x3fa4 -- Gfx::Model3DScene::FIsEmbeddedAnimationSupported gfx\model3d\model3dscene.cpp(1466) ...

[trc] 00:00:02.0917:  0x3fa4 -- Gfx::Model3DScene::GetFirstSupportedAnimation gfx\model3d\model3dscene.cpp(1480) ...

[trc] 00:00:02.0921:  0x3fa4 -- Gfx::Model3DScene::FIsEmbeddedAnimationSupported gfx\model3d\model3dscene.cpp(1466) ...

[trc] 00:00:02.0924:  0x3fa4 -- Gfx::Model3DScene::GetBoundingBoxExtents gfx\model3d\model3dscene.cpp(761) ...

[trc] 00:00:03.0086:  0x2bc0 -- Gfx::Model3DScene::FHasSupportedAnimations gfx\model3d\model3dscene.cpp(1453) ...

[trc] 00:00:03.0089:  0x2bc0 -- Gfx::Model3DScene::FIsEmbeddedAnimationSupported gfx\model3d\model3dscene.cpp(1466) ...

[trc] 00:00:03.0096:  0x2bc0 -- Gfx::Model3DScene::GetFirstSupportedAnimation gfx\model3d\model3dscene.cpp(1480) ...

[trc] 00:00:03.0099:  0x2bc0 -- Gfx::Model3DScene::FIsEmbeddedAnimationSupported gfx\model3d\model3dscene.cpp(1466) ...

[trc] 00:00:03.0102:  0x2bc0 -- Gfx::Model3DScene::GetEmbeddedAnimationDurationInSecs gfx\model3d\model3dscene.cpp(1509) ...

[trc] 00:00:03.0121:  0x2bc0 -- Gfx::Model3DScene::FHasEmptyBounds gfx\model3d\model3dscene.cpp(710) ...

[trc] 00:00:03.0123:  0x2bc0 -- Gfx::Model3DScene::GetBoundingBoxExtents gfx\model3d\model3dscene.cpp(761) ...

[trc] 00:00:03.0125:  0x2bc0 -- Gfx::IModel3DRenderer::Create gfx\model3d\model3drenderer.cpp(606) ...
    renderMode = RasterizeE2o

[trc] 00:00:03.0127:  0x2bc0 -- Gfx::Model3DRenderer::Model3DRenderer gfx\model3d\model3drenderer.cpp(472) ...
    this = 0x000001BACB2BFFC0
    scene = 0x000001BAB58398F0
    renderMode = RasterizeE2o

[trc] 00:00:03.0136:  0x2bc0 -- Gfx::Model3DRenderer::Render gfx\model3d\model3drenderer_win.cpp(173) ...

[trc] 00:00:03.0138:  0x2bc0 -- Gfx::Model3DRenderer::FHardwareAccelerationDisabled gfx\model3d\Model3D.h(214) ...
Unable to start IDXGraphicsAnalysis
[trc] 00:00:03.0246:  0x2bc0 -- Gfx::Model3DScene::GetBoundingBoxExtents gfx\model3d\model3dscene.cpp(761) ...
    viewport: xy = [0, 0], size = [1280, 853]
    cameraTransform = {
       projection type = Perspective
       position    = [0, 0, 1.58622]
       target      = [0, 0, 0]
       up vector   = [0, 1, 0]
       fov degrees = 45
       near clip   = 0.973138
       far clip    = 2.19931

--------------------------------------------------------------------------------------------------------------------------------------------------------------------------------

[trc] 00:00:07.0398:  0x2bc0 -- Gfx::Model3DRenderer::CreateImage gfx\model3d\model3drenderer.cpp(566) ...

[trc] 00:00:07.0417:  0x2bc0 -- Gfx::Model3DScene::GetMinRequiredRendererVersion gfx\model3d\model3dscene.cpp(808) ...

[trc] 00:00:07.0491:  0x2bc0 -- Gfx::Model3DRenderer::~Model3DRenderer gfx\model3d\model3drenderer_win.cpp(74) ...
    this = 0x000001BACB2BFFC0
    renderMode = RasterizeE2o

[trc] 00:00:07.0497:  0x2bc0 -- Gfx::Model3DScene::GetRemixId gfx\model3d\model3dscene.cpp(790) ...

[trc] 00:00:07.0499:  0x2bc0 -- Gfx::Model3DScene::EstimateModel3DSceneMemSizeBytes gfx\model3d\model3dscene.cpp(1031) ...

[trc] 00:00:07.0501:  0x2bc0 -- Gfx::Model3DScene::GetOriginalFileSize gfx\model3d\model3dscene.cpp(755) ...

[trc] 00:00:07.0526:  0x2bc0 -- Gfx::Model3DScene::FHasEmptyBounds gfx\model3d\model3dscene.cpp(710) ...

[trc] 00:00:07.0528:  0x2bc0 -- Gfx::Model3DScene::GetBoundingBoxExtents gfx\model3d\model3dscene.cpp(761) ...

[trc] 00:00:07.0531:  0x2bc0 -- Gfx::Model3DScene::FHasSupportedAnimations gfx\model3d\model3dscene.cpp(1453) ...

[trc] 00:00:07.0533:  0x2bc0 -- Gfx::Model3DScene::FIsEmbeddedAnimationSupported gfx\model3d\model3dscene.cpp(1466) ...

[trc] 00:00:07.0536:  0x2bc0 -- Gfx::Model3DScene::GetProjectionBounds gfx\model3d\model3dscene.cpp(720) ...

[trc] 00:00:07.0539:  0x2bc0 -- Gfx::Model3DScene::FHasSupportedAnimations gfx\model3d\model3dscene.cpp(1453) ...

[trc] 00:00:07.0542:  0x2bc0 -- Gfx::Model3DScene::FIsEmbeddedAnimationSupported gfx\model3d\model3dscene.cpp(1466) ...

[trc] 00:00:07.0544:  0x2bc0 -- Gfx::Model3DScene::GetOriginalFileSize gfx\model3d\model3dscene.cpp(755) ...

[trc] 00:00:07.0570:  0x2bc0 -- Gfx::IModel3DScene::GetUniqueIDFromStream gfx\model3d\model3dscene.cpp(947) ...

[trc] 00:00:07.0573:  0x2bc0 -- Gfx::IModel3DScene::GetSourceFormatFromString gfx\model3d\model3dscene.cpp(1130) ...

[trc] 00:00:07.0575:  0x2bc0 -- Gfx::IModel3DScene::Create gfx\model3d\model3dscene.cpp(1148) ...

[trc] 00:00:07.0577:  0x2bc0 -- Gfx::Model3DScene::FLoadingFinished gfx\model3d\model3dscene.cpp(281) ...

[trc] 00:00:07.0579:  0x2bc0 -- Gfx::Model3DScene::FHasSupportedAnimations gfx\model3d\model3dscene.cpp(1453) ...

[trc] 00:00:07.0581:  0x2bc0 -- Gfx::Model3DScene::FIsEmbeddedAnimationSupported gfx\model3d\model3dscene.cpp(1466) ...

[trc] 00:00:07.0593:  0x2bc0 -- Gfx::Model3DScene::GetBoundingBoxExtents gfx\model3d\model3dscene.cpp(761) ...

[trc] 00:00:07.0600:  0x2bc0 -- Gfx::Model3DScene::GetEmbeddedAnimationDurationInSecs gfx\model3d\model3dscene.cpp(1509) ...

[trc] 00:00:08.0376:  0x2bc0 -- Gfx::Model3DScene::FHasEmptyBounds gfx\model3d\model3dscene.cpp(710) ...

[trc] 00:00:08.0379:  0x2bc0 -- Gfx::Model3DScene::GetBoundingBoxExtents gfx\model3d\model3dscene.cpp(761) ...

[trc] 00:00:08.0381:  0x2bc0 -- Gfx::IModel3DRenderer::Create gfx\model3d\model3drenderer.cpp(606) ...
    renderMode = RasterizeE2o

[trc] 00:00:08.0385:  0x2bc0 -- Gfx::Model3DRenderer::Model3DRenderer gfx\model3d\model3drenderer.cpp(472) ...
    this = 0x000001BAB2CEB120
    scene = 0x000001BAB58398F0
    renderMode = RasterizeE2o

[trc] 00:00:08.0394:  0x2bc0 -- Gfx::Model3DScene::FHasSupportedAnimations gfx\model3d\model3dscene.cpp(1453) ...

[trc] 00:00:08.0397:  0x2bc0 -- Gfx::Model3DScene::FIsEmbeddedAnimationSupported gfx\model3d\model3dscene.cpp(1466) ...

[trc] 00:00:08.0400:  0x2bc0 -- Gfx::Model3DScene::GetProjectionBounds gfx\model3d\model3dscene.cpp(720) ...

[trc] 00:00:08.0407:  0x2bc0 -- Gfx::Model3DRenderer::Render gfx\model3d\model3drenderer_win.cpp(173) ...

[trc] 00:00:08.0409:  0x2bc0 -- Gfx::Model3DRenderer::FHardwareAccelerationDisabled gfx\model3d\Model3D.h(214) ...

[trc] 00:00:08.0419:  0x2bc0 -- Gfx::Model3DScene::GetBoundingBoxExtents gfx\model3d\model3dscene.cpp(761) ...
    viewport: xy = [-203.167, -189.667], size = [853.333, 853.333]
    cameraTransform = {
       projection type = Perspective
       position    = [0, 0, 1.58622]
       target      = [0, 0, 0]
       up vector   = [0, 1, 0]
       fov degrees = 45
       near clip   = 0.973138
       far clip    = 2.19931

[trc] 00:00:08.0528:  0x2bc0 -- Gfx::Model3DRenderer::CreateImage gfx\model3d\model3drenderer.cpp(566) ...

[trc] 00:00:08.0547:  0x2bc0 -- Gfx::Model3DScene::GetMinRequiredRendererVersion gfx\model3d\model3dscene.cpp(808) ...

[trc] 00:00:08.0569:  0x2bc0 -- Gfx::Model3DRenderer::~Model3DRenderer gfx\model3d\model3drenderer_win.cpp(74) ...
    this = 0x000001BAB2CEB120
    renderMode = RasterizeE2o

[trc] 00:00:08.0576:  0x2bc0 -- Gfx::Model3DScene::GetRemixId gfx\model3d\model3dscene.cpp(790) ...

[trc] 00:00:08.0578:  0x2bc0 -- Gfx::Model3DScene::EstimateModel3DSceneMemSizeBytes gfx\model3d\model3dscene.cpp(1031) ...

[trc] 00:00:08.0581:  0x2bc0 -- Gfx::Model3DScene::GetOriginalFileSize gfx\model3d\model3dscene.cpp(755) ...

[trc] 00:00:08.0608:  0x2bc0 -- Gfx::Model3DScene::~Model3DScene gfx\model3d\Model3D.h(49) ...
    this = 0x000001BAB58398F0

[trc] 00:00:08.0751:  0x2bc0 -- Gfx::IModel3DScene::GetUniqueIDFromStream gfx\model3d\model3dscene.cpp(947) ...

[trc] 00:00:08.0754:  0x2bc0 -- Gfx::IModel3DScene::GetSourceFormatFromString gfx\model3d\model3dscene.cpp(1130) ...

[trc] 00:00:08.0756:  0x2bc0 -- Gfx::IModel3DScene::Create gfx\model3d\model3dscene.cpp(1148) ...

[trc] 00:00:08.0759:  0x2bc0 -- Gfx::Model3DScene::Model3DScene gfx\model3d\model3dscene.cpp(226) ...
    this = 0x000001BAE76C06D0

[trc] 00:00:08.0762:  0x2bc0 -- Gfx::Model3DScene::FLoadingFinished gfx\model3d\model3dscene.cpp(281) ...
DEBUG: Encode Base64
DEBUG: ImportMesh
DEBUG: animationGroups.length = 3
DEBUG: onSuccess

--------------------------------------------------------------------------------------------------------------------------------------------------------------------------------

[trc] 00:00:10.0727:  0x2bc0 -- Gfx::Model3DScene::FHasEmptyBounds gfx\model3d\model3dscene.cpp(710) ...

[trc] 00:00:10.0729:  0x2bc0 -- Gfx::Model3DScene::GetBoundingBoxExtents gfx\model3d\model3dscene.cpp(761) ...

[trc] 00:00:10.0798:  0x2bc0 -- Gfx::IModel3DRenderer::Create gfx\model3d\model3drenderer.cpp(606) ...
    renderMode = Play3DAnimation

[trc] 00:00:10.0802:  0x2bc0 -- Gfx::Model3DRenderer::Model3DRenderer gfx\model3d\model3drenderer.cpp(472) ...
    this = 0x000001BAB920CD80
    scene = 0x000001BAE76C06D0
    renderMode = Play3DAnimation

[trc] 00:00:10.0808:  0x2bc0 -- Gfx::Model3DRenderer::Render gfx\model3d\model3drenderer_win.cpp(173) ...

[trc] 00:00:10.0810:  0x2bc0 -- Gfx::Model3DRenderer::FHardwareAccelerationDisabled gfx\model3d\Model3D.h(214) ...

[trc] 00:00:10.0895:  0x2bc0 -- Gfx::Model3DScene::GetBoundingBoxExtents gfx\model3d\model3dscene.cpp(761) ...
    viewport: xy = [0, 0], size = [490, 490]
    cameraTransform = {
       projection type = Perspective
       position    = [0, 0, 1.58622]
       target      = [0, 0, 0]
       up vector   = [0, 1, 0]
       fov degrees = 45
       near clip   = 0.973138
       far clip    = 2.19931

[trc] 00:00:11.0062:  0x2bc0 -- Gfx::Model3DRenderer::GetTexture gfx\model3d\model3drenderer.cpp(538) ...

[trc] 00:00:11.0212:  0x2bc0 -- Gfx::Model3DScene::FHasEmptyBounds gfx\model3d\model3dscene.cpp(710) ...

[trc] 00:00:11.0214:  0x2bc0 -- Gfx::Model3DScene::GetBoundingBoxExtents gfx\model3d\model3dscene.cpp(761) ...

[trc] 00:00:11.0215:  0x2bc0 -- Gfx::IModel3DRenderer::Create gfx\model3d\model3drenderer.cpp(606) ...
    renderMode = GalleryThumbnail

[trc] 00:00:11.0220:  0x2bc0 -- Gfx::Model3DRenderer::Model3DRenderer gfx\model3d\model3drenderer.cpp(472) ...
    this = 0x000001BAE77C2A20
    scene = 0x000001BAE76C06D0
    renderMode = GalleryThumbnail

[trc] 00:00:11.0226:  0x2bc0 -- Gfx::Model3DScene::GetBoundingBoxExtents gfx\model3d\model3dscene.cpp(761) ...

[trc] 00:00:11.0229:  0x2bc0 -- Gfx::Model3DRenderer::Render gfx\model3d\model3drenderer_win.cpp(173) ...

[trc] 00:00:11.0231:  0x2bc0 -- Gfx::Model3DRenderer::FHardwareAccelerationDisabled gfx\model3d\Model3D.h(214) ...

[trc] 00:00:11.0292:  0x2bc0 -- Gfx::Model3DScene::GetBoundingBoxExtents gfx\model3d\model3dscene.cpp(761) ...
    viewport: xy = [0, 0], size = [192, 144]
    cameraTransform = {
       projection type = Perspective
       position    = [0, 0, 1.58622]
       target      = [0, 0, 0]
       up vector   = [0, 1, 0]
       fov degrees = 45
       near clip   = 0.973138
       far clip    = 2.19931

[trc] 00:00:11.0354:  0x2bc0 -- Gfx::Model3DRenderer::CreateImage gfx\model3d\model3drenderer.cpp(566) ...

[trc] 00:00:11.0357:  0x2bc0 -- Gfx::Model3DRenderer::~Model3DRenderer gfx\model3d\model3drenderer_win.cpp(74) ...
    this = 0x000001BAE77C2A20
    renderMode = GalleryThumbnail

[trc] 00:00:11.0363:  0x2bc0 -- Gfx::Model3DScene::GetRemixId gfx\model3d\model3dscene.cpp(790) ...

[trc] 00:00:11.0367:  0x2bc0 -- Gfx::Model3DScene::EstimateModel3DSceneMemSizeBytes gfx\model3d\model3dscene.cpp(1031) ...

[trc] 00:00:11.0369:  0x2bc0 -- Gfx::Model3DScene::GetOriginalFileSize gfx\model3d\model3dscene.cpp(755) ...

[trc] 00:00:11.0497:  0x2bc0 -- Gfx::Model3DScene::FHasEmptyBounds gfx\model3d\model3dscene.cpp(710) ...

[trc] 00:00:11.0499:  0x2bc0 -- Gfx::Model3DScene::GetBoundingBoxExtents gfx\model3d\model3dscene.cpp(761) ...

[trc] 00:00:11.0501:  0x2bc0 -- Gfx::IModel3DRenderer::Create gfx\model3d\model3drenderer.cpp(606) ...
    renderMode = GalleryThumbnail

[trc] 00:00:11.0506:  0x2bc0 -- Gfx::Model3DRenderer::Model3DRenderer gfx\model3d\model3drenderer.cpp(472) ...
    this = 0x000001BAB54F4E10
    scene = 0x000001BAE76C06D0
    renderMode = GalleryThumbnail

[trc] 00:00:11.0514:  0x2bc0 -- Gfx::Model3DScene::GetBoundingBoxExtents gfx\model3d\model3dscene.cpp(761) ...

[trc] 00:00:11.0517:  0x2bc0 -- Gfx::Model3DRenderer::Render gfx\model3d\model3drenderer_win.cpp(173) ...

[trc] 00:00:11.0519:  0x2bc0 -- Gfx::Model3DRenderer::FHardwareAccelerationDisabled gfx\model3d\Model3D.h(214) ...

[trc] 00:00:11.0541:  0x2bc0 -- Gfx::Model3DScene::GetBoundingBoxExtents gfx\model3d\model3dscene.cpp(761) ...
    viewport: xy = [0, 0], size = [192, 144]
    cameraTransform = {
       projection type = Perspective
       position    = [0, 0, 1.58622]
       target      = [0, 0, 0]
       up vector   = [0, 1, 0]
       fov degrees = 45
       near clip   = 0.973138
       far clip    = 2.19931

[trc] 00:00:11.0670:  0x2bc0 -- Gfx::Model3DRenderer::CreateImage gfx\model3d\model3drenderer.cpp(566) ...

[trc] 00:00:11.0672:  0x2bc0 -- Gfx::Model3DRenderer::~Model3DRenderer gfx\model3d\model3drenderer_win.cpp(74) ...
    this = 0x000001BAB54F4E10
    renderMode = GalleryThumbnail

[trc] 00:00:11.0685:  0x2bc0 -- Gfx::Model3DScene::FHasEmptyBounds gfx\model3d\model3dscene.cpp(710) ...

[trc] 00:00:11.0687:  0x2bc0 -- Gfx::Model3DScene::GetBoundingBoxExtents gfx\model3d\model3dscene.cpp(761) ...

[trc] 00:00:11.0689:  0x2bc0 -- Gfx::IModel3DRenderer::Create gfx\model3d\model3drenderer.cpp(606) ...
    renderMode = GalleryThumbnail

[trc] 00:00:11.0694:  0x2bc0 -- Gfx::Model3DRenderer::Model3DRenderer gfx\model3d\model3drenderer.cpp(472) ...
    this = 0x000001BA9C72A6C0
    scene = 0x000001BAE76C06D0
    renderMode = GalleryThumbnail

[trc] 00:00:11.0702:  0x2bc0 -- Gfx::Model3DScene::GetBoundingBoxExtents gfx\model3d\model3dscene.cpp(761) ...

[trc] 00:00:11.0705:  0x2bc0 -- Gfx::Model3DRenderer::Render gfx\model3d\model3drenderer_win.cpp(173) ...

[trc] 00:00:11.0707:  0x2bc0 -- Gfx::Model3DRenderer::FHardwareAccelerationDisabled gfx\model3d\Model3D.h(214) ...

[trc] 00:00:11.0716:  0x2bc0 -- Gfx::Model3DScene::GetBoundingBoxExtents gfx\model3d\model3dscene.cpp(761) ...
    viewport: xy = [0, 0], size = [192, 144]
    cameraTransform = {
       projection type = Perspective
       position    = [0, 0, 1.58622]
       target      = [0, 0, 0]
       up vector   = [0, 1, 0]
       fov degrees = 45
       near clip   = 0.973141
       far clip    = 2.19931

[trc] 00:00:11.0809:  0x2bc0 -- Gfx::Model3DRenderer::CreateImage gfx\model3d\model3drenderer.cpp(566) ...

[trc] 00:00:11.0812:  0x2bc0 -- Gfx::Model3DRenderer::~Model3DRenderer gfx\model3d\model3drenderer_win.cpp(74) ...
    this = 0x000001BA9C72A6C0
    renderMode = GalleryThumbnail

[trc] 00:00:11.0907:  0x2bc0 -- Gfx::Model3DScene::FHasEmptyBounds gfx\model3d\model3dscene.cpp(710) ...

[trc] 00:00:11.0909:  0x2bc0 -- Gfx::Model3DScene::GetBoundingBoxExtents gfx\model3d\model3dscene.cpp(761) ...

[trc] 00:00:11.0911:  0x2bc0 -- Gfx::IModel3DRenderer::Create gfx\model3d\model3drenderer.cpp(606) ...
    renderMode = GalleryThumbnail

[trc] 00:00:11.0916:  0x2bc0 -- Gfx::Model3DRenderer::Model3DRenderer gfx\model3d\model3drenderer.cpp(472) ...
    this = 0x000001BABC849050
    scene = 0x000001BAE76C06D0
    renderMode = GalleryThumbnail

[trc] 00:00:11.0924:  0x2bc0 -- Gfx::Model3DScene::GetBoundingBoxExtents gfx\model3d\model3dscene.cpp(761) ...

[trc] 00:00:11.0928:  0x2bc0 -- Gfx::Model3DRenderer::Render gfx\model3d\model3drenderer_win.cpp(173) ...

[trc] 00:00:11.0930:  0x2bc0 -- Gfx::Model3DRenderer::FHardwareAccelerationDisabled gfx\model3d\Model3D.h(214) ...

[trc] 00:00:11.0940:  0x2bc0 -- Gfx::Model3DScene::GetBoundingBoxExtents gfx\model3d\model3dscene.cpp(761) ...
    viewport: xy = [0, 0], size = [192, 144]
    cameraTransform = {
       projection type = Perspective
       position    = [0, 0, 1.58622]
       target      = [0, 0, 0]
       up vector   = [0, 1, 0]
       fov degrees = 45
       near clip   = 0.973139
       far clip    = 2.19931

[trc] 00:00:12.0039:  0x2bc0 -- Gfx::Model3DRenderer::CreateImage gfx\model3d\model3drenderer.cpp(566) ...

[trc] 00:00:12.0042:  0x2bc0 -- Gfx::Model3DRenderer::~Model3DRenderer gfx\model3d\model3drenderer_win.cpp(74) ...
    this = 0x000001BABC849050
    renderMode = GalleryThumbnail
ReactNative ['AugLoop'] (warning): 'Require cycle: ..\..\..\node_modules\@ms\oteljs\dist-cjs\index.js -> ..\..\..\node_modules\@ms\oteljs\dist-cjs\EventFlagFiller.js -> ..\..\..\node_modules\@ms\oteljs\dist-cjs\index.js

Require cycles are allowed, but can result in uninitialized values. Consider refactoring to remove the need for a cycle.'
ReactNative ['AugLoop'] (warning): 'Require cycle: ..\..\..\node_modules\@ms\oteljs\dist-cjs\index.js -> ..\..\..\node_modules\@ms\oteljs\dist-cjs\SimpleTelemetryLogger.js -> ..\..\..\node_modules\@ms\oteljs\dist-cjs\index.js

Require cycles are allowed, but can result in uninitialized values. Consider refactoring to remove the need for a cycle.'
ReactNative ['AugLoop'] (warning): '`new NativeEventEmitter()` was called with a non-null argument without the required `addListener` method.'
ReactNative ['AugLoop'] (warning): '`new NativeEventEmitter()` was called with a non-null argument without the required `removeListeners` method.'

--------------------------------------------------------------------------------------------------------------------------------------------------------------------------------

[trc] 00:00:17.0842:  0x2bc0 -- Gfx::Model3DScene::FHasEmptyBounds gfx\model3d\model3dscene.cpp(710) ...

[trc] 00:00:17.0844:  0x2bc0 -- Gfx::Model3DScene::GetBoundingBoxExtents gfx\model3d\model3dscene.cpp(761) ...

[trc] 00:00:17.0850:  0x2bc0 -- Gfx::Model3DScene::FHasEmptyBounds gfx\model3d\model3dscene.cpp(710) ...

[trc] 00:00:17.0852:  0x2bc0 -- Gfx::Model3DScene::GetBoundingBoxExtents gfx\model3d\model3dscene.cpp(761) ...

[trc] 00:00:17.0854:  0x2bc0 -- Gfx::IModel3DRenderer::Create gfx\model3d\model3drenderer.cpp(606) ...
    renderMode = EditRotate

[trc] 00:00:17.0858:  0x2bc0 -- Gfx::Model3DRenderer::Model3DRenderer gfx\model3d\model3drenderer.cpp(472) ...
    this = 0x000001BABC8496E0
    scene = 0x000001BAE76C06D0
    renderMode = EditRotate

[trc] 00:00:17.0865:  0x2bc0 -- Gfx::Model3DRenderer::Render gfx\model3d\model3drenderer_win.cpp(173) ...

[trc] 00:00:17.0867:  0x2bc0 -- Gfx::Model3DRenderer::FHardwareAccelerationDisabled gfx\model3d\Model3D.h(214) ...

[trc] 00:00:17.0876:  0x2bc0 -- Gfx::Model3DScene::GetBoundingBoxExtents gfx\model3d\model3dscene.cpp(761) ...
    viewport: xy = [0, 0], size = [490, 490.833]
    cameraTransform = {
       projection type = Perspective
       position    = [0, 0, 1.58622]
       target      = [0, 0, 0]
       up vector   = [0, 1, 0]
       fov degrees = 45
       near clip   = 0.973138
       far clip    = 2.19931

[trc] 00:00:17.0922:  0x2bc0 -- Gfx::Model3DRenderer::GetTexture gfx\model3d\model3drenderer.cpp(538) ...

[trc] 00:00:17.0941:  0x2bc0 -- Gfx::Model3DRenderer::SetRenderMode gfx\model3d\model3drenderer.cpp(481) ...
    renderMode = EditRotate

[trc] 00:00:17.0959:  0x2bc0 -- Gfx::Model3DRenderer::SetRenderMode gfx\model3d\model3drenderer.cpp(481) ...
    renderMode = EditRotate

[trc] 00:00:17.0974:  0x2bc0 -- Gfx::Model3DRenderer::SetRenderMode gfx\model3d\model3drenderer.cpp(481) ...
    renderMode = EditRotate

[trc] 00:00:18.0006:  0x2bc0 -- Gfx::Model3DRenderer::SetRenderMode gfx\model3d\model3drenderer.cpp(481) ...
    renderMode = EditRotate

[trc] 00:00:18.0038:  0x2bc0 -- Gfx::Model3DRenderer::SetRenderMode gfx\model3d\model3drenderer.cpp(481) ...
    renderMode = EditRotate

[trc] 00:00:18.0070:  0x2bc0 -- Gfx::Model3DRenderer::SetRenderMode gfx\model3d\model3drenderer.cpp(481) ...
    renderMode = EditRotate

[trc] 00:00:18.0101:  0x2bc0 -- Gfx::Model3DRenderer::SetRenderMode gfx\model3d\model3drenderer.cpp(481) ...
    renderMode = EditRotate

[trc] 00:00:18.0132:  0x2bc0 -- Gfx::Model3DRenderer::SetRenderMode gfx\model3d\model3drenderer.cpp(481) ...
    renderMode = EditRotate

[trc] 00:00:18.0163:  0x2bc0 -- Gfx::Model3DRenderer::SetRenderMode gfx\model3d\model3drenderer.cpp(481) ...
    renderMode = EditRotate

[trc] 00:00:18.0195:  0x2bc0 -- Gfx::Model3DRenderer::SetRenderMode gfx\model3d\model3drenderer.cpp(481) ...
    renderMode = EditRotate

[trc] 00:00:18.0225:  0x2bc0 -- Gfx::Model3DRenderer::SetRenderMode gfx\model3d\model3drenderer.cpp(481) ...
    renderMode = EditRotate

[trc] 00:00:18.0256:  0x2bc0 -- Gfx::Model3DRenderer::SetRenderMode gfx\model3d\model3drenderer.cpp(481) ...
    renderMode = EditRotate

[trc] 00:00:18.0288:  0x2bc0 -- Gfx::Model3DRenderer::SetRenderMode gfx\model3d\model3drenderer.cpp(481) ...
    renderMode = EditRotate

[trc] 00:00:18.0318:  0x2bc0 -- Gfx::Model3DRenderer::SetRenderMode gfx\model3d\model3drenderer.cpp(481) ...
    renderMode = EditRotate

[trc] 00:00:18.0349:  0x2bc0 -- Gfx::Model3DRenderer::SetRenderMode gfx\model3d\model3drenderer.cpp(481) ...
    renderMode = EditRotate

[trc] 00:00:18.0380:  0x2bc0 -- Gfx::Model3DRenderer::SetRenderMode gfx\model3d\model3drenderer.cpp(481) ...
    renderMode = EditRotate

[trc] 00:00:18.0411:  0x2bc0 -- Gfx::Model3DRenderer::SetRenderMode gfx\model3d\model3drenderer.cpp(481) ...
    renderMode = EditRotate

[trc] 00:00:18.0443:  0x2bc0 -- Gfx::Model3DRenderer::SetRenderMode gfx\model3d\model3drenderer.cpp(481) ...
    renderMode = EditRotate

[trc] 00:00:18.0473:  0x2bc0 -- Gfx::Model3DRenderer::SetRenderMode gfx\model3d\model3drenderer.cpp(481) ...
    renderMode = EditRotate

[trc] 00:00:18.0498:  0x2bc0 -- Gfx::Model3DRenderer::SetRenderMode gfx\model3d\model3drenderer.cpp(481) ...
    renderMode = Unknown

[trc] 00:00:18.0727:  0x2bc0 -- Gfx::Model3DScene::GetBoundingBoxExtents gfx\model3d\model3dscene.cpp(761) ...

[trc] 00:00:18.0732:  0x2bc0 -- Gfx::Model3DScene::FHasEmptyBounds gfx\model3d\model3dscene.cpp(710) ...

[trc] 00:00:18.0734:  0x2bc0 -- Gfx::Model3DScene::GetBoundingBoxExtents gfx\model3d\model3dscene.cpp(761) ...

[trc] 00:00:18.0736:  0x2bc0 -- Gfx::Model3DScene::GetBoundingBoxExtents gfx\model3d\model3dscene.cpp(761) ...

[trc] 00:00:18.0738:  0x2bc0 -- Gfx::Model3DScene::FHasSupportedAnimations gfx\model3d\model3dscene.cpp(1453) ...

[trc] 00:00:18.0740:  0x2bc0 -- Gfx::Model3DScene::FIsEmbeddedAnimationSupported gfx\model3d\model3dscene.cpp(1466) ...

[trc] 00:00:18.0746:  0x2bc0 -- Gfx::Model3DScene::FHasEmptyBounds gfx\model3d\model3dscene.cpp(710) ...

[trc] 00:00:18.0748:  0x2bc0 -- Gfx::Model3DScene::GetBoundingBoxExtents gfx\model3d\model3dscene.cpp(761) ...

[trc] 00:00:18.0751:  0x2bc0 -- Gfx::Model3DScene::FHasSupportedAnimations gfx\model3d\model3dscene.cpp(1453) ...

[trc] 00:00:18.0753:  0x2bc0 -- Gfx::Model3DScene::FIsEmbeddedAnimationSupported gfx\model3d\model3dscene.cpp(1466) ...

[trc] 00:00:18.0759:  0x2bc0 -- Gfx::Model3DScene::FHasSupportedAnimations gfx\model3d\model3dscene.cpp(1453) ...

[trc] 00:00:18.0761:  0x2bc0 -- Gfx::Model3DScene::FIsEmbeddedAnimationSupported gfx\model3d\model3dscene.cpp(1466) ...

[trc] 00:00:18.0773:  0x2bc0 -- Gfx::Model3DScene::FHasEmptyBounds gfx\model3d\model3dscene.cpp(710) ...

[trc] 00:00:18.0775:  0x2bc0 -- Gfx::Model3DScene::GetBoundingBoxExtents gfx\model3d\model3dscene.cpp(761) ...

[trc] 00:00:18.0777:  0x2bc0 -- Gfx::IModel3DRenderer::Create gfx\model3d\model3drenderer.cpp(606) ...
    renderMode = RasterizeE2o

[trc] 00:00:18.0781:  0x2bc0 -- Gfx::Model3DRenderer::Model3DRenderer gfx\model3d\model3drenderer.cpp(472) ...
    this = 0x000001BAB50AD870
    scene = 0x000001BAE76C06D0
    renderMode = RasterizeE2o

[trc] 00:00:18.0789:  0x2bc0 -- Gfx::Model3DRenderer::Render gfx\model3d\model3drenderer_win.cpp(173) ...

[trc] 00:00:18.0791:  0x2bc0 -- Gfx::Model3DRenderer::FHardwareAccelerationDisabled gfx\model3d\Model3D.h(214) ...

[trc] 00:00:18.0829:  0x2bc0 -- Gfx::Model3DScene::GetBoundingBoxExtents gfx\model3d\model3dscene.cpp(761) ...
    viewport: xy = [-203.167, -189.667], size = [853.333, 853.333]
    cameraTransform = {
       projection type = Perspective
       position    = [0, 0, 1.58622]
       target      = [0, 0, 0]
       up vector   = [0, 1, 0]
       fov degrees = 45
       near clip   = 0.973138
       far clip    = 2.19931

[trc] 00:00:18.0900:  0x2bc0 -- Gfx::Model3DRenderer::CreateImage gfx\model3d\model3drenderer.cpp(566) ...

[trc] 00:00:18.0904:  0x2bc0 -- Gfx::Model3DScene::GetMinRequiredRendererVersion gfx\model3d\model3dscene.cpp(808) ...

[trc] 00:00:18.0922:  0x2bc0 -- Gfx::Model3DRenderer::~Model3DRenderer gfx\model3d\model3drenderer_win.cpp(74) ...
    this = 0x000001BAB50AD870
    renderMode = RasterizeE2o

[trc] 00:00:18.0928:  0x2bc0 -- Gfx::Model3DScene::GetRemixId gfx\model3d\model3dscene.cpp(790) ...

[trc] 00:00:18.0930:  0x2bc0 -- Gfx::Model3DScene::EstimateModel3DSceneMemSizeBytes gfx\model3d\model3dscene.cpp(1031) ...

[trc] 00:00:18.0933:  0x2bc0 -- Gfx::Model3DScene::GetOriginalFileSize gfx\model3d\model3dscene.cpp(755) ...

[trc] 00:00:18.0979:  0x2bc0 -- Gfx::Model3DScene::FHasEmptyBounds gfx\model3d\model3dscene.cpp(710) ...

[trc] 00:00:18.0982:  0x2bc0 -- Gfx::Model3DScene::GetBoundingBoxExtents gfx\model3d\model3dscene.cpp(761) ...

[trc] 00:00:19.0008:  0x1940 -- Gfx::Model3DRenderer::Render gfx\model3d\model3drenderer_win.cpp(173) ...

[trc] 00:00:19.0010:  0x1940 -- Gfx::Model3DRenderer::GetTexture gfx\model3d\model3drenderer.cpp(538) ...

[trc] 00:00:19.0041:  0x2bc0 -- Gfx::Model3DRenderer::FHardwareAccelerationDisabled gfx\model3d\Model3D.h(214) ...

[trc] 00:00:19.0042:  0x2bc0 -- Gfx::Model3DScene::GetBoundingBoxExtents gfx\model3d\model3dscene.cpp(761) ...
    viewport: xy = [0, 0], size = [490, 490]
    cameraTransform = {
       projection type = Perspective
       position    = [0, 0, 1.58622]
       target      = [0, 0, 0]
       up vector   = [0, 1, 0]
       fov degrees = 45
       near clip   = 0.973138
       far clip    = 2.19931
