-------------------------------------------------------------------
You may only use the C/C++ Extension for Visual Studio Code
with Visual Studio Code, Visual Studio or Visual Studio for Mac
software to help you develop and test your applications.
-------------------------------------------------------------------
NetUI BinaryReader - Error : ElementListener not found: GalleryRefreshButtonInputHandler
onecoreuap\base\appmodel\search\structuredquery\schemaengine\schemaengine.cpp(3058)\StructuredQuery.dll!00007FFEC128326E: (caller: 00007FFEC1264FF2) ReturnHr(2) tid(3514) 8000FFFF Catastrophic failure
    CallContext:[\SchemaBinaryLoadBinary]
onecoreuap\base\appmodel\search\structuredquery\schemaengine\schemaengine.cpp(3058)\StructuredQuery.dll!00007FFEC128326E: (caller: 00007FFEC1264FF2) ReturnHr(1) tid(4e64) 8000FFFF Catastrophic failure
    CallContext:[\SchemaBinaryLoadBinary]
onecoreuap\shell\propsys\memorymappedcache\version.cpp(210)\PROPSYS.dll!00007FFEE8C09637: (caller: 00007FFEE8BCD9E7) ReturnHr(1) tid(4e64) 80070490 Element not found.
onecoreuap\shell\propsys\memorymappedcache\version.cpp(210)\PROPSYS.dll!00007FFEE8C09637: (caller: 00007FFEE8BCD9E7) ReturnHr(2) tid(3514) 80070490 Element not found.
onecoreuap\shell\propsys\memorymappedcache\version.cpp(210)\PROPSYS.dll!00007FFEE8C09637: (caller: 00007FFEE8BCD9E7) ReturnHr(3) tid(4e64) 80070490 Element not found.
ReactNative ['sdx_collabml.app'] (warning): 'Require cycle: ..\..\..\node_modules\@ms\oteljs\dist-cjs\index.js -> ..\..\..\node_modules\@ms\oteljs\dist-cjs\EventFlagFiller.js -> ..\..\..\node_modules\@ms\oteljs\dist-cjs\index.js

Require cycles are allowed, but can result in uninitialized values. Consider refactoring to remove the need for a cycle.'
ReactNative ['sdx_collabml.app'] (warning): 'Require cycle: ..\..\..\node_modules\@ms\oteljs\dist-cjs\index.js -> ..\..\..\node_modules\@ms\oteljs\dist-cjs\SimpleTelemetryLogger.js -> ..\..\..\node_modules\@ms\oteljs\dist-cjs\index.js

Require cycles are allowed, but can result in uninitialized values. Consider refactoring to remove the need for a cycle.'
Pane component activating [Workpane]
NetUI BinaryReader - Error : ElementListener not found: GalleryRefreshButtonInputHandler
Pane component deactivating [voluntarily]
Pane component activating [Workpane]
Pane component deactivating [voluntarily]
MsoMakeFindFile: Thread 2664 never called DLL_THREAD_ATTACH on MSO97, assigning 0000000000000000 as context
MsoMakeFindFile: Thread 2664 never called DLL_THREAD_ATTACH on MSO97, assigning 0000000000000000 as context
*** ASSERT FAILED: Input parameter LanguagesBuffer for function RtlSetThreadPreferredUILanguages is not a valid multi-string!
mincore\com\oleaut32\dispatch\ups.cpp(2126)\OLEAUT32.dll!00007FFEF0B3469C: (caller: 00007FFEF0B3498A) ReturnHr(1) tid(a68) 8002801D Library not registered.
onecore\vm\dv\storage\plan9\rdr\dll\util.cpp(99)\p9np.dll!00007FFEBC18F0CC: (caller: 00007FFEBC1893B0) LogHr(1) tid(4628) C0000034     Msg:[瑎牃慥整楆敬☨敤楶散‬奓䍎剈乏婉ⱅ☠瑡牴扩瑵獥‬椦卯慴畴ⱳ渠汵灬牴‬䥆䕌䅟呔䥒啂䕔也剏䅍ⱌ⠠䥆䕌卟䅈䕒剟䅅⁄⁼䥆䕌卟䅈䕒坟䥒䕔簠䘠䱉彅䡓剁彅䕄䕌䕔Ⱙ䘠䱉彅偏久‬䥆䕌卟乙䡃佒低单䥟彏低䅎䕌呒‬畮汬瑰Ⱳ〠)]
onecore\com\combase\dcomrem\security.cxx(2999)\combase.dll!00007FFEF1BC505E: (caller: 00007FFE85B9F80A) ReturnHr(1) tid(2a2c) 80010117 Call context cannot be accessed after call completed.
onecore\com\combase\dcomrem\security.cxx(2999)\combase.dll!00007FFEF1BC505E: (caller: 00007FFE85B9F80A) ReturnHr(2) tid(2a2c) 80010117 Call context cannot be accessed after call completed.
onecore\com\combase\objact\objact.cxx(4070)\combase.dll!00007FFEF1B75175: (caller: 00007FFEF1B7CEBA) ReturnHr(3) tid(5c08) 80040154 Class not registered
onecore\com\combase\objact\objact.cxx(4070)\combase.dll!00007FFEF1B75175: (caller: 00007FFEF1B7CEBA) ReturnHr(4) tid(5c08) 80040154 Class not registered
onecore\com\combase\objact\objact.cxx(4070)\combase.dll!00007FFEF1B75175: (caller: 00007FFEF1B7CEBA) ReturnHr(5) tid(5c08) 80040154 Class not registered
BJS - [14:55:16]: Babylon Native (v5.35.1) launched

--------------------------------------------------------------------------------------------------------------------------------------------------------------------------------

[trc] 00:00:00.0004:  0xb74 -- Gfx::IModel3DScene::GetSourceFormatFromString gfx\model3d\model3dscene.cpp(1130) ...

[trc] 00:00:00.0006:  0xb74 -- Gfx::IModel3DScene::GetExportFormatFromString gfx\model3d\model3dscene.cpp(1139) ...

[trc] 00:00:00.0009:  0xb74 -- Gfx::IModel3DScene::Convert gfx\model3d\model3dscene.cpp(1271) ...

[trc] 00:00:00.0247:  0xb74 -- Gfx::IModel3DScene::GetUniqueIDFromStream gfx\model3d\model3dscene.cpp(947) ...

[trc] 00:00:00.0250:  0xb74 -- Gfx::IModel3DScene::GetSourceFormatFromString gfx\model3d\model3dscene.cpp(1130) ...

[trc] 00:00:00.0252:  0xb74 -- Gfx::IModel3DScene::Create gfx\model3d\model3dscene.cpp(1148) ...

[trc] 00:00:00.0254:  0xb74 -- Gfx::Model3DScene::Model3DScene gfx\model3d\model3dscene.cpp(226) ...
    this = 0x000001C5DDEAFCF0

[trc] 00:00:00.0258:  0xb74 -- Gfx::Model3DScene::FLoadingFinished gfx\model3d\model3dscene.cpp(281) ...

[trc] 00:00:00.0260:  0xb74 -- Gfx::Model3DScene::FHasEmptyBounds gfx\model3d\model3dscene.cpp(710) ...

[trc] 00:00:00.0263:  0xb74 -- Gfx::Model3DScene::GetBoundingBoxExtents gfx\model3d\model3dscene.cpp(761) ...
DEBUG: Encode Base64
DEBUG: ImportMesh
NetUI BinaryReader - Error : ElementListener not found: GalleryRefreshButtonInputHandler
DEBUG: animationGroups.length = 3
DEBUG: onSuccess

--------------------------------------------------------------------------------------------------------------------------------------------------------------------------------

[trc] 00:00:03.0015:  0xb74 -- Gfx::Model3DScene::FHasSupportedAnimations gfx\model3d\model3dscene.cpp(1453) ...

[trc] 00:00:03.0019:  0xb74 -- Gfx::Model3DScene::FIsEmbeddedAnimationSupported gfx\model3d\model3dscene.cpp(1466) ...

[trc] 00:00:03.0024:  0xb74 -- Gfx::Model3DScene::GetFirstSupportedAnimation gfx\model3d\model3dscene.cpp(1480) ...

[trc] 00:00:03.0029:  0xb74 -- Gfx::Model3DScene::FIsEmbeddedAnimationSupported gfx\model3d\model3dscene.cpp(1466) ...

[trc] 00:00:03.0034:  0xb74 -- Gfx::Model3DScene::GetBoundingBoxExtents gfx\model3d\model3dscene.cpp(761) ...

[trc] 00:00:03.0194:  0xa68 -- Gfx::Model3DScene::FHasSupportedAnimations gfx\model3d\model3dscene.cpp(1453) ...

[trc] 00:00:03.0198:  0xa68 -- Gfx::Model3DScene::FIsEmbeddedAnimationSupported gfx\model3d\model3dscene.cpp(1466) ...

[trc] 00:00:03.0201:  0xa68 -- Gfx::Model3DScene::GetFirstSupportedAnimation gfx\model3d\model3dscene.cpp(1480) ...

[trc] 00:00:03.0205:  0xa68 -- Gfx::Model3DScene::FIsEmbeddedAnimationSupported gfx\model3d\model3dscene.cpp(1466) ...

[trc] 00:00:03.0214:  0xa68 -- Gfx::Model3DScene::GetEmbeddedAnimationDurationInSecs gfx\model3d\model3dscene.cpp(1509) ...
ReactNative ['sdx_collabml.app'] (warning): '`new NativeEventEmitter()` was called with a non-null argument without the required `addListener` method.'
ReactNative ['sdx_collabml.app'] (warning): '`new NativeEventEmitter()` was called with a non-null argument without the required `removeListeners` method.'

[trc] 00:00:03.0230:  0xa68 -- Gfx::Model3DScene::FHasEmptyBounds gfx\model3d\model3dscene.cpp(710) ...

[trc] 00:00:03.0232:  0xa68 -- Gfx::Model3DScene::GetBoundingBoxExtents gfx\model3d\model3dscene.cpp(761) ...

[trc] 00:00:03.0235:  0xa68 -- Gfx::IModel3DRenderer::Create gfx\model3d\model3drenderer.cpp(606) ...
    renderMode = RasterizeE2o

[trc] 00:00:03.0242:  0xa68 -- Gfx::Model3DRenderer::Model3DRenderer gfx\model3d\model3drenderer.cpp(472) ...
    this = 0x000001C5C51D2200
    scene = 0x000001C5DDEAFCF0
    renderMode = RasterizeE2o

[trc] 00:00:03.0251:  0xa68 -- Gfx::Model3DRenderer::Render gfx\model3d\model3drenderer_win.cpp(173) ...

[trc] 00:00:03.0254:  0xa68 -- Gfx::Model3DRenderer::FHardwareAccelerationDisabled gfx\model3d\Model3D.h(214) ...
Unable to start IDXGraphicsAnalysis
[trc] 00:00:03.0378:  0xa68 -- Gfx::Model3DScene::GetBoundingBoxExtents gfx\model3d\model3dscene.cpp(761) ...
    cameraTransform = {
       projection type = Perspective
       position    = [0, 0, 1.58622]
       target      = [0, 0, 0]
       up vector   = [0, 1, 0]
       fov degrees = 45
       near clip   = 0.973138
       far clip    = 2.19931

--------------------------------------------------------------------------------------------------------------------------------------------------------------------------------

[trc] 00:00:07.0765:  0xa68 -- Gfx::Model3DRenderer::CreateImage gfx\model3d\model3drenderer.cpp(566) ...

[trc] 00:00:07.0783:  0xa68 -- Gfx::Model3DScene::GetMinRequiredRendererVersion gfx\model3d\model3dscene.cpp(808) ...

[trc] 00:00:07.0855:  0xa68 -- Gfx::Model3DRenderer::~Model3DRenderer gfx\model3d\model3drenderer_win.cpp(74) ...
    this = 0x000001C5C51D2200
    renderMode = RasterizeE2o

[trc] 00:00:07.0862:  0xa68 -- Gfx::Model3DScene::GetRemixId gfx\model3d\model3dscene.cpp(790) ...

[trc] 00:00:07.0864:  0xa68 -- Gfx::Model3DScene::EstimateModel3DSceneMemSizeBytes gfx\model3d\model3dscene.cpp(1031) ...

[trc] 00:00:07.0865:  0xa68 -- Gfx::Model3DScene::GetOriginalFileSize gfx\model3d\model3dscene.cpp(755) ...

[trc] 00:00:07.0899:  0xa68 -- Gfx::Model3DScene::FHasEmptyBounds gfx\model3d\model3dscene.cpp(710) ...

[trc] 00:00:07.0901:  0xa68 -- Gfx::Model3DScene::GetBoundingBoxExtents gfx\model3d\model3dscene.cpp(761) ...

[trc] 00:00:07.0904:  0xa68 -- Gfx::Model3DScene::FHasSupportedAnimations gfx\model3d\model3dscene.cpp(1453) ...

[trc] 00:00:07.0907:  0xa68 -- Gfx::Model3DScene::FIsEmbeddedAnimationSupported gfx\model3d\model3dscene.cpp(1466) ...

[trc] 00:00:07.0910:  0xa68 -- Gfx::Model3DScene::GetProjectionBounds gfx\model3d\model3dscene.cpp(720) ...

[trc] 00:00:07.0915:  0xa68 -- Gfx::Model3DScene::FHasSupportedAnimations gfx\model3d\model3dscene.cpp(1453) ...

[trc] 00:00:07.0918:  0xa68 -- Gfx::Model3DScene::FIsEmbeddedAnimationSupported gfx\model3d\model3dscene.cpp(1466) ...

[trc] 00:00:07.0921:  0xa68 -- Gfx::Model3DScene::GetOriginalFileSize gfx\model3d\model3dscene.cpp(755) ...

[trc] 00:00:07.0948:  0xa68 -- Gfx::IModel3DScene::GetUniqueIDFromStream gfx\model3d\model3dscene.cpp(947) ...

[trc] 00:00:07.0951:  0xa68 -- Gfx::IModel3DScene::GetSourceFormatFromString gfx\model3d\model3dscene.cpp(1130) ...

[trc] 00:00:07.0953:  0xa68 -- Gfx::IModel3DScene::Create gfx\model3d\model3dscene.cpp(1148) ...

[trc] 00:00:07.0955:  0xa68 -- Gfx::Model3DScene::FLoadingFinished gfx\model3d\model3dscene.cpp(281) ...

[trc] 00:00:07.0958:  0xa68 -- Gfx::Model3DScene::FHasSupportedAnimations gfx\model3d\model3dscene.cpp(1453) ...

[trc] 00:00:07.0960:  0xa68 -- Gfx::Model3DScene::FIsEmbeddedAnimationSupported gfx\model3d\model3dscene.cpp(1466) ...

[trc] 00:00:07.0970:  0xa68 -- Gfx::Model3DScene::GetBoundingBoxExtents gfx\model3d\model3dscene.cpp(761) ...

[trc] 00:00:07.0978:  0xa68 -- Gfx::Model3DScene::GetEmbeddedAnimationDurationInSecs gfx\model3d\model3dscene.cpp(1509) ...

[trc] 00:00:08.0591:  0xa68 -- Gfx::Model3DScene::FHasEmptyBounds gfx\model3d\model3dscene.cpp(710) ...

[trc] 00:00:08.0593:  0xa68 -- Gfx::Model3DScene::GetBoundingBoxExtents gfx\model3d\model3dscene.cpp(761) ...

[trc] 00:00:08.0596:  0xa68 -- Gfx::IModel3DRenderer::Create gfx\model3d\model3drenderer.cpp(606) ...
    renderMode = RasterizeE2o

[trc] 00:00:08.0601:  0xa68 -- Gfx::Model3DRenderer::Model3DRenderer gfx\model3d\model3drenderer.cpp(472) ...
    this = 0x000001C5C5D80390
    scene = 0x000001C5DDEAFCF0
    renderMode = RasterizeE2o

[trc] 00:00:08.0616:  0xa68 -- Gfx::Model3DScene::FHasSupportedAnimations gfx\model3d\model3dscene.cpp(1453) ...

[trc] 00:00:08.0619:  0xa68 -- Gfx::Model3DScene::FIsEmbeddedAnimationSupported gfx\model3d\model3dscene.cpp(1466) ...

[trc] 00:00:08.0622:  0xa68 -- Gfx::Model3DScene::GetProjectionBounds gfx\model3d\model3dscene.cpp(720) ...

[trc] 00:00:08.0629:  0xa68 -- Gfx::Model3DRenderer::Render gfx\model3d\model3drenderer_win.cpp(173) ...

[trc] 00:00:08.0631:  0xa68 -- Gfx::Model3DRenderer::FHardwareAccelerationDisabled gfx\model3d\Model3D.h(214) ...

[trc] 00:00:08.0640:  0xa68 -- Gfx::Model3DScene::GetBoundingBoxExtents gfx\model3d\model3dscene.cpp(761) ...
    cameraTransform = {
       projection type = Perspective
       position    = [0, 0, 1.58622]
       target      = [0, 0, 0]
       up vector   = [0, 1, 0]
       fov degrees = 45
       near clip   = 0.973138
       far clip    = 2.19931

[trc] 00:00:08.0747:  0xa68 -- Gfx::Model3DRenderer::CreateImage gfx\model3d\model3drenderer.cpp(566) ...

[trc] 00:00:08.0774:  0xa68 -- Gfx::Model3DScene::GetMinRequiredRendererVersion gfx\model3d\model3dscene.cpp(808) ...

[trc] 00:00:08.0794:  0xa68 -- Gfx::Model3DRenderer::~Model3DRenderer gfx\model3d\model3drenderer_win.cpp(74) ...
    this = 0x000001C5C5D80390
    renderMode = RasterizeE2o

[trc] 00:00:08.0801:  0xa68 -- Gfx::Model3DScene::GetRemixId gfx\model3d\model3dscene.cpp(790) ...

[trc] 00:00:08.0803:  0xa68 -- Gfx::Model3DScene::EstimateModel3DSceneMemSizeBytes gfx\model3d\model3dscene.cpp(1031) ...

[trc] 00:00:08.0811:  0xa68 -- Gfx::Model3DScene::GetOriginalFileSize gfx\model3d\model3dscene.cpp(755) ...

[trc] 00:00:08.0841:  0xa68 -- Gfx::Model3DScene::~Model3DScene gfx\model3d\Model3D.h(49) ...
    this = 0x000001C5DDEAFCF0

[trc] 00:00:08.0954:  0xa68 -- Gfx::IModel3DScene::GetUniqueIDFromStream gfx\model3d\model3dscene.cpp(947) ...

[trc] 00:00:08.0958:  0xa68 -- Gfx::IModel3DScene::GetSourceFormatFromString gfx\model3d\model3dscene.cpp(1130) ...

[trc] 00:00:08.0959:  0xa68 -- Gfx::IModel3DScene::Create gfx\model3d\model3dscene.cpp(1148) ...

[trc] 00:00:08.0960:  0xa68 -- Gfx::Model3DScene::Model3DScene gfx\model3d\model3dscene.cpp(226) ...
    this = 0x000001C5CA4BD7F0

[trc] 00:00:08.0961:  0xa68 -- Gfx::Model3DScene::FLoadingFinished gfx\model3d\model3dscene.cpp(281) ...
DEBUG: Encode Base64
DEBUG: ImportMesh
DEBUG: animationGroups.length = 3
DEBUG: onSuccess

--------------------------------------------------------------------------------------------------------------------------------------------------------------------------------

[trc] 00:00:10.0807:  0xa68 -- Gfx::Model3DScene::FHasEmptyBounds gfx\model3d\model3dscene.cpp(710) ...

[trc] 00:00:10.0810:  0xa68 -- Gfx::Model3DScene::GetBoundingBoxExtents gfx\model3d\model3dscene.cpp(761) ...

[trc] 00:00:10.0847:  0xa68 -- Gfx::IModel3DRenderer::Create gfx\model3d\model3drenderer.cpp(606) ...
    renderMode = Play3DAnimation

[trc] 00:00:10.0853:  0xa68 -- Gfx::Model3DRenderer::Model3DRenderer gfx\model3d\model3drenderer.cpp(472) ...
    this = 0x000001C5C5E89A70
    scene = 0x000001C5CA4BD7F0
    renderMode = Play3DAnimation

[trc] 00:00:10.0862:  0xa68 -- Gfx::Model3DRenderer::Render gfx\model3d\model3drenderer_win.cpp(173) ...

[trc] 00:00:10.0864:  0xa68 -- Gfx::Model3DRenderer::FHardwareAccelerationDisabled gfx\model3d\Model3D.h(214) ...

[trc] 00:00:10.0905:  0xa68 -- Gfx::Model3DScene::GetBoundingBoxExtents gfx\model3d\model3dscene.cpp(761) ...
    cameraTransform = {
       projection type = Perspective
       position    = [0, 0, 1.58622]
       target      = [0, 0, 0]
       up vector   = [0, 1, 0]
       fov degrees = 45
       near clip   = 0.973138
       far clip    = 2.19931

[trc] 00:00:10.0982:  0xa68 -- Gfx::Model3DRenderer::GetTexture gfx\model3d\model3drenderer.cpp(538) ...

[trc] 00:00:11.0169:  0xa68 -- Gfx::Model3DScene::FHasEmptyBounds gfx\model3d\model3dscene.cpp(710) ...

[trc] 00:00:11.0171:  0xa68 -- Gfx::Model3DScene::GetBoundingBoxExtents gfx\model3d\model3dscene.cpp(761) ...

[trc] 00:00:11.0173:  0xa68 -- Gfx::IModel3DRenderer::Create gfx\model3d\model3drenderer.cpp(606) ...
    renderMode = GalleryThumbnail

[trc] 00:00:11.0178:  0xa68 -- Gfx::Model3DRenderer::Model3DRenderer gfx\model3d\model3drenderer.cpp(472) ...
    this = 0x000001C5DE064AF0
    scene = 0x000001C5CA4BD7F0
    renderMode = GalleryThumbnail

[trc] 00:00:11.0185:  0xa68 -- Gfx::Model3DScene::GetBoundingBoxExtents gfx\model3d\model3dscene.cpp(761) ...

[trc] 00:00:11.0188:  0xa68 -- Gfx::Model3DRenderer::Render gfx\model3d\model3drenderer_win.cpp(173) ...

[trc] 00:00:11.0190:  0xa68 -- Gfx::Model3DRenderer::FHardwareAccelerationDisabled gfx\model3d\Model3D.h(214) ...

[trc] 00:00:11.0206:  0xa68 -- Gfx::Model3DScene::GetBoundingBoxExtents gfx\model3d\model3dscene.cpp(761) ...
    cameraTransform = {
       projection type = Perspective
       position    = [0, 0, 1.58622]
       target      = [0, 0, 0]
       up vector   = [0, 1, 0]
       fov degrees = 45
       near clip   = 0.973138
       far clip    = 2.19931

[trc] 00:00:11.0233:  0xa68 -- Gfx::Model3DRenderer::CreateImage gfx\model3d\model3drenderer.cpp(566) ...

[trc] 00:00:11.0243:  0xa68 -- Gfx::Model3DRenderer::~Model3DRenderer gfx\model3d\model3drenderer_win.cpp(74) ...
    this = 0x000001C5DE064AF0
    renderMode = GalleryThumbnail

[trc] 00:00:11.0250:  0xa68 -- Gfx::Model3DScene::GetRemixId gfx\model3d\model3dscene.cpp(790) ...

[trc] 00:00:11.0252:  0xa68 -- Gfx::Model3DScene::EstimateModel3DSceneMemSizeBytes gfx\model3d\model3dscene.cpp(1031) ...

[trc] 00:00:11.0254:  0xa68 -- Gfx::Model3DScene::GetOriginalFileSize gfx\model3d\model3dscene.cpp(755) ...

[trc] 00:00:11.0327:  0xa68 -- Gfx::Model3DScene::FHasEmptyBounds gfx\model3d\model3dscene.cpp(710) ...

[trc] 00:00:11.0329:  0xa68 -- Gfx::Model3DScene::GetBoundingBoxExtents gfx\model3d\model3dscene.cpp(761) ...

[trc] 00:00:11.0331:  0xa68 -- Gfx::IModel3DRenderer::Create gfx\model3d\model3drenderer.cpp(606) ...
    renderMode = GalleryThumbnail

[trc] 00:00:11.0337:  0xa68 -- Gfx::Model3DRenderer::Model3DRenderer gfx\model3d\model3drenderer.cpp(472) ...
    this = 0x000001C5DE1053C0
    scene = 0x000001C5CA4BD7F0
    renderMode = GalleryThumbnail

[trc] 00:00:11.0346:  0xa68 -- Gfx::Model3DScene::GetBoundingBoxExtents gfx\model3d\model3dscene.cpp(761) ...

[trc] 00:00:11.0349:  0xa68 -- Gfx::Model3DRenderer::Render gfx\model3d\model3drenderer_win.cpp(173) ...

[trc] 00:00:11.0351:  0xa68 -- Gfx::Model3DRenderer::FHardwareAccelerationDisabled gfx\model3d\Model3D.h(214) ...

[trc] 00:00:11.0362:  0xa68 -- Gfx::Model3DScene::GetBoundingBoxExtents gfx\model3d\model3dscene.cpp(761) ...
    cameraTransform = {
       projection type = Perspective
       position    = [0, 0, 1.58622]
       target      = [0, 0, 0]
       up vector   = [0, 1, 0]
       fov degrees = 45
       near clip   = 0.973138
       far clip    = 2.19931

[trc] 00:00:11.0423:  0xa68 -- Gfx::Model3DRenderer::CreateImage gfx\model3d\model3drenderer.cpp(566) ...

[trc] 00:00:11.0426:  0xa68 -- Gfx::Model3DRenderer::~Model3DRenderer gfx\model3d\model3drenderer_win.cpp(74) ...
    this = 0x000001C5DE1053C0
    renderMode = GalleryThumbnail

[trc] 00:00:11.0437:  0xa68 -- Gfx::Model3DScene::FHasEmptyBounds gfx\model3d\model3dscene.cpp(710) ...

[trc] 00:00:11.0440:  0xa68 -- Gfx::Model3DScene::GetBoundingBoxExtents gfx\model3d\model3dscene.cpp(761) ...

[trc] 00:00:11.0442:  0xa68 -- Gfx::IModel3DRenderer::Create gfx\model3d\model3drenderer.cpp(606) ...
    renderMode = GalleryThumbnail

[trc] 00:00:11.0447:  0xa68 -- Gfx::Model3DRenderer::Model3DRenderer gfx\model3d\model3drenderer.cpp(472) ...
    this = 0x000001C5DE104D30
    scene = 0x000001C5CA4BD7F0
    renderMode = GalleryThumbnail

[trc] 00:00:11.0456:  0xa68 -- Gfx::Model3DScene::GetBoundingBoxExtents gfx\model3d\model3dscene.cpp(761) ...

[trc] 00:00:11.0459:  0xa68 -- Gfx::Model3DRenderer::Render gfx\model3d\model3drenderer_win.cpp(173) ...

[trc] 00:00:11.0462:  0xa68 -- Gfx::Model3DRenderer::FHardwareAccelerationDisabled gfx\model3d\Model3D.h(214) ...

[trc] 00:00:11.0469:  0xa68 -- Gfx::Model3DScene::GetBoundingBoxExtents gfx\model3d\model3dscene.cpp(761) ...
    cameraTransform = {
       projection type = Perspective
       position    = [0, 0, 1.58622]
       target      = [0, 0, 0]
       up vector   = [0, 1, 0]
       fov degrees = 45
       near clip   = 0.973141
       far clip    = 2.19931

[trc] 00:00:11.0531:  0xa68 -- Gfx::Model3DRenderer::CreateImage gfx\model3d\model3drenderer.cpp(566) ...

[trc] 00:00:11.0534:  0xa68 -- Gfx::Model3DRenderer::~Model3DRenderer gfx\model3d\model3drenderer_win.cpp(74) ...
    this = 0x000001C5DE104D30
    renderMode = GalleryThumbnail

[trc] 00:00:11.0555:  0xa68 -- Gfx::Model3DScene::FHasEmptyBounds gfx\model3d\model3dscene.cpp(710) ...

[trc] 00:00:11.0557:  0xa68 -- Gfx::Model3DScene::GetBoundingBoxExtents gfx\model3d\model3dscene.cpp(761) ...

[trc] 00:00:11.0559:  0xa68 -- Gfx::IModel3DRenderer::Create gfx\model3d\model3drenderer.cpp(606) ...
    renderMode = GalleryThumbnail

[trc] 00:00:11.0565:  0xa68 -- Gfx::Model3DRenderer::Model3DRenderer gfx\model3d\model3drenderer.cpp(472) ...
    this = 0x000001C5DE104D30
    scene = 0x000001C5CA4BD7F0
    renderMode = GalleryThumbnail

[trc] 00:00:11.0574:  0xa68 -- Gfx::Model3DScene::GetBoundingBoxExtents gfx\model3d\model3dscene.cpp(761) ...

[trc] 00:00:11.0577:  0xa68 -- Gfx::Model3DRenderer::Render gfx\model3d\model3drenderer_win.cpp(173) ...

[trc] 00:00:11.0580:  0xa68 -- Gfx::Model3DRenderer::FHardwareAccelerationDisabled gfx\model3d\Model3D.h(214) ...

[trc] 00:00:11.0587:  0xa68 -- Gfx::Model3DScene::GetBoundingBoxExtents gfx\model3d\model3dscene.cpp(761) ...
    cameraTransform = {
       projection type = Perspective
       position    = [0, 0, 1.58622]
       target      = [0, 0, 0]
       up vector   = [0, 1, 0]
       fov degrees = 45
       near clip   = 0.973139
       far clip    = 2.19931

[trc] 00:00:11.0636:  0xa68 -- Gfx::Model3DRenderer::CreateImage gfx\model3d\model3drenderer.cpp(566) ...

[trc] 00:00:11.0639:  0xa68 -- Gfx::Model3DRenderer::~Model3DRenderer gfx\model3d\model3drenderer_win.cpp(74) ...
    this = 0x000001C5DE104D30
    renderMode = GalleryThumbnail
ReactNative ['AugLoop'] (warning): 'Require cycle: ..\..\..\node_modules\@ms\oteljs\dist-cjs\index.js -> ..\..\..\node_modules\@ms\oteljs\dist-cjs\EventFlagFiller.js -> ..\..\..\node_modules\@ms\oteljs\dist-cjs\index.js

Require cycles are allowed, but can result in uninitialized values. Consider refactoring to remove the need for a cycle.'
ReactNative ['AugLoop'] (warning): 'Require cycle: ..\..\..\node_modules\@ms\oteljs\dist-cjs\index.js -> ..\..\..\node_modules\@ms\oteljs\dist-cjs\SimpleTelemetryLogger.js -> ..\..\..\node_modules\@ms\oteljs\dist-cjs\index.js

Require cycles are allowed, but can result in uninitialized values. Consider refactoring to remove the need for a cycle.'
ReactNative ['AugLoop'] (warning): '`new NativeEventEmitter()` was called with a non-null argument without the required `addListener` method.'
ReactNative ['AugLoop'] (warning): '`new NativeEventEmitter()` was called with a non-null argument without the required `removeListeners` method.'

--------------------------------------------------------------------------------------------------------------------------------------------------------------------------------

[trc] 00:00:20.0221:  0xa68 -- Gfx::Model3DScene::FHasEmptyBounds gfx\model3d\model3dscene.cpp(710) ...

[trc] 00:00:20.0223:  0xa68 -- Gfx::Model3DScene::GetBoundingBoxExtents gfx\model3d\model3dscene.cpp(761) ...

[trc] 00:00:20.0232:  0xa68 -- Gfx::Model3DScene::FHasEmptyBounds gfx\model3d\model3dscene.cpp(710) ...

[trc] 00:00:20.0234:  0xa68 -- Gfx::Model3DScene::GetBoundingBoxExtents gfx\model3d\model3dscene.cpp(761) ...

[trc] 00:00:20.0236:  0xa68 -- Gfx::IModel3DRenderer::Create gfx\model3d\model3drenderer.cpp(606) ...
    renderMode = EditRotate

[trc] 00:00:20.0241:  0xa68 -- Gfx::Model3DRenderer::Model3DRenderer gfx\model3d\model3drenderer.cpp(472) ...
    this = 0x000001C5C7806840
    scene = 0x000001C5CA4BD7F0
    renderMode = EditRotate

[trc] 00:00:20.0249:  0xa68 -- Gfx::Model3DRenderer::Render gfx\model3d\model3drenderer_win.cpp(173) ...

[trc] 00:00:20.0251:  0xa68 -- Gfx::Model3DRenderer::FHardwareAccelerationDisabled gfx\model3d\Model3D.h(214) ...

[trc] 00:00:20.0259:  0xa68 -- Gfx::Model3DScene::GetBoundingBoxExtents gfx\model3d\model3dscene.cpp(761) ...
    cameraTransform = {
       projection type = Perspective
       position    = [0, 0, 1.58622]
       target      = [0, 0, 0]
       up vector   = [0, 1, 0]
       fov degrees = 45
       near clip   = 0.973138
       far clip    = 2.19931

[trc] 00:00:20.0292:  0xa68 -- Gfx::Model3DRenderer::GetTexture gfx\model3d\model3drenderer.cpp(538) ...

[trc] 00:00:20.0308:  0xa68 -- Gfx::Model3DRenderer::SetRenderMode gfx\model3d\model3drenderer.cpp(481) ...
    renderMode = EditRotate

[trc] 00:00:20.0321:  0xa68 -- Gfx::Model3DRenderer::SetRenderMode gfx\model3d\model3drenderer.cpp(481) ...
    renderMode = EditRotate

[trc] 00:00:20.0368:  0xa68 -- Gfx::Model3DRenderer::SetRenderMode gfx\model3d\model3drenderer.cpp(481) ...
    renderMode = EditRotate

[trc] 00:00:20.0400:  0xa68 -- Gfx::Model3DRenderer::SetRenderMode gfx\model3d\model3drenderer.cpp(481) ...
    renderMode = EditRotate

[trc] 00:00:20.0431:  0xa68 -- Gfx::Model3DRenderer::SetRenderMode gfx\model3d\model3drenderer.cpp(481) ...
    renderMode = EditRotate

[trc] 00:00:20.0463:  0xa68 -- Gfx::Model3DRenderer::SetRenderMode gfx\model3d\model3drenderer.cpp(481) ...
    renderMode = EditRotate

[trc] 00:00:20.0494:  0xa68 -- Gfx::Model3DRenderer::SetRenderMode gfx\model3d\model3drenderer.cpp(481) ...
    renderMode = EditRotate

[trc] 00:00:20.0526:  0xa68 -- Gfx::Model3DRenderer::SetRenderMode gfx\model3d\model3drenderer.cpp(481) ...
    renderMode = EditRotate

[trc] 00:00:20.0558:  0xa68 -- Gfx::Model3DRenderer::SetRenderMode gfx\model3d\model3drenderer.cpp(481) ...
    renderMode = EditRotate

[trc] 00:00:20.0589:  0xa68 -- Gfx::Model3DRenderer::SetRenderMode gfx\model3d\model3drenderer.cpp(481) ...
    renderMode = EditRotate

[trc] 00:00:20.0620:  0xa68 -- Gfx::Model3DRenderer::SetRenderMode gfx\model3d\model3drenderer.cpp(481) ...
    renderMode = EditRotate

[trc] 00:00:20.0650:  0xa68 -- Gfx::Model3DRenderer::SetRenderMode gfx\model3d\model3drenderer.cpp(481) ...
    renderMode = EditRotate

[trc] 00:00:20.0682:  0xa68 -- Gfx::Model3DRenderer::SetRenderMode gfx\model3d\model3drenderer.cpp(481) ...
    renderMode = EditRotate

[trc] 00:00:20.0713:  0xa68 -- Gfx::Model3DRenderer::SetRenderMode gfx\model3d\model3drenderer.cpp(481) ...
    renderMode = EditRotate

[trc] 00:00:20.0745:  0xa68 -- Gfx::Model3DRenderer::SetRenderMode gfx\model3d\model3drenderer.cpp(481) ...
    renderMode = EditRotate

[trc] 00:00:20.0776:  0xa68 -- Gfx::Model3DRenderer::SetRenderMode gfx\model3d\model3drenderer.cpp(481) ...
    renderMode = EditRotate

[trc] 00:00:20.0808:  0xa68 -- Gfx::Model3DRenderer::SetRenderMode gfx\model3d\model3drenderer.cpp(481) ...
    renderMode = EditRotate

[trc] 00:00:20.0839:  0xa68 -- Gfx::Model3DRenderer::SetRenderMode gfx\model3d\model3drenderer.cpp(481) ...
    renderMode = EditRotate

[trc] 00:00:20.0871:  0xa68 -- Gfx::Model3DRenderer::SetRenderMode gfx\model3d\model3drenderer.cpp(481) ...
    renderMode = EditRotate

[trc] 00:00:20.0902:  0xa68 -- Gfx::Model3DRenderer::SetRenderMode gfx\model3d\model3drenderer.cpp(481) ...
    renderMode = EditRotate

[trc] 00:00:20.0934:  0xa68 -- Gfx::Model3DRenderer::SetRenderMode gfx\model3d\model3drenderer.cpp(481) ...
    renderMode = EditRotate

[trc] 00:00:20.0966:  0xa68 -- Gfx::Model3DRenderer::SetRenderMode gfx\model3d\model3drenderer.cpp(481) ...
    renderMode = EditRotate

[trc] 00:00:20.0998:  0xa68 -- Gfx::Model3DRenderer::SetRenderMode gfx\model3d\model3drenderer.cpp(481) ...
    renderMode = EditRotate

[trc] 00:00:21.0021:  0xa68 -- Gfx::Model3DRenderer::SetRenderMode gfx\model3d\model3drenderer.cpp(481) ...
    renderMode = Unknown

[trc] 00:00:21.0037:  0xa68 -- Gfx::Model3DScene::GetBoundingBoxExtents gfx\model3d\model3dscene.cpp(761) ...

[trc] 00:00:21.0044:  0xa68 -- Gfx::Model3DScene::FHasEmptyBounds gfx\model3d\model3dscene.cpp(710) ...

[trc] 00:00:21.0046:  0xa68 -- Gfx::Model3DScene::GetBoundingBoxExtents gfx\model3d\model3dscene.cpp(761) ...

[trc] 00:00:21.0049:  0xa68 -- Gfx::Model3DScene::GetBoundingBoxExtents gfx\model3d\model3dscene.cpp(761) ...

[trc] 00:00:21.0051:  0xa68 -- Gfx::Model3DScene::FHasSupportedAnimations gfx\model3d\model3dscene.cpp(1453) ...

[trc] 00:00:21.0054:  0xa68 -- Gfx::Model3DScene::FIsEmbeddedAnimationSupported gfx\model3d\model3dscene.cpp(1466) ...

[trc] 00:00:21.0059:  0xa68 -- Gfx::Model3DScene::FHasEmptyBounds gfx\model3d\model3dscene.cpp(710) ...

[trc] 00:00:21.0061:  0xa68 -- Gfx::Model3DScene::GetBoundingBoxExtents gfx\model3d\model3dscene.cpp(761) ...

[trc] 00:00:21.0064:  0xa68 -- Gfx::Model3DScene::FHasSupportedAnimations gfx\model3d\model3dscene.cpp(1453) ...

[trc] 00:00:21.0067:  0xa68 -- Gfx::Model3DScene::FIsEmbeddedAnimationSupported gfx\model3d\model3dscene.cpp(1466) ...

[trc] 00:00:21.0073:  0xa68 -- Gfx::Model3DScene::FHasSupportedAnimations gfx\model3d\model3dscene.cpp(1453) ...

[trc] 00:00:21.0075:  0xa68 -- Gfx::Model3DScene::FIsEmbeddedAnimationSupported gfx\model3d\model3dscene.cpp(1466) ...

[trc] 00:00:21.0090:  0xa68 -- Gfx::Model3DScene::FHasEmptyBounds gfx\model3d\model3dscene.cpp(710) ...

[trc] 00:00:21.0093:  0xa68 -- Gfx::Model3DScene::GetBoundingBoxExtents gfx\model3d\model3dscene.cpp(761) ...

[trc] 00:00:21.0095:  0xa68 -- Gfx::IModel3DRenderer::Create gfx\model3d\model3drenderer.cpp(606) ...
    renderMode = RasterizeE2o

[trc] 00:00:21.0101:  0xa68 -- Gfx::Model3DRenderer::Model3DRenderer gfx\model3d\model3drenderer.cpp(472) ...
    this = 0x000001C5CC55EAB0
    scene = 0x000001C5CA4BD7F0
    renderMode = RasterizeE2o

[trc] 00:00:21.0109:  0xa68 -- Gfx::Model3DRenderer::Render gfx\model3d\model3drenderer_win.cpp(173) ...

[trc] 00:00:21.0112:  0xa68 -- Gfx::Model3DRenderer::FHardwareAccelerationDisabled gfx\model3d\Model3D.h(214) ...

[trc] 00:00:21.0133:  0xa68 -- Gfx::Model3DScene::GetBoundingBoxExtents gfx\model3d\model3dscene.cpp(761) ...
    cameraTransform = {
       projection type = Perspective
       position    = [0, 0, 1.58622]
       target      = [0, 0, 0]
       up vector   = [0, 1, 0]
       fov degrees = 45
       near clip   = 0.973138
       far clip    = 2.19931

[trc] 00:00:21.0158:  0xa68 -- Gfx::Model3DRenderer::CreateImage gfx\model3d\model3drenderer.cpp(566) ...

[trc] 00:00:21.0162:  0xa68 -- Gfx::Model3DScene::GetMinRequiredRendererVersion gfx\model3d\model3dscene.cpp(808) ...

[trc] 00:00:21.0181:  0xa68 -- Gfx::Model3DRenderer::~Model3DRenderer gfx\model3d\model3drenderer_win.cpp(74) ...
    this = 0x000001C5CC55EAB0
    renderMode = RasterizeE2o

[trc] 00:00:21.0188:  0xa68 -- Gfx::Model3DScene::GetRemixId gfx\model3d\model3dscene.cpp(790) ...

[trc] 00:00:21.0190:  0xa68 -- Gfx::Model3DScene::EstimateModel3DSceneMemSizeBytes gfx\model3d\model3dscene.cpp(1031) ...

[trc] 00:00:21.0193:  0xa68 -- Gfx::Model3DScene::GetOriginalFileSize gfx\model3d\model3dscene.cpp(755) ...

[trc] 00:00:21.0230:  0xa68 -- Gfx::Model3DScene::FHasEmptyBounds gfx\model3d\model3dscene.cpp(710) ...

[trc] 00:00:21.0233:  0xa68 -- Gfx::Model3DScene::GetBoundingBoxExtents gfx\model3d\model3dscene.cpp(761) ...

[trc] 00:00:21.0238:  0x452c -- Gfx::Model3DRenderer::Render gfx\model3d\model3drenderer_win.cpp(173) ...

[trc] 00:00:21.0240:  0x452c -- Gfx::Model3DRenderer::GetTexture gfx\model3d\model3drenderer.cpp(538) ...

[trc] 00:00:21.0258:  0xa68 -- Gfx::Model3DRenderer::FHardwareAccelerationDisabled gfx\model3d\Model3D.h(214) ...

[trc] 00:00:21.0261:  0xa68 -- Gfx::Model3DScene::GetBoundingBoxExtents gfx\model3d\model3dscene.cpp(761) ...
    cameraTransform = {
       projection type = Perspective
       position    = [0, 0, 1.58622]
       target      = [0, 0, 0]
       up vector   = [0, 1, 0]
       fov degrees = 45
       near clip   = 0.973138
       far clip    = 2.19931
